#
# There is insufficient memory for the Java Runtime Environment to continue.
# Native memory allocation (mmap) failed to map 65536 bytes for Failed to commit metaspace.
# Possible reasons:
#   The system is out of physical RAM or swap space
#   The process is running with CompressedOops enabled, and the Java Heap may be blocking the growth of the native heap
# Possible solutions:
#   Reduce memory load on the system
#   Increase physical memory or swap space
#   Check if swap backing store is full
#   Decrease Java heap size (-Xmx/-Xms)
#   Decrease number of Java threads
#   Decrease Java thread stack sizes (-Xss)
#   Set larger code cache with -XX:ReservedCodeCacheSize=
#   JVM is running with Zero Based Compressed Oops mode in which the Java heap is
#     placed in the first 32GB address space. The Java Heap base address is the
#     maximum limit for the native heap growth. Please use -XX:HeapBaseMinAddress
#     to set the Java Heap base and to place the Java Heap above 32GB virtual address.
# This output file may be truncated or incomplete.
#
#  Out of Memory Error (virtualSpaceNode.cpp:110), pid=10896, tid=5864
#
# JRE version: OpenJDK Runtime Environment (17.0.6) (build 17.0.6+0-b2043.56-9586694)
# Java VM: OpenJDK 64-Bit Server VM (17.0.6+0-b2043.56-9586694, mixed mode, tiered, compressed oops, compressed class ptrs, g1 gc, windows-amd64)
# No core dump will be written. Minidumps are not enabled by default on client versions of Windows
#

---------------  S U M M A R Y ------------

Command Line: org.jetbrains.kotlin.cli.jvm.K2JVMCompiler @D:\KLDA\testMovie\app\build\20231011_3584778814847925313.compiler.options

Host: 11th Gen Intel(R) Core(TM) i7-1195G7 @ 2.90GHz, 8 cores, 15G,  Windows 11 , 64 bit Build 22621 (10.0.22621.2215)
Time: Wed Oct 11 19:06:15 2023 SE Asia Standard Time elapsed time: 0.182871 seconds (0d 0h 0m 0s)

---------------  T H R E A D  ---------------

Current thread (0x0000028752f7a540):  JavaThread "main" [_thread_in_vm, id=5864, stack(0x000000fb87200000,0x000000fb87300000)]

Stack: [0x000000fb87200000,0x000000fb87300000]
Native frames: (J=compiled Java code, j=interpreted, Vv=VM code, C=native code)
V  [jvm.dll+0x683b4a]
V  [jvm.dll+0x842654]
V  [jvm.dll+0x843dfe]
V  [jvm.dll+0x844463]
V  [jvm.dll+0x249b75]
V  [jvm.dll+0x83e6ab]
V  [jvm.dll+0x627fa6]
V  [jvm.dll+0x1c194e]
V  [jvm.dll+0x62a8e1]
V  [jvm.dll+0x628946]
V  [jvm.dll+0x23db6f]
V  [jvm.dll+0x632735]
V  [jvm.dll+0x1eda2b]
V  [jvm.dll+0x1edf65]
V  [jvm.dll+0x1ee884]
V  [jvm.dll+0x1e3dcc]
V  [jvm.dll+0x547f8d]
V  [jvm.dll+0x7bd285]
V  [jvm.dll+0x7bd39e]
V  [jvm.dll+0x4117ca]
V  [jvm.dll+0x417949]
C  [java.dll+0x17ec]

Java frames: (J=compiled Java code, j=interpreted, Vv=VM code)
j  java.lang.ClassLoader.defineClass1(Ljava/lang/ClassLoader;Ljava/lang/String;[BIILjava/security/ProtectionDomain;Ljava/lang/String;)Ljava/lang/Class;+0 java.base@17.0.6
j  java.lang.ClassLoader.defineClass(Ljava/lang/String;[BIILjava/security/ProtectionDomain;)Ljava/lang/Class;+27 java.base@17.0.6
j  java.security.SecureClassLoader.defineClass(Ljava/lang/String;[BIILjava/security/CodeSource;)Ljava/lang/Class;+12 java.base@17.0.6
j  jdk.internal.loader.BuiltinClassLoader.defineClass(Ljava/lang/String;Ljdk/internal/loader/Resource;)Ljava/lang/Class;+117 java.base@17.0.6
j  jdk.internal.loader.BuiltinClassLoader.findClassOnClassPathOrNull(Ljava/lang/String;)Ljava/lang/Class;+37 java.base@17.0.6
J 215 c1 jdk.internal.loader.BuiltinClassLoader.loadClassOrNull(Ljava/lang/String;Z)Ljava/lang/Class; java.base@17.0.6 (143 bytes) @ 0x000002875648a954 [0x0000028756489a40+0x0000000000000f14]
j  jdk.internal.loader.BuiltinClassLoader.loadClass(Ljava/lang/String;Z)Ljava/lang/Class;+3 java.base@17.0.6
j  jdk.internal.loader.ClassLoaders$AppClassLoader.loadClass(Ljava/lang/String;Z)Ljava/lang/Class;+36 java.base@17.0.6
j  java.lang.ClassLoader.loadClass(Ljava/lang/String;)Ljava/lang/Class;+3 java.base@17.0.6
v  ~StubRoutines::call_stub
j  java.lang.ClassLoader.defineClass1(Ljava/lang/ClassLoader;Ljava/lang/String;[BIILjava/security/ProtectionDomain;Ljava/lang/String;)Ljava/lang/Class;+0 java.base@17.0.6
j  java.lang.ClassLoader.defineClass(Ljava/lang/String;[BIILjava/security/ProtectionDomain;)Ljava/lang/Class;+27 java.base@17.0.6
j  java.security.SecureClassLoader.defineClass(Ljava/lang/String;[BIILjava/security/CodeSource;)Ljava/lang/Class;+12 java.base@17.0.6
j  jdk.internal.loader.BuiltinClassLoader.defineClass(Ljava/lang/String;Ljdk/internal/loader/Resource;)Ljava/lang/Class;+117 java.base@17.0.6
j  jdk.internal.loader.BuiltinClassLoader.findClassOnClassPathOrNull(Ljava/lang/String;)Ljava/lang/Class;+37 java.base@17.0.6
J 215 c1 jdk.internal.loader.BuiltinClassLoader.loadClassOrNull(Ljava/lang/String;Z)Ljava/lang/Class; java.base@17.0.6 (143 bytes) @ 0x000002875648a954 [0x0000028756489a40+0x0000000000000f14]
j  jdk.internal.loader.BuiltinClassLoader.loadClass(Ljava/lang/String;Z)Ljava/lang/Class;+3 java.base@17.0.6
j  jdk.internal.loader.ClassLoaders$AppClassLoader.loadClass(Ljava/lang/String;Z)Ljava/lang/Class;+36 java.base@17.0.6
j  java.lang.ClassLoader.loadClass(Ljava/lang/String;)Ljava/lang/Class;+3 java.base@17.0.6
v  ~StubRoutines::call_stub
j  org.jetbrains.kotlin.cli.common.CLITool.exec(Ljava/io/PrintStream;Lorg/jetbrains/kotlin/config/Services;Lorg/jetbrains/kotlin/cli/common/messages/MessageRenderer;[Ljava/lang/String;)Lorg/jetbrains/kotlin/cli/common/ExitCode;+33
j  org.jetbrains.kotlin.cli.common.CLITool.exec(Ljava/io/PrintStream;Lorg/jetbrains/kotlin/cli/common/messages/MessageRenderer;[Ljava/lang/String;)Lorg/jetbrains/kotlin/cli/common/ExitCode;+25
j  org.jetbrains.kotlin.cli.common.CLITool$Companion.doMainNoExit(Lorg/jetbrains/kotlin/cli/common/CLITool;[Ljava/lang/String;Lorg/jetbrains/kotlin/cli/common/messages/MessageRenderer;)Lorg/jetbrains/kotlin/cli/common/ExitCode;+39
j  org.jetbrains.kotlin.cli.common.CLITool$Companion.doMainNoExit$default(Lorg/jetbrains/kotlin/cli/common/CLITool$Companion;Lorg/jetbrains/kotlin/cli/common/CLITool;[Ljava/lang/String;Lorg/jetbrains/kotlin/cli/common/messages/MessageRenderer;ILjava/lang/Object;)Lorg/jetbrains/kotlin/cli/common/ExitCode;+16
j  org.jetbrains.kotlin.cli.common.CLITool$Companion.doMain(Lorg/jetbrains/kotlin/cli/common/CLITool;[Ljava/lang/String;)V+57
j  org.jetbrains.kotlin.cli.jvm.K2JVMCompiler$Companion.main([Ljava/lang/String;)V+20
j  org.jetbrains.kotlin.cli.jvm.K2JVMCompiler.main([Ljava/lang/String;)V+4
v  ~StubRoutines::call_stub

---------------  P R O C E S S  ---------------

Threads class SMR info:
_java_thread_list=0x0000028750d26580, length=13, elements={
0x0000028752f7a540, 0x0000028772042ef0, 0x0000028772045ab0, 0x000002877208fa20,
0x00000287720905d0, 0x0000028772094fa0, 0x0000028772095f60, 0x0000028772097300,
0x00000287720b2540, 0x00000287720be440, 0x000002877221b230, 0x00000287722331b0,
0x0000028772265800
}

Java Threads: ( => current thread )
=>0x0000028752f7a540 JavaThread "main" [_thread_in_vm, id=5864, stack(0x000000fb87200000,0x000000fb87300000)]
  0x0000028772042ef0 JavaThread "Reference Handler" daemon [_thread_blocked, id=15120, stack(0x000000fb87900000,0x000000fb87a00000)]
  0x0000028772045ab0 JavaThread "Finalizer" daemon [_thread_blocked, id=6960, stack(0x000000fb87a00000,0x000000fb87b00000)]
  0x000002877208fa20 JavaThread "Signal Dispatcher" daemon [_thread_blocked, id=17988, stack(0x000000fb87b00000,0x000000fb87c00000)]
  0x00000287720905d0 JavaThread "Attach Listener" daemon [_thread_blocked, id=8076, stack(0x000000fb87c00000,0x000000fb87d00000)]
  0x0000028772094fa0 JavaThread "Service Thread" daemon [_thread_blocked, id=9252, stack(0x000000fb87d00000,0x000000fb87e00000)]
  0x0000028772095f60 JavaThread "Monitor Deflation Thread" daemon [_thread_blocked, id=4664, stack(0x000000fb87e00000,0x000000fb87f00000)]
  0x0000028772097300 JavaThread "C2 CompilerThread0" daemon [_thread_blocked, id=16972, stack(0x000000fb87f00000,0x000000fb88000000)]
  0x00000287720b2540 JavaThread "C1 CompilerThread0" daemon [_thread_blocked, id=18316, stack(0x000000fb88000000,0x000000fb88100000)]
  0x00000287720be440 JavaThread "Sweeper thread" daemon [_thread_blocked, id=13316, stack(0x000000fb88100000,0x000000fb88200000)]
  0x000002877221b230 JavaThread "Notification Thread" daemon [_thread_blocked, id=19136, stack(0x000000fb88200000,0x000000fb88300000)]
  0x00000287722331b0 JavaThread "Common-Cleaner" daemon [_thread_blocked, id=7524, stack(0x000000fb88400000,0x000000fb88500000)]
  0x0000028772265800 JavaThread "C2 CompilerThread1" daemon [_thread_blocked, id=936, stack(0x000000fb88500000,0x000000fb88600000)]

Other Threads:
  0x000002877203e010 VMThread "VM Thread" [stack: 0x000000fb87800000,0x000000fb87900000] [id=300]
  0x000002875300b160 WatcherThread [stack: 0x000000fb88300000,0x000000fb88400000] [id=16712]
  0x0000028752fe6b90 GCTaskThread "GC Thread#0" [stack: 0x000000fb87300000,0x000000fb87400000] [id=10388]
  0x0000028752ff7620 ConcurrentGCThread "G1 Main Marker" [stack: 0x000000fb87400000,0x000000fb87500000] [id=14752]
  0x0000028752ff87d0 ConcurrentGCThread "G1 Conc#0" [stack: 0x000000fb87500000,0x000000fb87600000] [id=5496]
  0x000002875303d8e0 ConcurrentGCThread "G1 Refine#0" [stack: 0x000000fb87600000,0x000000fb87700000] [id=17776]
  0x000002875303e300 ConcurrentGCThread "G1 Service" [stack: 0x000000fb87700000,0x000000fb87800000] [id=15236]

Threads with active compile tasks:

VM state: not at safepoint (normal execution)

VM Mutex/Monitor currently owned by a thread:  ([mutex/lock_event])
[0x0000028752f766a0] Metaspace_lock - owner thread: 0x0000028752f7a540

Heap address: 0x0000000704a00000, size: 4022 MB, Compressed Oops mode: Zero based, Oop shift amount: 3

CDS archive(s) not mapped
Compressed class space mapped at: 0x0000000800000000-0x0000000840000000, reserved size: 1073741824
Narrow klass base: 0x0000000800000000, Narrow klass shift: 0, Narrow klass range: 0x40000000

GC Precious Log:
 CPUs: 8 total, 8 available
 Memory: 16086M
 Large Page Support: Disabled
 NUMA Support: Disabled
 Compressed Oops: Enabled (Zero based)
 Heap Region Size: 2M
 Heap Min Capacity: 8M
 Heap Initial Capacity: 252M
 Heap Max Capacity: 4022M
 Pre-touch: Disabled
 Parallel Workers: 8
 Concurrent Workers: 2
 Concurrent Refinement Workers: 8
 Periodic GC: Disabled

Heap:
 garbage-first heap   total 258048K, used 10240K [0x0000000704a00000, 0x0000000800000000)
  region size 2048K, 5 young (10240K), 0 survivors (0K)
 Metaspace       used 7775K, committed 7936K, reserved 1056768K
  class space    used 652K, committed 768K, reserved 1048576K

Heap Regions: E=young(eden), S=young(survivor), O=old, HS=humongous(starts), HC=humongous(continues), CS=collection set, F=free, OA=open archive, CA=closed archive, TAMS=top-at-mark-start (previous, next)
|   0|0x0000000704a00000, 0x0000000704c00000, 0x0000000704c00000|100%|HS|  |TAMS 0x0000000704a00000, 0x0000000704a00000| Complete 
|   1|0x0000000704c00000, 0x0000000704e00000, 0x0000000704e00000|100%|HC|  |TAMS 0x0000000704c00000, 0x0000000704c00000| Complete 
|   2|0x0000000704e00000, 0x0000000704e00000, 0x0000000705000000|  0%| F|  |TAMS 0x0000000704e00000, 0x0000000704e00000| Untracked 
|   3|0x0000000705000000, 0x0000000705000000, 0x0000000705200000|  0%| F|  |TAMS 0x0000000705000000, 0x0000000705000000| Untracked 
|   4|0x0000000705200000, 0x0000000705200000, 0x0000000705400000|  0%| F|  |TAMS 0x0000000705200000, 0x0000000705200000| Untracked 
|   5|0x0000000705400000, 0x0000000705400000, 0x0000000705600000|  0%| F|  |TAMS 0x0000000705400000, 0x0000000705400000| Untracked 
|   6|0x0000000705600000, 0x0000000705600000, 0x0000000705800000|  0%| F|  |TAMS 0x0000000705600000, 0x0000000705600000| Untracked 
|   7|0x0000000705800000, 0x0000000705800000, 0x0000000705a00000|  0%| F|  |TAMS 0x0000000705800000, 0x0000000705800000| Untracked 
|   8|0x0000000705a00000, 0x0000000705a00000, 0x0000000705c00000|  0%| F|  |TAMS 0x0000000705a00000, 0x0000000705a00000| Untracked 
|   9|0x0000000705c00000, 0x0000000705c00000, 0x0000000705e00000|  0%| F|  |TAMS 0x0000000705c00000, 0x0000000705c00000| Untracked 
|  10|0x0000000705e00000, 0x0000000705e00000, 0x0000000706000000|  0%| F|  |TAMS 0x0000000705e00000, 0x0000000705e00000| Untracked 
|  11|0x0000000706000000, 0x0000000706000000, 0x0000000706200000|  0%| F|  |TAMS 0x0000000706000000, 0x0000000706000000| Untracked 
|  12|0x0000000706200000, 0x0000000706200000, 0x0000000706400000|  0%| F|  |TAMS 0x0000000706200000, 0x0000000706200000| Untracked 
|  13|0x0000000706400000, 0x0000000706400000, 0x0000000706600000|  0%| F|  |TAMS 0x0000000706400000, 0x0000000706400000| Untracked 
|  14|0x0000000706600000, 0x0000000706600000, 0x0000000706800000|  0%| F|  |TAMS 0x0000000706600000, 0x0000000706600000| Untracked 
|  15|0x0000000706800000, 0x0000000706800000, 0x0000000706a00000|  0%| F|  |TAMS 0x0000000706800000, 0x0000000706800000| Untracked 
|  16|0x0000000706a00000, 0x0000000706a00000, 0x0000000706c00000|  0%| F|  |TAMS 0x0000000706a00000, 0x0000000706a00000| Untracked 
|  17|0x0000000706c00000, 0x0000000706c00000, 0x0000000706e00000|  0%| F|  |TAMS 0x0000000706c00000, 0x0000000706c00000| Untracked 
|  18|0x0000000706e00000, 0x0000000706e00000, 0x0000000707000000|  0%| F|  |TAMS 0x0000000706e00000, 0x0000000706e00000| Untracked 
|  19|0x0000000707000000, 0x0000000707000000, 0x0000000707200000|  0%| F|  |TAMS 0x0000000707000000, 0x0000000707000000| Untracked 
|  20|0x0000000707200000, 0x0000000707200000, 0x0000000707400000|  0%| F|  |TAMS 0x0000000707200000, 0x0000000707200000| Untracked 
|  21|0x0000000707400000, 0x0000000707400000, 0x0000000707600000|  0%| F|  |TAMS 0x0000000707400000, 0x0000000707400000| Untracked 
|  22|0x0000000707600000, 0x0000000707600000, 0x0000000707800000|  0%| F|  |TAMS 0x0000000707600000, 0x0000000707600000| Untracked 
|  23|0x0000000707800000, 0x0000000707800000, 0x0000000707a00000|  0%| F|  |TAMS 0x0000000707800000, 0x0000000707800000| Untracked 
|  24|0x0000000707a00000, 0x0000000707a00000, 0x0000000707c00000|  0%| F|  |TAMS 0x0000000707a00000, 0x0000000707a00000| Untracked 
|  25|0x0000000707c00000, 0x0000000707c00000, 0x0000000707e00000|  0%| F|  |TAMS 0x0000000707c00000, 0x0000000707c00000| Untracked 
|  26|0x0000000707e00000, 0x0000000707e00000, 0x0000000708000000|  0%| F|  |TAMS 0x0000000707e00000, 0x0000000707e00000| Untracked 
|  27|0x0000000708000000, 0x0000000708000000, 0x0000000708200000|  0%| F|  |TAMS 0x0000000708000000, 0x0000000708000000| Untracked 
|  28|0x0000000708200000, 0x0000000708200000, 0x0000000708400000|  0%| F|  |TAMS 0x0000000708200000, 0x0000000708200000| Untracked 
|  29|0x0000000708400000, 0x0000000708400000, 0x0000000708600000|  0%| F|  |TAMS 0x0000000708400000, 0x0000000708400000| Untracked 
|  30|0x0000000708600000, 0x0000000708600000, 0x0000000708800000|  0%| F|  |TAMS 0x0000000708600000, 0x0000000708600000| Untracked 
|  31|0x0000000708800000, 0x0000000708800000, 0x0000000708a00000|  0%| F|  |TAMS 0x0000000708800000, 0x0000000708800000| Untracked 
|  32|0x0000000708a00000, 0x0000000708a00000, 0x0000000708c00000|  0%| F|  |TAMS 0x0000000708a00000, 0x0000000708a00000| Untracked 
|  33|0x0000000708c00000, 0x0000000708c00000, 0x0000000708e00000|  0%| F|  |TAMS 0x0000000708c00000, 0x0000000708c00000| Untracked 
|  34|0x0000000708e00000, 0x0000000708e00000, 0x0000000709000000|  0%| F|  |TAMS 0x0000000708e00000, 0x0000000708e00000| Untracked 
|  35|0x0000000709000000, 0x0000000709000000, 0x0000000709200000|  0%| F|  |TAMS 0x0000000709000000, 0x0000000709000000| Untracked 
|  36|0x0000000709200000, 0x0000000709200000, 0x0000000709400000|  0%| F|  |TAMS 0x0000000709200000, 0x0000000709200000| Untracked 
|  37|0x0000000709400000, 0x0000000709400000, 0x0000000709600000|  0%| F|  |TAMS 0x0000000709400000, 0x0000000709400000| Untracked 
|  38|0x0000000709600000, 0x0000000709600000, 0x0000000709800000|  0%| F|  |TAMS 0x0000000709600000, 0x0000000709600000| Untracked 
|  39|0x0000000709800000, 0x0000000709800000, 0x0000000709a00000|  0%| F|  |TAMS 0x0000000709800000, 0x0000000709800000| Untracked 
|  40|0x0000000709a00000, 0x0000000709a00000, 0x0000000709c00000|  0%| F|  |TAMS 0x0000000709a00000, 0x0000000709a00000| Untracked 
|  41|0x0000000709c00000, 0x0000000709c00000, 0x0000000709e00000|  0%| F|  |TAMS 0x0000000709c00000, 0x0000000709c00000| Untracked 
|  42|0x0000000709e00000, 0x0000000709e00000, 0x000000070a000000|  0%| F|  |TAMS 0x0000000709e00000, 0x0000000709e00000| Untracked 
|  43|0x000000070a000000, 0x000000070a000000, 0x000000070a200000|  0%| F|  |TAMS 0x000000070a000000, 0x000000070a000000| Untracked 
|  44|0x000000070a200000, 0x000000070a200000, 0x000000070a400000|  0%| F|  |TAMS 0x000000070a200000, 0x000000070a200000| Untracked 
|  45|0x000000070a400000, 0x000000070a400000, 0x000000070a600000|  0%| F|  |TAMS 0x000000070a400000, 0x000000070a400000| Untracked 
|  46|0x000000070a600000, 0x000000070a600000, 0x000000070a800000|  0%| F|  |TAMS 0x000000070a600000, 0x000000070a600000| Untracked 
|  47|0x000000070a800000, 0x000000070a800000, 0x000000070aa00000|  0%| F|  |TAMS 0x000000070a800000, 0x000000070a800000| Untracked 
|  48|0x000000070aa00000, 0x000000070aa00000, 0x000000070ac00000|  0%| F|  |TAMS 0x000000070aa00000, 0x000000070aa00000| Untracked 
|  49|0x000000070ac00000, 0x000000070ac00000, 0x000000070ae00000|  0%| F|  |TAMS 0x000000070ac00000, 0x000000070ac00000| Untracked 
|  50|0x000000070ae00000, 0x000000070ae00000, 0x000000070b000000|  0%| F|  |TAMS 0x000000070ae00000, 0x000000070ae00000| Untracked 
|  51|0x000000070b000000, 0x000000070b000000, 0x000000070b200000|  0%| F|  |TAMS 0x000000070b000000, 0x000000070b000000| Untracked 
|  52|0x000000070b200000, 0x000000070b200000, 0x000000070b400000|  0%| F|  |TAMS 0x000000070b200000, 0x000000070b200000| Untracked 
|  53|0x000000070b400000, 0x000000070b400000, 0x000000070b600000|  0%| F|  |TAMS 0x000000070b400000, 0x000000070b400000| Untracked 
|  54|0x000000070b600000, 0x000000070b600000, 0x000000070b800000|  0%| F|  |TAMS 0x000000070b600000, 0x000000070b600000| Untracked 
|  55|0x000000070b800000, 0x000000070b800000, 0x000000070ba00000|  0%| F|  |TAMS 0x000000070b800000, 0x000000070b800000| Untracked 
|  56|0x000000070ba00000, 0x000000070ba00000, 0x000000070bc00000|  0%| F|  |TAMS 0x000000070ba00000, 0x000000070ba00000| Untracked 
|  57|0x000000070bc00000, 0x000000070bc00000, 0x000000070be00000|  0%| F|  |TAMS 0x000000070bc00000, 0x000000070bc00000| Untracked 
|  58|0x000000070be00000, 0x000000070be00000, 0x000000070c000000|  0%| F|  |TAMS 0x000000070be00000, 0x000000070be00000| Untracked 
|  59|0x000000070c000000, 0x000000070c000000, 0x000000070c200000|  0%| F|  |TAMS 0x000000070c000000, 0x000000070c000000| Untracked 
|  60|0x000000070c200000, 0x000000070c200000, 0x000000070c400000|  0%| F|  |TAMS 0x000000070c200000, 0x000000070c200000| Untracked 
|  61|0x000000070c400000, 0x000000070c400000, 0x000000070c600000|  0%| F|  |TAMS 0x000000070c400000, 0x000000070c400000| Untracked 
|  62|0x000000070c600000, 0x000000070c600000, 0x000000070c800000|  0%| F|  |TAMS 0x000000070c600000, 0x000000070c600000| Untracked 
|  63|0x000000070c800000, 0x000000070c800000, 0x000000070ca00000|  0%| F|  |TAMS 0x000000070c800000, 0x000000070c800000| Untracked 
|  64|0x000000070ca00000, 0x000000070ca00000, 0x000000070cc00000|  0%| F|  |TAMS 0x000000070ca00000, 0x000000070ca00000| Untracked 
|  65|0x000000070cc00000, 0x000000070cc00000, 0x000000070ce00000|  0%| F|  |TAMS 0x000000070cc00000, 0x000000070cc00000| Untracked 
|  66|0x000000070ce00000, 0x000000070ce00000, 0x000000070d000000|  0%| F|  |TAMS 0x000000070ce00000, 0x000000070ce00000| Untracked 
|  67|0x000000070d000000, 0x000000070d000000, 0x000000070d200000|  0%| F|  |TAMS 0x000000070d000000, 0x000000070d000000| Untracked 
|  68|0x000000070d200000, 0x000000070d200000, 0x000000070d400000|  0%| F|  |TAMS 0x000000070d200000, 0x000000070d200000| Untracked 
|  69|0x000000070d400000, 0x000000070d400000, 0x000000070d600000|  0%| F|  |TAMS 0x000000070d400000, 0x000000070d400000| Untracked 
|  70|0x000000070d600000, 0x000000070d600000, 0x000000070d800000|  0%| F|  |TAMS 0x000000070d600000, 0x000000070d600000| Untracked 
|  71|0x000000070d800000, 0x000000070d800000, 0x000000070da00000|  0%| F|  |TAMS 0x000000070d800000, 0x000000070d800000| Untracked 
|  72|0x000000070da00000, 0x000000070da00000, 0x000000070dc00000|  0%| F|  |TAMS 0x000000070da00000, 0x000000070da00000| Untracked 
|  73|0x000000070dc00000, 0x000000070dc00000, 0x000000070de00000|  0%| F|  |TAMS 0x000000070dc00000, 0x000000070dc00000| Untracked 
|  74|0x000000070de00000, 0x000000070de00000, 0x000000070e000000|  0%| F|  |TAMS 0x000000070de00000, 0x000000070de00000| Untracked 
|  75|0x000000070e000000, 0x000000070e000000, 0x000000070e200000|  0%| F|  |TAMS 0x000000070e000000, 0x000000070e000000| Untracked 
|  76|0x000000070e200000, 0x000000070e200000, 0x000000070e400000|  0%| F|  |TAMS 0x000000070e200000, 0x000000070e200000| Untracked 
|  77|0x000000070e400000, 0x000000070e400000, 0x000000070e600000|  0%| F|  |TAMS 0x000000070e400000, 0x000000070e400000| Untracked 
|  78|0x000000070e600000, 0x000000070e600000, 0x000000070e800000|  0%| F|  |TAMS 0x000000070e600000, 0x000000070e600000| Untracked 
|  79|0x000000070e800000, 0x000000070e800000, 0x000000070ea00000|  0%| F|  |TAMS 0x000000070e800000, 0x000000070e800000| Untracked 
|  80|0x000000070ea00000, 0x000000070ea00000, 0x000000070ec00000|  0%| F|  |TAMS 0x000000070ea00000, 0x000000070ea00000| Untracked 
|  81|0x000000070ec00000, 0x000000070ec00000, 0x000000070ee00000|  0%| F|  |TAMS 0x000000070ec00000, 0x000000070ec00000| Untracked 
|  82|0x000000070ee00000, 0x000000070ee00000, 0x000000070f000000|  0%| F|  |TAMS 0x000000070ee00000, 0x000000070ee00000| Untracked 
|  83|0x000000070f000000, 0x000000070f000000, 0x000000070f200000|  0%| F|  |TAMS 0x000000070f000000, 0x000000070f000000| Untracked 
|  84|0x000000070f200000, 0x000000070f200000, 0x000000070f400000|  0%| F|  |TAMS 0x000000070f200000, 0x000000070f200000| Untracked 
|  85|0x000000070f400000, 0x000000070f400000, 0x000000070f600000|  0%| F|  |TAMS 0x000000070f400000, 0x000000070f400000| Untracked 
|  86|0x000000070f600000, 0x000000070f600000, 0x000000070f800000|  0%| F|  |TAMS 0x000000070f600000, 0x000000070f600000| Untracked 
|  87|0x000000070f800000, 0x000000070f800000, 0x000000070fa00000|  0%| F|  |TAMS 0x000000070f800000, 0x000000070f800000| Untracked 
|  88|0x000000070fa00000, 0x000000070fa00000, 0x000000070fc00000|  0%| F|  |TAMS 0x000000070fa00000, 0x000000070fa00000| Untracked 
|  89|0x000000070fc00000, 0x000000070fc00000, 0x000000070fe00000|  0%| F|  |TAMS 0x000000070fc00000, 0x000000070fc00000| Untracked 
|  90|0x000000070fe00000, 0x000000070fe00000, 0x0000000710000000|  0%| F|  |TAMS 0x000000070fe00000, 0x000000070fe00000| Untracked 
|  91|0x0000000710000000, 0x0000000710000000, 0x0000000710200000|  0%| F|  |TAMS 0x0000000710000000, 0x0000000710000000| Untracked 
|  92|0x0000000710200000, 0x0000000710200000, 0x0000000710400000|  0%| F|  |TAMS 0x0000000710200000, 0x0000000710200000| Untracked 
|  93|0x0000000710400000, 0x0000000710400000, 0x0000000710600000|  0%| F|  |TAMS 0x0000000710400000, 0x0000000710400000| Untracked 
|  94|0x0000000710600000, 0x0000000710600000, 0x0000000710800000|  0%| F|  |TAMS 0x0000000710600000, 0x0000000710600000| Untracked 
|  95|0x0000000710800000, 0x0000000710800000, 0x0000000710a00000|  0%| F|  |TAMS 0x0000000710800000, 0x0000000710800000| Untracked 
|  96|0x0000000710a00000, 0x0000000710a00000, 0x0000000710c00000|  0%| F|  |TAMS 0x0000000710a00000, 0x0000000710a00000| Untracked 
|  97|0x0000000710c00000, 0x0000000710c00000, 0x0000000710e00000|  0%| F|  |TAMS 0x0000000710c00000, 0x0000000710c00000| Untracked 
|  98|0x0000000710e00000, 0x0000000710e00000, 0x0000000711000000|  0%| F|  |TAMS 0x0000000710e00000, 0x0000000710e00000| Untracked 
|  99|0x0000000711000000, 0x0000000711000000, 0x0000000711200000|  0%| F|  |TAMS 0x0000000711000000, 0x0000000711000000| Untracked 
| 100|0x0000000711200000, 0x0000000711200000, 0x0000000711400000|  0%| F|  |TAMS 0x0000000711200000, 0x0000000711200000| Untracked 
| 101|0x0000000711400000, 0x0000000711400000, 0x0000000711600000|  0%| F|  |TAMS 0x0000000711400000, 0x0000000711400000| Untracked 
| 102|0x0000000711600000, 0x0000000711600000, 0x0000000711800000|  0%| F|  |TAMS 0x0000000711600000, 0x0000000711600000| Untracked 
| 103|0x0000000711800000, 0x0000000711800000, 0x0000000711a00000|  0%| F|  |TAMS 0x0000000711800000, 0x0000000711800000| Untracked 
| 104|0x0000000711a00000, 0x0000000711a00000, 0x0000000711c00000|  0%| F|  |TAMS 0x0000000711a00000, 0x0000000711a00000| Untracked 
| 105|0x0000000711c00000, 0x0000000711c00000, 0x0000000711e00000|  0%| F|  |TAMS 0x0000000711c00000, 0x0000000711c00000| Untracked 
| 106|0x0000000711e00000, 0x0000000711e00000, 0x0000000712000000|  0%| F|  |TAMS 0x0000000711e00000, 0x0000000711e00000| Untracked 
| 107|0x0000000712000000, 0x0000000712000000, 0x0000000712200000|  0%| F|  |TAMS 0x0000000712000000, 0x0000000712000000| Untracked 
| 108|0x0000000712200000, 0x0000000712200000, 0x0000000712400000|  0%| F|  |TAMS 0x0000000712200000, 0x0000000712200000| Untracked 
| 109|0x0000000712400000, 0x0000000712400000, 0x0000000712600000|  0%| F|  |TAMS 0x0000000712400000, 0x0000000712400000| Untracked 
| 110|0x0000000712600000, 0x0000000712600000, 0x0000000712800000|  0%| F|  |TAMS 0x0000000712600000, 0x0000000712600000| Untracked 
| 111|0x0000000712800000, 0x0000000712800000, 0x0000000712a00000|  0%| F|  |TAMS 0x0000000712800000, 0x0000000712800000| Untracked 
| 112|0x0000000712a00000, 0x0000000712a00000, 0x0000000712c00000|  0%| F|  |TAMS 0x0000000712a00000, 0x0000000712a00000| Untracked 
| 113|0x0000000712c00000, 0x0000000712c00000, 0x0000000712e00000|  0%| F|  |TAMS 0x0000000712c00000, 0x0000000712c00000| Untracked 
| 114|0x0000000712e00000, 0x0000000712e00000, 0x0000000713000000|  0%| F|  |TAMS 0x0000000712e00000, 0x0000000712e00000| Untracked 
| 115|0x0000000713000000, 0x0000000713000000, 0x0000000713200000|  0%| F|  |TAMS 0x0000000713000000, 0x0000000713000000| Untracked 
| 116|0x0000000713200000, 0x0000000713200000, 0x0000000713400000|  0%| F|  |TAMS 0x0000000713200000, 0x0000000713200000| Untracked 
| 117|0x0000000713400000, 0x0000000713400000, 0x0000000713600000|  0%| F|  |TAMS 0x0000000713400000, 0x0000000713400000| Untracked 
| 118|0x0000000713600000, 0x0000000713600000, 0x0000000713800000|  0%| F|  |TAMS 0x0000000713600000, 0x0000000713600000| Untracked 
| 119|0x0000000713800000, 0x0000000713800000, 0x0000000713a00000|  0%| F|  |TAMS 0x0000000713800000, 0x0000000713800000| Untracked 
| 120|0x0000000713a00000, 0x0000000713a00000, 0x0000000713c00000|  0%| F|  |TAMS 0x0000000713a00000, 0x0000000713a00000| Untracked 
| 121|0x0000000713c00000, 0x0000000713ca2440, 0x0000000713e00000| 31%| E|  |TAMS 0x0000000713c00000, 0x0000000713c00000| Complete 
| 122|0x0000000713e00000, 0x0000000713f81dc0, 0x0000000714000000| 75%| E|  |TAMS 0x0000000713e00000, 0x0000000713e00000| Complete 
| 123|0x0000000714000000, 0x0000000714200000, 0x0000000714200000|100%| E|CS|TAMS 0x0000000714000000, 0x0000000714000000| Complete 
| 124|0x0000000714200000, 0x0000000714400000, 0x0000000714400000|100%| E|CS|TAMS 0x0000000714200000, 0x0000000714200000| Complete 
| 125|0x0000000714400000, 0x0000000714600000, 0x0000000714600000|100%| E|CS|TAMS 0x0000000714400000, 0x0000000714400000| Complete 

Card table byte_map: [0x0000028765f50000,0x0000028766730000] _byte_map_base: 0x000002876272b000

Marking Bits (Prev, Next): (CMBitMap*) 0x0000028752fe71a0, (CMBitMap*) 0x0000028752fe71e0
 Prev Bits: [0x0000028766f10000, 0x000002876ade8000)
 Next Bits: [0x000002876adf0000, 0x000002876ecc8000)

Polling page: 0x0000028752740000

Metaspace:

Usage:
  Non-class:      6.96 MB used.
      Class:    652.66 KB used.
       Both:      7.59 MB used.

Virtual space:
  Non-class space:        8.00 MB reserved,       7.00 MB ( 88%) committed,  1 nodes.
      Class space:        1.00 GB reserved,     768.00 KB ( <1%) committed,  1 nodes.
             Both:        1.01 GB reserved,       7.75 MB ( <1%) committed. 

Chunk freelists:
   Non-Class:  240.00 KB
       Class:  3.17 MB
        Both:  3.41 MB

MaxMetaspaceSize: unlimited
CompressedClassSpaceSize: 1.00 GB
Initial GC threshold: 21.00 MB
Current GC threshold: 21.00 MB
CDS: off
MetaspaceReclaimPolicy: balanced
 - commit_granule_bytes: 65536.
 - commit_granule_words: 8192.
 - virtual_space_node_default_size: 1048576.
 - enlarge_chunks_in_place: 1.
 - new_chunks_are_fully_committed: 0.
 - uncommit_free_chunks: 1.
 - use_allocation_guard: 0.
 - handle_deallocations: 1.


Internal statistics:

num_allocs_failed_limit: 0.
num_arena_births: 6.
num_arena_deaths: 0.
num_vsnodes_births: 2.
num_vsnodes_deaths: 0.
num_space_committed: 124.
num_space_uncommitted: 0.
num_chunks_returned_to_freelist: 0.
num_chunks_taken_from_freelist: 70.
num_chunk_merges: 0.
num_chunk_splits: 50.
num_chunks_enlarged: 43.
num_purges: 0.
num_inconsistent_stats: 0.

CodeHeap 'non-profiled nmethods': size=120000Kb used=87Kb max_used=87Kb free=119912Kb
 bounds [0x000002875df10000, 0x000002875e180000, 0x0000028765440000]
CodeHeap 'profiled nmethods': size=120000Kb used=402Kb max_used=402Kb free=119597Kb
 bounds [0x0000028756440000, 0x00000287566b0000, 0x000002875d970000]
CodeHeap 'non-nmethods': size=5760Kb used=1114Kb max_used=1128Kb free=4645Kb
 bounds [0x000002875d970000, 0x000002875dbe0000, 0x000002875df10000]
 total_blobs=679 nmethods=300 adapters=292
 compilation: enabled
              stopped_count=0, restarted_count=0
 full_count=0

Compilation events (20 events):
Event: 0.176 Thread 0x00000287720b2540  290       3       java.util.jar.JarFile::getEntry (35 bytes)
Event: 0.176 Thread 0x00000287720b2540 nmethod 290 0x00000287564a0990 code [0x00000287564a0b80, 0x00000287564a1018]
Event: 0.176 Thread 0x00000287720b2540  291       3       java.util.ArrayDeque::inc (12 bytes)
Event: 0.176 Thread 0x00000287720b2540 nmethod 291 0x00000287564a1190 code [0x00000287564a1320, 0x00000287564a1458]
Event: 0.176 Thread 0x00000287720b2540  292       3       java.io.InputStream::<init> (5 bytes)
Event: 0.176 Thread 0x00000287720b2540 nmethod 292 0x00000287564a1510 code [0x00000287564a16a0, 0x00000287564a17f8]
Event: 0.177 Thread 0x00000287720b2540  296       3       java.util.WeakHashMap::remove (131 bytes)
Event: 0.177 Thread 0x00000287720b2540 nmethod 296 0x00000287564a1890 code [0x00000287564a1ae0, 0x00000287564a2678]
Event: 0.177 Thread 0x00000287720b2540  294   !   3       java.util.zip.ZipFile$ZipFileInputStream::close (59 bytes)
Event: 0.177 Thread 0x00000287720b2540 nmethod 294 0x00000287564a2a90 code [0x00000287564a2c40, 0x00000287564a2fc8]
Event: 0.177 Thread 0x00000287720b2540  295       3       java.util.Collections$SetFromMap::remove (19 bytes)
Event: 0.177 Thread 0x00000287720b2540 nmethod 295 0x00000287564a3190 code [0x00000287564a3340, 0x00000287564a3568]
Event: 0.178 Thread 0x00000287720b2540  297       3       java.util.HashMap::put (13 bytes)
Event: 0.178 Thread 0x00000287720b2540 nmethod 297 0x00000287564a3610 code [0x00000287564a37c0, 0x00000287564a3ab8]
Event: 0.178 Thread 0x00000287720b2540  298       3       java.lang.Character::toUpperCase (6 bytes)
Event: 0.178 Thread 0x00000287720b2540 nmethod 298 0x00000287564a3c10 code [0x00000287564a3dc0, 0x00000287564a4018]
Event: 0.178 Thread 0x00000287720b2540  299       3       java.lang.Character::toUpperCase (9 bytes)
Event: 0.178 Thread 0x00000287720b2540 nmethod 299 0x00000287564a4110 code [0x00000287564a42c0, 0x00000287564a44b8]
Event: 0.178 Thread 0x00000287720b2540  300       3       java.util.TreeMap::parentOf (13 bytes)
Event: 0.178 Thread 0x00000287720b2540 nmethod 300 0x00000287564a4590 code [0x00000287564a4720, 0x00000287564a4898]

GC Heap History (0 events):
No events

Dll operation events (1 events):
Event: 0.004 Loaded shared library C:\Program Files\Android\Android Studio\jbr\bin\java.dll

Deoptimization events (20 events):
Event: 0.098 Thread 0x0000028752f7a540 DEOPT PACKING pc=0x000002875645720c sp=0x000000fb872fdc30
Event: 0.098 Thread 0x0000028752f7a540 DEOPT UNPACKING pc=0x000002875d9cace3 sp=0x000000fb872fd0c0 mode 0
Event: 0.098 Thread 0x0000028752f7a540 DEOPT PACKING pc=0x000002875645720c sp=0x000000fb872fdc30
Event: 0.098 Thread 0x0000028752f7a540 DEOPT UNPACKING pc=0x000002875d9cace3 sp=0x000000fb872fd0c0 mode 0
Event: 0.099 Thread 0x0000028752f7a540 DEOPT PACKING pc=0x000002875645720c sp=0x000000fb872fdc30
Event: 0.099 Thread 0x0000028752f7a540 DEOPT UNPACKING pc=0x000002875d9cace3 sp=0x000000fb872fd0c0 mode 0
Event: 0.099 Thread 0x0000028752f7a540 DEOPT PACKING pc=0x000002875645720c sp=0x000000fb872fdc30
Event: 0.099 Thread 0x0000028752f7a540 DEOPT UNPACKING pc=0x000002875d9cace3 sp=0x000000fb872fd0c0 mode 0
Event: 0.099 Thread 0x0000028752f7a540 DEOPT PACKING pc=0x000002875645720c sp=0x000000fb872fdc30
Event: 0.099 Thread 0x0000028752f7a540 DEOPT UNPACKING pc=0x000002875d9cace3 sp=0x000000fb872fd0c0 mode 0
Event: 0.099 Thread 0x0000028752f7a540 DEOPT PACKING pc=0x000002875645720c sp=0x000000fb872fdc30
Event: 0.099 Thread 0x0000028752f7a540 DEOPT UNPACKING pc=0x000002875d9cace3 sp=0x000000fb872fd0c0 mode 0
Event: 0.126 Thread 0x0000028752f7a540 Uncommon trap: trap_request=0xffffff45 fr.pc=0x000002875df152d0 relative=0x00000000000006f0
Event: 0.126 Thread 0x0000028752f7a540 Uncommon trap: reason=unstable_if action=reinterpret pc=0x000002875df152d0 method=java.util.zip.ZipFile$Source.checkAndAddEntry(II)I @ 50 c2
Event: 0.126 Thread 0x0000028752f7a540 DEOPT PACKING pc=0x000002875df152d0 sp=0x000000fb872fe810
Event: 0.126 Thread 0x0000028752f7a540 DEOPT UNPACKING pc=0x000002875d9ca1a3 sp=0x000000fb872fe788 mode 2
Event: 0.166 Thread 0x0000028752f7a540 DEOPT PACKING pc=0x00000287564558e7 sp=0x000000fb872fcec0
Event: 0.166 Thread 0x0000028752f7a540 DEOPT UNPACKING pc=0x000002875d9cace3 sp=0x000000fb872fc2e0 mode 0
Event: 0.173 Thread 0x0000028752f7a540 DEOPT PACKING pc=0x0000028756454c51 sp=0x000000fb872fab50
Event: 0.173 Thread 0x0000028752f7a540 DEOPT UNPACKING pc=0x000002875d9cace3 sp=0x000000fb872f9fc8 mode 0

Classes unloaded (0 events):
No events

Classes redefined (0 events):
No events

Internal exceptions (0 events):
No events

VM Operations (4 events):
Event: 0.104 Executing VM operation: HandshakeAllThreads
Event: 0.104 Executing VM operation: HandshakeAllThreads done
Event: 0.178 Executing VM operation: HandshakeAllThreads
Event: 0.178 Executing VM operation: HandshakeAllThreads done

Events (20 events):
Event: 0.170 loading class java/util/concurrent/atomic/AtomicReferenceFieldUpdater
Event: 0.170 loading class java/util/concurrent/atomic/AtomicReferenceFieldUpdater done
Event: 0.170 loading class java/util/concurrent/atomic/AtomicReferenceFieldUpdater$AtomicReferenceFieldUpdaterImpl
Event: 0.171 loading class java/util/concurrent/atomic/AtomicReferenceFieldUpdater$AtomicReferenceFieldUpdaterImpl done
Event: 0.171 loading class java/util/concurrent/atomic/AtomicReferenceFieldUpdater$AtomicReferenceFieldUpdaterImpl$1
Event: 0.171 loading class java/util/concurrent/atomic/AtomicReferenceFieldUpdater$AtomicReferenceFieldUpdaterImpl$1 done
Event: 0.171 loading class sun/reflect/misc/ReflectUtil
Event: 0.171 loading class sun/reflect/misc/ReflectUtil done
Event: 0.178 loading class java/lang/ProcessEnvironment
Event: 0.178 loading class java/lang/ProcessEnvironment done
Event: 0.178 loading class java/lang/ProcessEnvironment$NameComparator
Event: 0.178 loading class java/lang/ProcessEnvironment$NameComparator done
Event: 0.178 loading class java/lang/ProcessEnvironment$EntryComparator
Event: 0.178 loading class java/lang/ProcessEnvironment$EntryComparator done
Event: 0.178 loading class java/lang/ProcessEnvironment$CheckedEntrySet
Event: 0.178 loading class java/lang/ProcessEnvironment$CheckedEntrySet done
Event: 0.178 loading class java/lang/ProcessEnvironment$CheckedEntrySet$1
Event: 0.178 loading class java/lang/ProcessEnvironment$CheckedEntrySet$1 done
Event: 0.178 loading class java/lang/ProcessEnvironment$CheckedEntry
Event: 0.178 loading class java/lang/ProcessEnvironment$CheckedEntry done


Dynamic libraries:
0x00007ff73d8d0000 - 0x00007ff73d8da000 	C:\Program Files\Android\Android Studio\jbr\bin\java.exe
0x00007ffeb1bd0000 - 0x00007ffeb1de4000 	C:\WINDOWS\SYSTEM32\ntdll.dll
0x00007ffeb0500000 - 0x00007ffeb05c4000 	C:\WINDOWS\System32\KERNEL32.DLL
0x00007ffeaf410000 - 0x00007ffeaf7b4000 	C:\WINDOWS\System32\KERNELBASE.dll
0x00007ffeaf2c0000 - 0x00007ffeaf3d1000 	C:\WINDOWS\System32\ucrtbase.dll
0x00007ffea6e10000 - 0x00007ffea6e27000 	C:\Program Files\Android\Android Studio\jbr\bin\jli.dll
0x00007ffea6e70000 - 0x00007ffea6e8b000 	C:\Program Files\Android\Android Studio\jbr\bin\VCRUNTIME140.dll
0x00007ffeb09d0000 - 0x00007ffeb0b7e000 	C:\WINDOWS\System32\USER32.dll
0x00007ffeaf3e0000 - 0x00007ffeaf406000 	C:\WINDOWS\System32\win32u.dll
0x00007ffe900e0000 - 0x00007ffe90373000 	C:\WINDOWS\WinSxS\amd64_microsoft.windows.common-controls_6595b64144ccf1df_6.0.22621.2215_none_270d72677387dfc3\COMCTL32.dll
0x00007ffeb1b60000 - 0x00007ffeb1b89000 	C:\WINDOWS\System32\GDI32.dll
0x00007ffeb0850000 - 0x00007ffeb08f7000 	C:\WINDOWS\System32\msvcrt.dll
0x00007ffeaf840000 - 0x00007ffeaf958000 	C:\WINDOWS\System32\gdi32full.dll
0x00007ffeaef80000 - 0x00007ffeaf01a000 	C:\WINDOWS\System32\msvcp_win.dll
0x00007ffeb04c0000 - 0x00007ffeb04f1000 	C:\WINDOWS\System32\IMM32.DLL
0x00007ffea6e00000 - 0x00007ffea6e0c000 	C:\Program Files\Android\Android Studio\jbr\bin\vcruntime140_1.dll
0x00007ffe923d0000 - 0x00007ffe9245d000 	C:\Program Files\Android\Android Studio\jbr\bin\msvcp140.dll
0x00007ffe2c530000 - 0x00007ffe2d19d000 	C:\Program Files\Android\Android Studio\jbr\bin\server\jvm.dll
0x00007ffeb0360000 - 0x00007ffeb0410000 	C:\WINDOWS\System32\ADVAPI32.dll
0x00007ffeaf960000 - 0x00007ffeafa06000 	C:\WINDOWS\System32\sechost.dll
0x00007ffeafb20000 - 0x00007ffeafc37000 	C:\WINDOWS\System32\RPCRT4.dll
0x00007ffe9a110000 - 0x00007ffe9a144000 	C:\WINDOWS\SYSTEM32\WINMM.dll
0x00007ffea4360000 - 0x00007ffea436a000 	C:\WINDOWS\SYSTEM32\VERSION.dll
0x00007ffea2fc0000 - 0x00007ffea2fc9000 	C:\WINDOWS\SYSTEM32\WSOCK32.dll
0x00007ffeb0dc0000 - 0x00007ffeb0e31000 	C:\WINDOWS\System32\WS2_32.dll
0x00007ffeae070000 - 0x00007ffeae088000 	C:\WINDOWS\SYSTEM32\kernel.appcore.dll
0x00007ffea2fb0000 - 0x00007ffea2fba000 	C:\Program Files\Android\Android Studio\jbr\bin\jimage.dll
0x00007ffeac940000 - 0x00007ffeacb6e000 	C:\WINDOWS\SYSTEM32\DBGHELP.DLL
0x00007ffeb1670000 - 0x00007ffeb19fa000 	C:\WINDOWS\System32\combase.dll
0x00007ffeb0280000 - 0x00007ffeb0357000 	C:\WINDOWS\System32\OLEAUT32.dll
0x00007ffe96b70000 - 0x00007ffe96ba2000 	C:\WINDOWS\SYSTEM32\dbgcore.DLL
0x00007ffeaf7c0000 - 0x00007ffeaf83a000 	C:\WINDOWS\System32\bcryptPrimitives.dll
0x00007ffe9d910000 - 0x00007ffe9d935000 	C:\Program Files\Android\Android Studio\jbr\bin\java.dll
0x00007ffe99970000 - 0x00007ffe99988000 	C:\Program Files\Android\Android Studio\jbr\bin\zip.dll
0x00007ffeb0e40000 - 0x00007ffeb1663000 	C:\WINDOWS\System32\SHELL32.dll
0x00007ffeacf10000 - 0x00007ffead7fa000 	C:\WINDOWS\SYSTEM32\windows.storage.dll
0x00007ffeacdd0000 - 0x00007ffeacf0e000 	C:\WINDOWS\SYSTEM32\wintypes.dll
0x00007ffeb1a60000 - 0x00007ffeb1b53000 	C:\WINDOWS\System32\SHCORE.dll
0x00007ffeafa10000 - 0x00007ffeafa6e000 	C:\WINDOWS\System32\shlwapi.dll
0x00007ffeaeeb0000 - 0x00007ffeaeed6000 	C:\WINDOWS\SYSTEM32\profapi.dll
0x00007ffe99950000 - 0x00007ffe99969000 	C:\Program Files\Android\Android Studio\jbr\bin\net.dll
0x00007ffea6bb0000 - 0x00007ffea6ce7000 	C:\WINDOWS\SYSTEM32\WINHTTP.dll
0x00007ffeae540000 - 0x00007ffeae5a9000 	C:\WINDOWS\system32\mswsock.dll
0x00007ffe99930000 - 0x00007ffe99946000 	C:\Program Files\Android\Android Studio\jbr\bin\nio.dll

dbghelp: loaded successfully - version: 4.0.5 - missing functions: none
symbol engine: initialized successfully - sym options: 0x614 - pdb path: .;C:\Program Files\Android\Android Studio\jbr\bin;C:\WINDOWS\SYSTEM32;C:\WINDOWS\WinSxS\amd64_microsoft.windows.common-controls_6595b64144ccf1df_6.0.22621.2215_none_270d72677387dfc3;C:\Program Files\Android\Android Studio\jbr\bin\server

VM Arguments:
java_command: org.jetbrains.kotlin.cli.jvm.K2JVMCompiler @D:\KLDA\testMovie\app\build\20231011_3584778814847925313.compiler.options
java_class_path (initial): C:\Users\admin\.gradle\caches\modules-2\files-2.1\org.jetbrains.kotlin\kotlin-compiler-embeddable\1.7.20\8db18559a581dd2c36ddfd5046af145650f5b126\kotlin-compiler-embeddable-1.7.20.jar;C:\Users\admin\.gradle\caches\modules-2\files-2.1\org.jetbrains.kotlin\kotlin-reflect\1.7.20\12b2501e33bb6373e8e347c86d85481863629381\kotlin-reflect-1.7.20.jar;C:\Users\admin\.gradle\caches\modules-2\files-2.1\org.jetbrains.kotlin\kotlin-stdlib\1.7.20\726594ea9ba2beb2ee113647fefa9a10f9fabe52\kotlin-stdlib-1.7.20.jar;C:\Users\admin\.gradle\caches\modules-2\files-2.1\org.jetbrains.kotlin\kotlin-script-runtime\1.7.20\bcd1cc6f865e632550357fcc59f5ffd532615a8\kotlin-script-runtime-1.7.20.jar;C:\Users\admin\.gradle\caches\modules-2\files-2.1\org.jetbrains.kotlin\kotlin-daemon-embeddable\1.7.20\1e24355adad8d529d75d5b19eab55484057431ba\kotlin-daemon-embeddable-1.7.20.jar;C:\Users\admin\.gradle\caches\modules-2\files-2.1\org.jetbrains.intellij.deps\trove4j\1.0.20200330\3afb14d5f9ceb459d724e907a21145e8ff394f02\trove4j-1.0.20200330.jar;C:\Users\admin\.gradle\caches\modules-2\files-2.1\net.java.dev.jna\jna\5.6.0\330f2244e9030119ab3030fc3fededc86713d9cc\jna-5.6.0.jar;C:\Users\admin\.gradle\caches\modules-2\files-2.1\org.jetbrains.kotlin\kotlin-stdlib-common\1.7.20\e15351bdaf9fa06f009be5da7a202e4184f00ae3\kotlin-stdlib-common-1.7.20.jar;C:\Users\admin\.gradle\caches\modules-2\files-2.1\org.jetbrains\annotations\13.0\919f0dfe192fb4e063e7dacadee7f8bb9a2672a9\annotations-13.0.jar
Launcher Type: SUN_STANDARD

[Global flags]
     intx CICompilerCount                          = 4                                         {product} {ergonomic}
     uint ConcGCThreads                            = 2                                         {product} {ergonomic}
     uint G1ConcRefinementThreads                  = 8                                         {product} {ergonomic}
   size_t G1HeapRegionSize                         = 2097152                                   {product} {ergonomic}
    uintx GCDrainStackTargetSize                   = 64                                        {product} {ergonomic}
   size_t InitialHeapSize                          = 264241152                                 {product} {ergonomic}
   size_t MarkStackSize                            = 4194304                                   {product} {ergonomic}
   size_t MaxHeapSize                              = 4217372672                                {product} {ergonomic}
   size_t MaxNewSize                               = 2529165312                                {product} {ergonomic}
   size_t MinHeapDeltaBytes                        = 2097152                                   {product} {ergonomic}
   size_t MinHeapSize                              = 8388608                                   {product} {ergonomic}
    uintx NonNMethodCodeHeapSize                   = 5839372                                {pd product} {ergonomic}
    uintx NonProfiledCodeHeapSize                  = 122909434                              {pd product} {ergonomic}
    uintx ProfiledCodeHeapSize                     = 122909434                              {pd product} {ergonomic}
    uintx ReservedCodeCacheSize                    = 251658240                              {pd product} {ergonomic}
     bool SegmentedCodeCache                       = true                                      {product} {ergonomic}
   size_t SoftMaxHeapSize                          = 4217372672                             {manageable} {ergonomic}
     bool UseCompressedClassPointers               = true                           {product lp64_product} {ergonomic}
     bool UseCompressedOops                        = true                           {product lp64_product} {ergonomic}
     bool UseG1GC                                  = true                                      {product} {ergonomic}
     bool UseLargePagesIndividualAllocation        = false                                  {pd product} {ergonomic}

Logging:
Log output configuration:
 #0: stdout all=warning uptime,level,tags
 #1: stderr all=off uptime,level,tags

Environment Variables:
PATH=C:\Program Files\Common Files\Oracle\Java\javapath;C:\Program Files (x86)\Common Files\Oracle\Java\javapath;C:\WINDOWS\system32;C:\WINDOWS;C:\WINDOWS\System32\Wbem;C:\WINDOWS\System32\WindowsPowerShell\v1.0\;C:\WINDOWS\System32\OpenSSH\;C:\Program Files\Git\cmd;C:\ProgramData\chocolatey\bin;C:\Users\admin\AppData\Roaming\nvm;C:\Program Files\nodejs;C:\Program Files\Cloudflare\Cloudflare WARP\;C:\Users\admin\AppData\Local\Programs\Python\Python311\Scripts\;C:\Users\admin\AppData\Local\Programs\Python\Python311\;C:\Users\admin\AppData\Local\Microsoft\WindowsApps;D:\Microsoft VS Code\bin;C:\Users\admin\AppData\Roaming\nvm;C:\Program Files\nodejs
USERNAME=admin
OS=Windows_NT
PROCESSOR_IDENTIFIER=Intel64 Family 6 Model 140 Stepping 2, GenuineIntel
TMP=C:\Users\admin\AppData\Local\Temp
TEMP=C:\Users\admin\AppData\Local\Temp



---------------  S Y S T E M  ---------------

OS:
 Windows 11 , 64 bit Build 22621 (10.0.22621.2215)
OS uptime: 0 days 8:41 hours

CPU: total 8 (initial active 8) (4 cores per cpu, 2 threads per core) family 6 model 140 stepping 2 microcode 0x16, cx8, cmov, fxsr, ht, mmx, 3dnowpref, sse, sse2, sse3, ssse3, sse4.1, sse4.2, popcnt, lzcnt, tsc, tscinvbit, avx, avx2, aes, erms, clmul, bmi1, bmi2, adx, avx512f, avx512dq, avx512cd, avx512bw, avx512vl, sha, fma, vzeroupper, avx512_vpopcntdq, avx512_vpclmulqdq, avx512_vaes, avx512_vnni, clflush, clflushopt, clwb, avx512_vbmi2, avx512_vbmi

Memory: 4k page, system-wide physical 16086M (1563M free)
TotalPageFile size 37588M (AvailPageFile size 0M)
current process WorkingSet (physical memory assigned to process): 48M, peak: 48M
current process commit charge ("private bytes"): 338M, peak: 338M

vm_info: OpenJDK 64-Bit Server VM (17.0.6+0-b2043.56-9586694) for windows-amd64 JRE (17.0.6+0-b2043.56-9586694), built on Feb  9 2023 20:06:20 by "androidbuild" with MS VC++ 16.10 / 16.11 (VS2019)

END.
