#
# There is insufficient memory for the Java Runtime Environment to continue.
# Native memory allocation (mmap) failed to map 37748736 bytes for G1 virtual space
# Possible reasons:
#   The system is out of physical RAM or swap space
#   The process is running with CompressedOops enabled, and the Java Heap may be blocking the growth of the native heap
# Possible solutions:
#   Reduce memory load on the system
#   Increase physical memory or swap space
#   Check if swap backing store is full
#   Decrease Java heap size (-Xmx/-Xms)
#   Decrease number of Java threads
#   Decrease Java thread stack sizes (-Xss)
#   Set larger code cache with -XX:ReservedCodeCacheSize=
#   JVM is running with Zero Based Compressed Oops mode in which the Java heap is
#     placed in the first 32GB address space. The Java Heap base address is the
#     maximum limit for the native heap growth. Please use -XX:HeapBaseMinAddress
#     to set the Java Heap base and to place the Java Heap above 32GB virtual address.
# This output file may be truncated or incomplete.
#
#  Out of Memory Error (os_windows.cpp:3769), pid=9244, tid=11276
#
# JRE version: OpenJDK Runtime Environment (17.0.6) (build 17.0.6+0-b2043.56-9586694)
# Java VM: OpenJDK 64-Bit Server VM (17.0.6+0-b2043.56-9586694, mixed mode, tiered, compressed oops, compressed class ptrs, g1 gc, windows-amd64)
# No core dump will be written. Minidumps are not enabled by default on client versions of Windows
#

---------------  S U M M A R Y ------------

Command Line: org.jetbrains.kotlin.cli.jvm.K2JVMCompiler @D:\KLDA\testMovie\app\build\20231011_11502355542413096628.compiler.options

Host: 11th Gen Intel(R) Core(TM) i7-1195G7 @ 2.90GHz, 8 cores, 15G,  Windows 11 , 64 bit Build 22621 (10.0.22621.2215)
Time: Wed Oct 11 15:17:05 2023 SE Asia Standard Time elapsed time: 8.804093 seconds (0d 0h 0m 8s)

---------------  T H R E A D  ---------------

Current thread (0x000001d9ab67ec40):  VMThread "VM Thread" [stack: 0x000000a567200000,0x000000a567300000] [id=11276]

Stack: [0x000000a567200000,0x000000a567300000]
Native frames: (J=compiled Java code, j=interpreted, Vv=VM code, C=native code)
V  [jvm.dll+0x683b4a]
V  [jvm.dll+0x842654]
V  [jvm.dll+0x843dfe]
V  [jvm.dll+0x844463]
V  [jvm.dll+0x249b75]
V  [jvm.dll+0x680a19]
V  [jvm.dll+0x674f0a]
V  [jvm.dll+0x309acb]
V  [jvm.dll+0x310f86]
V  [jvm.dll+0x3608ee]
V  [jvm.dll+0x360b1f]
V  [jvm.dll+0x2dfbf8]
V  [jvm.dll+0x2ddec4]
V  [jvm.dll+0x2dd4cc]
V  [jvm.dll+0x321f3b]
V  [jvm.dll+0x84893b]
V  [jvm.dll+0x849674]
V  [jvm.dll+0x849b8d]
V  [jvm.dll+0x849f64]
V  [jvm.dll+0x84a030]
V  [jvm.dll+0x7f25fa]
V  [jvm.dll+0x682985]
C  [ucrtbase.dll+0x29363]
C  [KERNEL32.DLL+0x1257d]
C  [ntdll.dll+0x5aa68]

VM_Operation (0x000000a566cfcbf0): G1CollectForAllocation, mode: safepoint, requested by thread 0x000001d98ce98d80


---------------  P R O C E S S  ---------------

Threads class SMR info:
_java_thread_list=0x000001d9b2ec1cd0, length=13, elements={
0x000001d98ce98d80, 0x000001d9ac040760, 0x000001d9ac042330, 0x000001d9ac08e8f0,
0x000001d9ac0933c0, 0x000001d9ac093d70, 0x000001d9ac094720, 0x000001d9ac0954b0,
0x000001d9ac095f50, 0x000001d9ac0aa020, 0x000001d9ac20fae0, 0x000001d9ac2111f0,
0x000001d9b2c1ee00
}

Java Threads: ( => current thread )
  0x000001d98ce98d80 JavaThread "main" [_thread_blocked, id=18980, stack(0x000000a566c00000,0x000000a566d00000)]
  0x000001d9ac040760 JavaThread "Reference Handler" daemon [_thread_blocked, id=15304, stack(0x000000a567300000,0x000000a567400000)]
  0x000001d9ac042330 JavaThread "Finalizer" daemon [_thread_blocked, id=18436, stack(0x000000a567400000,0x000000a567500000)]
  0x000001d9ac08e8f0 JavaThread "Signal Dispatcher" daemon [_thread_blocked, id=14244, stack(0x000000a567500000,0x000000a567600000)]
  0x000001d9ac0933c0 JavaThread "Attach Listener" daemon [_thread_blocked, id=1912, stack(0x000000a567600000,0x000000a567700000)]
  0x000001d9ac093d70 JavaThread "Service Thread" daemon [_thread_blocked, id=7964, stack(0x000000a567700000,0x000000a567800000)]
  0x000001d9ac094720 JavaThread "Monitor Deflation Thread" daemon [_thread_blocked, id=13496, stack(0x000000a567800000,0x000000a567900000)]
  0x000001d9ac0954b0 JavaThread "C2 CompilerThread0" daemon [_thread_blocked, id=19200, stack(0x000000a567900000,0x000000a567a00000)]
  0x000001d9ac095f50 JavaThread "C1 CompilerThread0" daemon [_thread_blocked, id=13896, stack(0x000000a567a00000,0x000000a567b00000)]
  0x000001d9ac0aa020 JavaThread "Sweeper thread" daemon [_thread_blocked, id=12476, stack(0x000000a567b00000,0x000000a567c00000)]
  0x000001d9ac20fae0 JavaThread "Notification Thread" daemon [_thread_blocked, id=11940, stack(0x000000a567c00000,0x000000a567d00000)]
  0x000001d9ac2111f0 JavaThread "Common-Cleaner" daemon [_thread_blocked, id=19012, stack(0x000000a567e00000,0x000000a567f00000)]
  0x000001d9b2c1ee00 JavaThread "C2 CompilerThread1" daemon [_thread_in_native, id=6264, stack(0x000000a567f00000,0x000000a568000000)]

Other Threads:
=>0x000001d9ab67ec40 VMThread "VM Thread" [stack: 0x000000a567200000,0x000000a567300000] [id=11276]
  0x000001d98cf2aad0 WatcherThread [stack: 0x000000a567d00000,0x000000a567e00000] [id=17660]
  0x000001d98cf04d40 GCTaskThread "GC Thread#0" [stack: 0x000000a566d00000,0x000000a566e00000] [id=18912]
  0x000001d9ac7b8150 GCTaskThread "GC Thread#1" [stack: 0x000000a568000000,0x000000a568100000] [id=5752]
  0x000001d9ac8a0030 GCTaskThread "GC Thread#2" [stack: 0x000000a568100000,0x000000a568200000] [id=2336]
  0x000001d9ac807800 GCTaskThread "GC Thread#3" [stack: 0x000000a568200000,0x000000a568300000] [id=13468]
  0x000001d9ac807ec0 GCTaskThread "GC Thread#4" [stack: 0x000000a568300000,0x000000a568400000] [id=17380]
  0x000001d9ac808170 GCTaskThread "GC Thread#5" [stack: 0x000000a568400000,0x000000a568500000] [id=19044]
  0x000001d9ad499250 GCTaskThread "GC Thread#6" [stack: 0x000000a568500000,0x000000a568600000] [id=3484]
  0x000001d9ad49a520 GCTaskThread "GC Thread#7" [stack: 0x000000a568600000,0x000000a568700000] [id=9604]
  0x000001d98cf157d0 ConcurrentGCThread "G1 Main Marker" [stack: 0x000000a566e00000,0x000000a566f00000] [id=11020]
  0x000001d98cf16980 ConcurrentGCThread "G1 Conc#0" [stack: 0x000000a566f00000,0x000000a567000000] [id=14700]
  0x000001d9ad499d10 ConcurrentGCThread "G1 Conc#1" [stack: 0x000000a568700000,0x000000a568800000] [id=17204]
  0x000001d9ab5140f0 ConcurrentGCThread "G1 Refine#0" [stack: 0x000000a567000000,0x000000a567100000] [id=15076]
  0x000001d9b0daef30 ConcurrentGCThread "G1 Refine#1" [stack: 0x000000a568800000,0x000000a568900000] [id=12944]
  0x000001d9b0dae3b0 ConcurrentGCThread "G1 Refine#2" [stack: 0x000000a568900000,0x000000a568a00000] [id=14816]
  0x000001d9b0daf4f0 ConcurrentGCThread "G1 Refine#3" [stack: 0x000000a568a00000,0x000000a568b00000] [id=6712]
  0x000001d9b0d1a250 ConcurrentGCThread "G1 Refine#4" [stack: 0x000000a568b00000,0x000000a568c00000] [id=660]
  0x000001d9b0d1b0b0 ConcurrentGCThread "G1 Refine#5" [stack: 0x000000a568c00000,0x000000a568d00000] [id=1884]
  0x000001d9ab514b10 ConcurrentGCThread "G1 Service" [stack: 0x000000a567100000,0x000000a567200000] [id=5468]

Threads with active compile tasks:
C2 CompilerThread0     8813 11872       4       java.util.regex.Pattern$Branch::match (66 bytes)
C1 CompilerThread0     8813 11880       2       com.sun.tools.javac.tree.JCTree$JCFieldAccess::getTag (4 bytes)
C2 CompilerThread1     8813 11323 %     4       org.jetbrains.org.objectweb.asm.ClassReader::readCode @ 2165 (5089 bytes)

VM state: at safepoint (normal execution)

VM Mutex/Monitor currently owned by a thread:  ([mutex/lock_event])
[0x000001d98ce94b40] Threads_lock - owner thread: 0x000001d9ab67ec40
[0x000001d98ce95320] Heap_lock - owner thread: 0x000001d98ce98d80

Heap address: 0x0000000704a00000, size: 4022 MB, Compressed Oops mode: Zero based, Oop shift amount: 3

CDS archive(s) not mapped
Compressed class space mapped at: 0x0000000800000000-0x0000000840000000, reserved size: 1073741824
Narrow klass base: 0x0000000800000000, Narrow klass shift: 0, Narrow klass range: 0x40000000

GC Precious Log:
 CPUs: 8 total, 8 available
 Memory: 16086M
 Large Page Support: Disabled
 NUMA Support: Disabled
 Compressed Oops: Enabled (Zero based)
 Heap Region Size: 2M
 Heap Min Capacity: 8M
 Heap Initial Capacity: 252M
 Heap Max Capacity: 4022M
 Pre-touch: Disabled
 Parallel Workers: 8
 Concurrent Workers: 2
 Concurrent Refinement Workers: 8
 Periodic GC: Disabled

Heap:
 garbage-first heap   total 180224K, used 84469K [0x0000000704a00000, 0x0000000800000000)
  region size 2048K, 4 young (8192K), 4 survivors (8192K)
 Metaspace       used 79744K, committed 80064K, reserved 1122304K
  class space    used 9150K, committed 9344K, reserved 1048576K

Heap Regions: E=young(eden), S=young(survivor), O=old, HS=humongous(starts), HC=humongous(continues), CS=collection set, F=free, OA=open archive, CA=closed archive, TAMS=top-at-mark-start (previous, next)
|   0|0x0000000704a00000, 0x0000000704c00000, 0x0000000704c00000|100%|HS|  |TAMS 0x0000000704c00000, 0x0000000704a00000| Complete 
|   1|0x0000000704c00000, 0x0000000704e00000, 0x0000000704e00000|100%|HC|  |TAMS 0x0000000704e00000, 0x0000000704c00000| Complete 
|   2|0x0000000704e00000, 0x0000000705000000, 0x0000000705000000|100%| O|  |TAMS 0x0000000705000000, 0x0000000704e00000| Untracked 
|   3|0x0000000705000000, 0x0000000705200000, 0x0000000705200000|100%|HS|  |TAMS 0x0000000705200000, 0x0000000705000000| Complete 
|   4|0x0000000705200000, 0x0000000705400000, 0x0000000705400000|100%|HC|  |TAMS 0x0000000705400000, 0x0000000705200000| Complete 
|   5|0x0000000705400000, 0x0000000705600000, 0x0000000705600000|100%| O|  |TAMS 0x0000000705600000, 0x0000000705400000| Untracked 
|   6|0x0000000705600000, 0x0000000705800000, 0x0000000705800000|100%| O|  |TAMS 0x0000000705800000, 0x0000000705600000| Untracked 
|   7|0x0000000705800000, 0x0000000705a00000, 0x0000000705a00000|100%| O|  |TAMS 0x0000000705a00000, 0x0000000705800000| Untracked 
|   8|0x0000000705a00000, 0x0000000705c00000, 0x0000000705c00000|100%| O|  |TAMS 0x0000000705c00000, 0x0000000705a00000| Untracked 
|   9|0x0000000705c00000, 0x0000000705e00000, 0x0000000705e00000|100%| O|  |TAMS 0x0000000705e00000, 0x0000000705c00000| Untracked 
|  10|0x0000000705e00000, 0x0000000706000000, 0x0000000706000000|100%| O|  |TAMS 0x0000000706000000, 0x0000000705e00000| Untracked 
|  11|0x0000000706000000, 0x0000000706200000, 0x0000000706200000|100%| O|  |TAMS 0x0000000706200000, 0x0000000706000000| Untracked 
|  12|0x0000000706200000, 0x0000000706400000, 0x0000000706400000|100%| O|  |TAMS 0x0000000706400000, 0x0000000706200000| Untracked 
|  13|0x0000000706400000, 0x0000000706600000, 0x0000000706600000|100%| O|  |TAMS 0x0000000706600000, 0x0000000706400000| Untracked 
|  14|0x0000000706600000, 0x0000000706800000, 0x0000000706800000|100%|HS|  |TAMS 0x0000000706800000, 0x0000000706600000| Complete 
|  15|0x0000000706800000, 0x0000000706a00000, 0x0000000706a00000|100%| O|  |TAMS 0x0000000706a00000, 0x0000000706800000| Untracked 
|  16|0x0000000706a00000, 0x0000000706c00000, 0x0000000706c00000|100%| O|  |TAMS 0x0000000706c00000, 0x0000000706a00000| Untracked 
|  17|0x0000000706c00000, 0x0000000706e00000, 0x0000000706e00000|100%| O|  |TAMS 0x0000000706e00000, 0x0000000706c00000| Untracked 
|  18|0x0000000706e00000, 0x0000000707000000, 0x0000000707000000|100%| O|  |TAMS 0x0000000707000000, 0x0000000706e00000| Untracked 
|  19|0x0000000707000000, 0x0000000707200000, 0x0000000707200000|100%| O|  |TAMS 0x0000000707200000, 0x0000000707000000| Untracked 
|  20|0x0000000707200000, 0x0000000707400000, 0x0000000707400000|100%| O|  |TAMS 0x0000000707400000, 0x0000000707200000| Untracked 
|  21|0x0000000707400000, 0x0000000707600000, 0x0000000707600000|100%| O|  |TAMS 0x0000000707600000, 0x0000000707400000| Untracked 
|  22|0x0000000707600000, 0x0000000707800000, 0x0000000707800000|100%| O|  |TAMS 0x0000000707800000, 0x0000000707600000| Untracked 
|  23|0x0000000707800000, 0x0000000707a00000, 0x0000000707a00000|100%| O|  |TAMS 0x00000007079cb200, 0x0000000707800000| Untracked 
|  24|0x0000000707a00000, 0x0000000707c00000, 0x0000000707c00000|100%| O|  |TAMS 0x0000000707a00000, 0x0000000707a00000| Untracked 
|  25|0x0000000707c00000, 0x0000000707e00000, 0x0000000707e00000|100%| O|  |TAMS 0x0000000707c00000, 0x0000000707c00000| Untracked 
|  26|0x0000000707e00000, 0x0000000708000000, 0x0000000708000000|100%| O|  |TAMS 0x0000000707e00000, 0x0000000707e00000| Untracked 
|  27|0x0000000708000000, 0x0000000708200000, 0x0000000708200000|100%| O|  |TAMS 0x0000000708000000, 0x0000000708000000| Untracked 
|  28|0x0000000708200000, 0x0000000708400000, 0x0000000708400000|100%| O|  |TAMS 0x0000000708200000, 0x0000000708200000| Untracked 
|  29|0x0000000708400000, 0x0000000708600000, 0x0000000708600000|100%| O|  |TAMS 0x0000000708400000, 0x0000000708400000| Untracked 
|  30|0x0000000708600000, 0x0000000708800000, 0x0000000708800000|100%| O|  |TAMS 0x0000000708600000, 0x0000000708600000| Untracked 
|  31|0x0000000708800000, 0x0000000708a00000, 0x0000000708a00000|100%| O|  |TAMS 0x0000000708800000, 0x0000000708800000| Untracked 
|  32|0x0000000708a00000, 0x0000000708c00000, 0x0000000708c00000|100%| O|  |TAMS 0x0000000708a00000, 0x0000000708a00000| Untracked 
|  33|0x0000000708c00000, 0x0000000708e00000, 0x0000000708e00000|100%| O|  |TAMS 0x0000000708c00000, 0x0000000708c00000| Untracked 
|  34|0x0000000708e00000, 0x0000000709000000, 0x0000000709000000|100%| O|  |TAMS 0x0000000708e00000, 0x0000000708e00000| Untracked 
|  35|0x0000000709000000, 0x0000000709200000, 0x0000000709200000|100%| O|  |TAMS 0x0000000709000000, 0x0000000709000000| Untracked 
|  36|0x0000000709200000, 0x0000000709400000, 0x0000000709400000|100%| O|  |TAMS 0x0000000709200000, 0x0000000709200000| Untracked 
|  37|0x0000000709400000, 0x0000000709600000, 0x0000000709600000|100%| O|  |TAMS 0x0000000709400000, 0x0000000709400000| Untracked 
|  38|0x0000000709600000, 0x0000000709600000, 0x0000000709800000|  0%| F|  |TAMS 0x0000000709600000, 0x0000000709600000| Untracked 
|  39|0x0000000709800000, 0x0000000709800000, 0x0000000709a00000|  0%| F|  |TAMS 0x0000000709800000, 0x0000000709800000| Untracked 
|  40|0x0000000709a00000, 0x0000000709a00000, 0x0000000709c00000|  0%| F|  |TAMS 0x0000000709a00000, 0x0000000709a00000| Untracked 
|  41|0x0000000709c00000, 0x0000000709c00000, 0x0000000709e00000|  0%| F|  |TAMS 0x0000000709c00000, 0x0000000709c00000| Untracked 
|  42|0x0000000709e00000, 0x0000000709e00000, 0x000000070a000000|  0%| F|  |TAMS 0x0000000709e00000, 0x0000000709e00000| Untracked 
|  43|0x000000070a000000, 0x000000070a000000, 0x000000070a200000|  0%| F|  |TAMS 0x000000070a000000, 0x000000070a000000| Untracked 
|  44|0x000000070a200000, 0x000000070a200000, 0x000000070a400000|  0%| F|  |TAMS 0x000000070a200000, 0x000000070a200000| Untracked 
|  45|0x000000070a400000, 0x000000070a400000, 0x000000070a600000|  0%| F|  |TAMS 0x000000070a400000, 0x000000070a400000| Untracked 
|  46|0x000000070a600000, 0x000000070a600000, 0x000000070a800000|  0%| F|  |TAMS 0x000000070a600000, 0x000000070a600000| Untracked 
|  47|0x000000070a800000, 0x000000070a800000, 0x000000070aa00000|  0%| F|  |TAMS 0x000000070a800000, 0x000000070a800000| Untracked 
|  48|0x000000070aa00000, 0x000000070aa00000, 0x000000070ac00000|  0%| F|  |TAMS 0x000000070aa00000, 0x000000070aa00000| Untracked 
|  49|0x000000070ac00000, 0x000000070ac00000, 0x000000070ae00000|  0%| F|  |TAMS 0x000000070ac00000, 0x000000070ac00000| Untracked 
|  50|0x000000070ae00000, 0x000000070ae00000, 0x000000070b000000|  0%| F|  |TAMS 0x000000070ae00000, 0x000000070ae00000| Untracked 
|  51|0x000000070b000000, 0x000000070b000000, 0x000000070b200000|  0%| F|  |TAMS 0x000000070b000000, 0x000000070b000000| Untracked 
|  52|0x000000070b200000, 0x000000070b200000, 0x000000070b400000|  0%| F|  |TAMS 0x000000070b200000, 0x000000070b200000| Untracked 
|  53|0x000000070b400000, 0x000000070b400000, 0x000000070b600000|  0%| F|  |TAMS 0x000000070b400000, 0x000000070b400000| Untracked 
|  54|0x000000070b600000, 0x000000070b600000, 0x000000070b800000|  0%| F|  |TAMS 0x000000070b600000, 0x000000070b600000| Untracked 
|  55|0x000000070b800000, 0x000000070b87d760, 0x000000070ba00000| 24%| S|CS|TAMS 0x000000070b800000, 0x000000070b800000| Complete 
|  56|0x000000070ba00000, 0x000000070bc00000, 0x000000070bc00000|100%| S|CS|TAMS 0x000000070ba00000, 0x000000070ba00000| Complete 
|  57|0x000000070bc00000, 0x000000070be00000, 0x000000070be00000|100%| S|CS|TAMS 0x000000070bc00000, 0x000000070bc00000| Complete 
|  58|0x000000070be00000, 0x000000070c000000, 0x000000070c000000|100%| S|CS|TAMS 0x000000070be00000, 0x000000070be00000| Complete 
|  59|0x000000070c000000, 0x000000070c000000, 0x000000070c200000|  0%| F|  |TAMS 0x000000070c000000, 0x000000070c000000| Untracked 
|  60|0x000000070c200000, 0x000000070c200000, 0x000000070c400000|  0%| F|  |TAMS 0x000000070c200000, 0x000000070c200000| Untracked 
|  61|0x000000070c400000, 0x000000070c400000, 0x000000070c600000|  0%| F|  |TAMS 0x000000070c400000, 0x000000070c400000| Untracked 
|  62|0x000000070c600000, 0x000000070c600000, 0x000000070c800000|  0%| F|  |TAMS 0x000000070c600000, 0x000000070c600000| Untracked 
|  63|0x000000070c800000, 0x000000070c800000, 0x000000070ca00000|  0%| F|  |TAMS 0x000000070c800000, 0x000000070c800000| Untracked 
|  64|0x000000070ca00000, 0x000000070ca00000, 0x000000070cc00000|  0%| F|  |TAMS 0x000000070ca00000, 0x000000070ca00000| Untracked 
|  65|0x000000070cc00000, 0x000000070cc00000, 0x000000070ce00000|  0%| F|  |TAMS 0x000000070cc00000, 0x000000070cc00000| Untracked 
|  66|0x000000070ce00000, 0x000000070ce00000, 0x000000070d000000|  0%| F|  |TAMS 0x000000070ce00000, 0x000000070ce00000| Untracked 
|  67|0x000000070d000000, 0x000000070d000000, 0x000000070d200000|  0%| F|  |TAMS 0x000000070d000000, 0x000000070d000000| Untracked 
|  68|0x000000070d200000, 0x000000070d200000, 0x000000070d400000|  0%| F|  |TAMS 0x000000070d200000, 0x000000070d200000| Untracked 
|  69|0x000000070d400000, 0x000000070d400000, 0x000000070d600000|  0%| F|  |TAMS 0x000000070d400000, 0x000000070d400000| Untracked 
|  70|0x000000070d600000, 0x000000070d600000, 0x000000070d800000|  0%| F|  |TAMS 0x000000070d600000, 0x000000070d600000| Untracked 
|  71|0x000000070d800000, 0x000000070d800000, 0x000000070da00000|  0%| F|  |TAMS 0x000000070d800000, 0x000000070d800000| Untracked 
|  72|0x000000070da00000, 0x000000070da00000, 0x000000070dc00000|  0%| F|  |TAMS 0x000000070da00000, 0x000000070da00000| Untracked 
|  73|0x000000070dc00000, 0x000000070dc00000, 0x000000070de00000|  0%| F|  |TAMS 0x000000070dc00000, 0x000000070dc00000| Untracked 
|  74|0x000000070de00000, 0x000000070de00000, 0x000000070e000000|  0%| F|  |TAMS 0x000000070de00000, 0x000000070de00000| Untracked 
|  75|0x000000070e000000, 0x000000070e000000, 0x000000070e200000|  0%| F|  |TAMS 0x000000070e000000, 0x000000070e000000| Untracked 
|  76|0x000000070e200000, 0x000000070e200000, 0x000000070e400000|  0%| F|  |TAMS 0x000000070e200000, 0x000000070e200000| Untracked 
|  77|0x000000070e400000, 0x000000070e400000, 0x000000070e600000|  0%| F|  |TAMS 0x000000070e400000, 0x000000070e400000| Untracked 
|  78|0x000000070e600000, 0x000000070e600000, 0x000000070e800000|  0%| F|  |TAMS 0x000000070e600000, 0x000000070e600000| Untracked 
|  79|0x000000070e800000, 0x000000070e800000, 0x000000070ea00000|  0%| F|  |TAMS 0x000000070e800000, 0x000000070e800000| Untracked 
|  80|0x000000070ea00000, 0x000000070ea00000, 0x000000070ec00000|  0%| F|  |TAMS 0x000000070ea00000, 0x000000070ea00000| Untracked 
|  81|0x000000070ec00000, 0x000000070ec00000, 0x000000070ee00000|  0%| F|  |TAMS 0x000000070ec00000, 0x000000070ec00000| Untracked 
|  82|0x000000070ee00000, 0x000000070ee00000, 0x000000070f000000|  0%| F|  |TAMS 0x000000070ee00000, 0x000000070ee00000| Untracked 
|  83|0x000000070f000000, 0x000000070f000000, 0x000000070f200000|  0%| F|  |TAMS 0x000000070f000000, 0x000000070f000000| Untracked 
|  84|0x000000070f200000, 0x000000070f200000, 0x000000070f400000|  0%| F|  |TAMS 0x000000070f200000, 0x000000070f200000| Untracked 
|  85|0x000000070f400000, 0x000000070f400000, 0x000000070f600000|  0%| F|  |TAMS 0x000000070f400000, 0x000000070f400000| Untracked 
|  86|0x000000070f600000, 0x000000070f600000, 0x000000070f800000|  0%| F|  |TAMS 0x000000070f600000, 0x000000070f600000| Untracked 
| 125|0x0000000714400000, 0x0000000714400000, 0x0000000714600000|  0%| F|  |TAMS 0x0000000714400000, 0x0000000714400000| Untracked 

Card table byte_map: [0x000001d99fe80000,0x000001d9a0660000] _byte_map_base: 0x000001d99c65b000

Marking Bits (Prev, Next): (CMBitMap*) 0x000001d98cf05390, (CMBitMap*) 0x000001d98cf05350
 Prev Bits: [0x000001d9a4d20000, 0x000001d9a8bf8000)
 Next Bits: [0x000001d9a0e40000, 0x000001d9a4d18000)

Polling page: 0x000001d98c660000

Metaspace:

Usage:
  Non-class:     68.94 MB used.
      Class:      8.94 MB used.
       Both:     77.88 MB used.

Virtual space:
  Non-class space:       72.00 MB reserved,      69.06 MB ( 96%) committed,  9 nodes.
      Class space:        1.00 GB reserved,       9.12 MB ( <1%) committed,  1 nodes.
             Both:        1.07 GB reserved,      78.19 MB (  7%) committed. 

Chunk freelists:
   Non-Class:  2.44 MB
       Class:  2.86 MB
        Both:  5.29 MB

MaxMetaspaceSize: unlimited
CompressedClassSpaceSize: 1.00 GB
Initial GC threshold: 21.00 MB
Current GC threshold: 98.75 MB
CDS: off
MetaspaceReclaimPolicy: balanced
 - commit_granule_bytes: 65536.
 - commit_granule_words: 8192.
 - virtual_space_node_default_size: 1048576.
 - enlarge_chunks_in_place: 1.
 - new_chunks_are_fully_committed: 0.
 - uncommit_free_chunks: 1.
 - use_allocation_guard: 0.
 - handle_deallocations: 1.


Internal statistics:

num_allocs_failed_limit: 9.
num_arena_births: 360.
num_arena_deaths: 0.
num_vsnodes_births: 10.
num_vsnodes_deaths: 0.
num_space_committed: 1249.
num_space_uncommitted: 0.
num_chunks_returned_to_freelist: 9.
num_chunks_taken_from_freelist: 2941.
num_chunk_merges: 9.
num_chunk_splits: 2307.
num_chunks_enlarged: 1972.
num_purges: 0.
num_inconsistent_stats: 0.

CodeHeap 'non-profiled nmethods': size=120000Kb used=4988Kb max_used=4988Kb free=115011Kb
 bounds [0x000001d997e30000, 0x000001d998310000, 0x000001d99f360000]
CodeHeap 'profiled nmethods': size=120000Kb used=26011Kb max_used=26011Kb free=93988Kb
 bounds [0x000001d990360000, 0x000001d991cd0000, 0x000001d997890000]
CodeHeap 'non-nmethods': size=5760Kb used=1335Kb max_used=1389Kb free=4424Kb
 bounds [0x000001d997890000, 0x000001d997b00000, 0x000001d997e30000]
 total_blobs=11062 nmethods=10417 adapters=555
 compilation: enabled
              stopped_count=0, restarted_count=0
 full_count=0

Compilation events (20 events):
Event: 8.784 Thread 0x000001d9ac095f50 nmethod 11873 0x000001d991cc0c90 code [0x000001d991cc0e20, 0x000001d991cc0f38]
Event: 8.784 Thread 0x000001d9ac095f50 11874       2       com.sun.tools.javac.tree.TreeInfo::name (65 bytes)
Event: 8.784 Thread 0x000001d9ac095f50 nmethod 11874 0x000001d991cc1010 code [0x000001d991cc11e0, 0x000001d991cc14d8]
Event: 8.787 Thread 0x000001d9ac095f50 11875       2       com.sun.tools.javac.tree.Pretty::<init> (39 bytes)
Event: 8.787 Thread 0x000001d9ac095f50 nmethod 11875 0x000001d991cc1690 code [0x000001d991cc1860, 0x000001d991cc1b48]
Event: 8.787 Thread 0x000001d9ac0954b0 nmethod 11817 0x000001d99830d110 code [0x000001d99830d2e0, 0x000001d99830da88]
Event: 8.787 Thread 0x000001d9ac0954b0 11533       4       java.util.regex.Matcher::find (69 bytes)
Event: 8.788 Thread 0x000001d9ac0954b0 nmethod 11533 0x000001d99830e010 code [0x000001d99830e1a0, 0x000001d99830e2a8]
Event: 8.788 Thread 0x000001d9ac0954b0 11835       4       com.sun.tools.javac.util.Convert::utf2chars (135 bytes)
Event: 8.789 Thread 0x000001d9ac095f50 11877       3       java.util.Formatter$FormatSpecifier::print (409 bytes)
Event: 8.791 Thread 0x000001d9ac0954b0 nmethod 11835 0x000001d99830e390 code [0x000001d99830e500, 0x000001d99830e818]
Event: 8.791 Thread 0x000001d9ac0954b0 11865       4       java.util.regex.Pattern$BmpCharPropertyGreedy::match (89 bytes)
Event: 8.791 Thread 0x000001d9ac095f50 nmethod 11877 0x000001d991cc1c90 code [0x000001d991cc2200, 0x000001d991cc5398]
Event: 8.792 Thread 0x000001d9ac095f50 11878   !   2       com.sun.tools.javac.tree.Pretty::visitTypeApply (42 bytes)
Event: 8.792 Thread 0x000001d9ac095f50 nmethod 11878 0x000001d991cc6410 code [0x000001d991cc6600, 0x000001d991cc68c8]
Event: 8.792 Thread 0x000001d9ac095f50 11879       2       java.lang.WeakPairMap$Pair$Weak::first (5 bytes)
Event: 8.792 Thread 0x000001d9ac095f50 nmethod 11879 0x000001d991cc6b10 code [0x000001d991cc6ca0, 0x000001d991cc6dd8]
Event: 8.794 Thread 0x000001d9ac0954b0 nmethod 11865 0x000001d99830e990 code [0x000001d99830eb20, 0x000001d99830ee78]
Event: 8.794 Thread 0x000001d9ac0954b0 11872       4       java.util.regex.Pattern$Branch::match (66 bytes)
Event: 8.797 Thread 0x000001d9ac095f50 11880       2       com.sun.tools.javac.tree.JCTree$JCFieldAccess::getTag (4 bytes)

GC Heap History (20 events):
Event: 1.217 GC heap after
{Heap after GC invocations=8 (full 0):
 garbage-first heap   total 157696K, used 26358K [0x0000000704a00000, 0x0000000800000000)
  region size 2048K, 4 young (8192K), 4 survivors (8192K)
 Metaspace       used 35866K, committed 36096K, reserved 1081344K
  class space    used 4554K, committed 4672K, reserved 1048576K
}
Event: 1.674 GC heap before
{Heap before GC invocations=9 (full 0):
 garbage-first heap   total 102400K, used 79606K [0x0000000704a00000, 0x0000000800000000)
  region size 2048K, 30 young (61440K), 4 survivors (8192K)
 Metaspace       used 46293K, committed 46592K, reserved 1097728K
  class space    used 5614K, committed 5760K, reserved 1048576K
}
Event: 1.684 GC heap after
{Heap after GC invocations=10 (full 0):
 garbage-first heap   total 102400K, used 30108K [0x0000000704a00000, 0x0000000800000000)
  region size 2048K, 4 young (8192K), 4 survivors (8192K)
 Metaspace       used 46293K, committed 46592K, reserved 1097728K
  class space    used 5614K, committed 5760K, reserved 1048576K
}
Event: 1.716 GC heap before
{Heap before GC invocations=10 (full 0):
 garbage-first heap   total 102400K, used 32156K [0x0000000704a00000, 0x0000000800000000)
  region size 2048K, 5 young (10240K), 4 survivors (8192K)
 Metaspace       used 46474K, committed 46720K, reserved 1097728K
  class space    used 5632K, committed 5760K, reserved 1048576K
}
Event: 1.724 GC heap after
{Heap after GC invocations=11 (full 0):
 garbage-first heap   total 102400K, used 31978K [0x0000000704a00000, 0x0000000800000000)
  region size 2048K, 1 young (2048K), 1 survivors (2048K)
 Metaspace       used 46474K, committed 46720K, reserved 1097728K
  class space    used 5632K, committed 5760K, reserved 1048576K
}
Event: 3.320 GC heap before
{Heap before GC invocations=11 (full 0):
 garbage-first heap   total 102400K, used 74986K [0x0000000704a00000, 0x0000000800000000)
  region size 2048K, 21 young (43008K), 1 survivors (2048K)
 Metaspace       used 53871K, committed 54144K, reserved 1097728K
  class space    used 6483K, committed 6592K, reserved 1048576K
}
Event: 3.332 GC heap after
{Heap after GC invocations=12 (full 0):
 garbage-first heap   total 102400K, used 40395K [0x0000000704a00000, 0x0000000800000000)
  region size 2048K, 3 young (6144K), 3 survivors (6144K)
 Metaspace       used 53871K, committed 54144K, reserved 1097728K
  class space    used 6483K, committed 6592K, reserved 1048576K
}
Event: 4.707 GC heap before
{Heap before GC invocations=12 (full 0):
 garbage-first heap   total 102400K, used 75211K [0x0000000704a00000, 0x0000000800000000)
  region size 2048K, 20 young (40960K), 3 survivors (6144K)
 Metaspace       used 57052K, committed 57344K, reserved 1105920K
  class space    used 6840K, committed 6976K, reserved 1048576K
}
Event: 4.724 GC heap after
{Heap after GC invocations=13 (full 0):
 garbage-first heap   total 102400K, used 48506K [0x0000000704a00000, 0x0000000800000000)
  region size 2048K, 3 young (6144K), 3 survivors (6144K)
 Metaspace       used 57052K, committed 57344K, reserved 1105920K
  class space    used 6840K, committed 6976K, reserved 1048576K
}
Event: 5.103 GC heap before
{Heap before GC invocations=13 (full 0):
 garbage-first heap   total 102400K, used 75130K [0x0000000704a00000, 0x0000000800000000)
  region size 2048K, 16 young (32768K), 3 survivors (6144K)
 Metaspace       used 58012K, committed 58304K, reserved 1105920K
  class space    used 6888K, committed 7040K, reserved 1048576K
}
Event: 5.117 GC heap after
{Heap after GC invocations=14 (full 0):
 garbage-first heap   total 180224K, used 52715K [0x0000000704a00000, 0x0000000800000000)
  region size 2048K, 2 young (4096K), 2 survivors (4096K)
 Metaspace       used 58012K, committed 58304K, reserved 1105920K
  class space    used 6888K, committed 7040K, reserved 1048576K
}
Event: 6.011 GC heap before
{Heap before GC invocations=14 (full 0):
 garbage-first heap   total 180224K, used 83435K [0x0000000704a00000, 0x0000000800000000)
  region size 2048K, 18 young (36864K), 2 survivors (4096K)
 Metaspace       used 60346K, committed 60608K, reserved 1105920K
  class space    used 7153K, committed 7296K, reserved 1048576K
}
Event: 6.016 GC heap after
{Heap after GC invocations=15 (full 0):
 garbage-first heap   total 180224K, used 54248K [0x0000000704a00000, 0x0000000800000000)
  region size 2048K, 3 young (6144K), 3 survivors (6144K)
 Metaspace       used 60346K, committed 60608K, reserved 1105920K
  class space    used 7153K, committed 7296K, reserved 1048576K
}
Event: 7.121 GC heap before
{Heap before GC invocations=16 (full 0):
 garbage-first heap   total 180224K, used 136168K [0x0000000704a00000, 0x0000000800000000)
  region size 2048K, 43 young (88064K), 3 survivors (6144K)
 Metaspace       used 65642K, committed 65920K, reserved 1114112K
  class space    used 7839K, committed 8000K, reserved 1048576K
}
Event: 7.133 GC heap after
{Heap after GC invocations=17 (full 0):
 garbage-first heap   total 180224K, used 68592K [0x0000000704a00000, 0x0000000800000000)
  region size 2048K, 6 young (12288K), 6 survivors (12288K)
 Metaspace       used 65642K, committed 65920K, reserved 1114112K
  class space    used 7839K, committed 8000K, reserved 1048576K
}
Event: 7.853 GC heap before
{Heap before GC invocations=17 (full 0):
 garbage-first heap   total 180224K, used 127984K [0x0000000704a00000, 0x0000000800000000)
  region size 2048K, 35 young (71680K), 6 survivors (12288K)
 Metaspace       used 70586K, committed 70912K, reserved 1114112K
  class space    used 8283K, committed 8448K, reserved 1048576K
}
Event: 7.865 GC heap after
{Heap after GC invocations=18 (full 0):
 garbage-first heap   total 180224K, used 77726K [0x0000000704a00000, 0x0000000800000000)
  region size 2048K, 5 young (10240K), 5 survivors (10240K)
 Metaspace       used 70586K, committed 70912K, reserved 1114112K
  class space    used 8283K, committed 8448K, reserved 1048576K
}
Event: 8.482 GC heap before
{Heap before GC invocations=18 (full 0):
 garbage-first heap   total 180224K, used 133022K [0x0000000704a00000, 0x0000000800000000)
  region size 2048K, 32 young (65536K), 5 survivors (10240K)
 Metaspace       used 75054K, committed 75392K, reserved 1122304K
  class space    used 8650K, committed 8832K, reserved 1048576K
}
Event: 8.489 GC heap after
{Heap after GC invocations=19 (full 0):
 garbage-first heap   total 180224K, used 82768K [0x0000000704a00000, 0x0000000800000000)
  region size 2048K, 3 young (6144K), 3 survivors (6144K)
 Metaspace       used 75054K, committed 75392K, reserved 1122304K
  class space    used 8650K, committed 8832K, reserved 1048576K
}
Event: 8.797 GC heap before
{Heap before GC invocations=19 (full 0):
 garbage-first heap   total 180224K, used 138064K [0x0000000704a00000, 0x0000000800000000)
  region size 2048K, 30 young (61440K), 3 survivors (6144K)
 Metaspace       used 79744K, committed 80064K, reserved 1122304K
  class space    used 9150K, committed 9344K, reserved 1048576K
}

Dll operation events (2 events):
Event: 0.005 Loaded shared library C:\Program Files\Android\Android Studio\jbr\bin\java.dll
Event: 0.539 Loaded shared library C:\Program Files\Android\Android Studio\jbr\bin\verify.dll

Deoptimization events (20 events):
Event: 8.769 Thread 0x000001d98ce98d80 DEOPT PACKING pc=0x000001d998309e40 sp=0x000000a566cfd4a0
Event: 8.769 Thread 0x000001d98ce98d80 DEOPT UNPACKING pc=0x000001d9978ea1a3 sp=0x000000a566cfd368 mode 2
Event: 8.769 Thread 0x000001d98ce98d80 Uncommon trap: trap_request=0xffffffc6 fr.pc=0x000001d998309e40 relative=0x0000000000000a40
Event: 8.769 Thread 0x000001d98ce98d80 Uncommon trap: reason=bimorphic_or_optimized_type_check action=maybe_recompile pc=0x000001d998309e40 method=java.util.regex.Pattern$BmpCharProperty.match(Ljava/util/regex/Matcher;ILjava/lang/CharSequence;)Z @ 36 c2
Event: 8.769 Thread 0x000001d98ce98d80 DEOPT PACKING pc=0x000001d998309e40 sp=0x000000a566cfd4a0
Event: 8.769 Thread 0x000001d98ce98d80 DEOPT UNPACKING pc=0x000001d9978ea1a3 sp=0x000000a566cfd368 mode 2
Event: 8.771 Thread 0x000001d98ce98d80 DEOPT PACKING pc=0x000001d991cb91d2 sp=0x000000a566cfd4d0
Event: 8.771 Thread 0x000001d98ce98d80 DEOPT UNPACKING pc=0x000001d9978eace3 sp=0x000000a566cfc970 mode 0
Event: 8.773 Thread 0x000001d98ce98d80 DEOPT PACKING pc=0x000001d991cb91d2 sp=0x000000a566cfd4d0
Event: 8.773 Thread 0x000001d98ce98d80 DEOPT UNPACKING pc=0x000001d9978eace3 sp=0x000000a566cfc970 mode 0
Event: 8.773 Thread 0x000001d98ce98d80 DEOPT PACKING pc=0x000001d991ca3775 sp=0x000000a566cfd830
Event: 8.773 Thread 0x000001d98ce98d80 DEOPT UNPACKING pc=0x000001d9978eace3 sp=0x000000a566cfcd40 mode 0
Event: 8.773 Thread 0x000001d98ce98d80 DEOPT PACKING pc=0x000001d991cb91d2 sp=0x000000a566cfd500
Event: 8.773 Thread 0x000001d98ce98d80 DEOPT UNPACKING pc=0x000001d9978eace3 sp=0x000000a566cfc9a0 mode 0
Event: 8.777 Thread 0x000001d98ce98d80 DEOPT PACKING pc=0x000001d991cb91d2 sp=0x000000a566cfd4d0
Event: 8.777 Thread 0x000001d98ce98d80 DEOPT UNPACKING pc=0x000001d9978eace3 sp=0x000000a566cfc970 mode 0
Event: 8.779 Thread 0x000001d98ce98d80 DEOPT PACKING pc=0x000001d991cb91d2 sp=0x000000a566cfd4d0
Event: 8.779 Thread 0x000001d98ce98d80 DEOPT UNPACKING pc=0x000001d9978eace3 sp=0x000000a566cfc970 mode 0
Event: 8.789 Thread 0x000001d98ce98d80 DEOPT PACKING pc=0x000001d991c9b099 sp=0x000000a566cfd440
Event: 8.790 Thread 0x000001d98ce98d80 DEOPT UNPACKING pc=0x000001d9978eace3 sp=0x000000a566cfc918 mode 0

Classes unloaded (0 events):
No events

Classes redefined (0 events):
No events

Internal exceptions (20 events):
Event: 5.859 Thread 0x000001d98ce98d80 Exception <a 'java/lang/NoSuchMethodError'{0x000000070df54c10}: 'int java.lang.invoke.DirectMethodHandle$Holder.invokeInterface(java.lang.Object, java.lang.Object)'> (0x000000070df54c10) 
thrown [s\src\hotspot\share\interpreter\linkResolver.cpp, line 771]
Event: 6.247 Thread 0x000001d98ce98d80 Exception <a 'java/lang/NoSuchMethodError'{0x000000070eed4c88}: 'int java.lang.invoke.DirectMethodHandle$Holder.invokeVirtual(java.lang.Object, java.lang.Object, java.lang.Object)'> (0x000000070eed4c88) 
thrown [s\src\hotspot\share\interpreter\linkResolver.cpp, line 771]
Event: 6.314 Thread 0x000001d98ce98d80 Exception <a 'java/lang/NoSuchMethodError'{0x000000070ea08720}: 'void java.lang.invoke.DirectMethodHandle$Holder.invokeSpecial(java.lang.Object, java.lang.Object, int, java.lang.Object)'> (0x000000070ea08720) 
thrown [s\src\hotspot\share\interpreter\linkResolver.cpp, line 771]
Event: 6.329 Thread 0x000001d98ce98d80 Exception <a 'java/lang/NoSuchMethodError'{0x000000070ea98958}: 'java.lang.Object java.lang.invoke.DirectMethodHandle$Holder.invokeStatic(java.lang.Object, java.lang.Object, java.lang.Object, java.lang.Object, int)'> (0x000000070ea98958) 
thrown [s\src\hotspot\share\interpreter\linkResolver.cpp, line 771]
Event: 6.329 Thread 0x000001d98ce98d80 Exception <a 'java/lang/NoSuchMethodError'{0x000000070eaa2548}: 'java.lang.Object java.lang.invoke.DirectMethodHandle$Holder.newInvokeSpecial(java.lang.Object, java.lang.Object, java.lang.Object, java.lang.Object, int)'> (0x000000070eaa2548) 
thrown [s\src\hotspot\share\interpreter\linkResolver.cpp, line 771]
Event: 6.330 Thread 0x000001d98ce98d80 Exception <a 'java/lang/NoSuchMethodError'{0x000000070eaa7078}: 'java.lang.Object java.lang.invoke.DirectMethodHandle$Holder.invokeSpecial(java.lang.Object, java.lang.Object, java.lang.Object, java.lang.Object, java.lang.Object, int)'> (0x000000070eaa7078) 
thrown [s\src\hotspot\share\interpreter\linkResolver.cpp, line 771]
Event: 6.330 Thread 0x000001d98ce98d80 Exception <a 'java/lang/NoSuchMethodError'{0x000000070eaab558}: 'java.lang.Object java.lang.invoke.Invokers$Holder.linkToTargetMethod(java.lang.Object, java.lang.Object, java.lang.Object, int, java.lang.Object)'> (0x000000070eaab558) 
thrown [s\src\hotspot\share\interpreter\linkResolver.cpp, line 771]
Event: 6.364 Thread 0x000001d98ce98d80 Exception <a 'java/lang/NoSuchMethodError'{0x000000070e84b298}: 'void java.lang.invoke.DirectMethodHandle$Holder.invokeInterface(java.lang.Object, java.lang.Object)'> (0x000000070e84b298) 
thrown [s\src\hotspot\share\interpreter\linkResolver.cpp, line 771]
Event: 6.405 Thread 0x000001d98ce98d80 Exception <a 'java/lang/IncompatibleClassChangeError'{0x000000070e9b3760}: Found class java.lang.Object, but interface was expected> (0x000000070e9b3760) 
thrown [s\src\hotspot\share\interpreter\linkResolver.cpp, line 838]
Event: 6.578 Thread 0x000001d98ce98d80 Exception <a 'java/lang/NoSuchMethodError'{0x000000070df36550}: 'java.lang.Object java.lang.invoke.DirectMethodHandle$Holder.newInvokeSpecial(java.lang.Object, java.lang.Object, java.lang.Object, java.lang.Object, java.lang.Object, java.lang.Object, java.lang.Object, java.lang.Object)'> (0x000000070df36550) 
thrown [s\src\hotspot\share\interpreter\linkResolver.cpp, line 771]
Event: 6.579 Thread 0x000001d98ce98d80 Exception <a 'java/lang/NoSuchMethodError'{0x000000070df3bb68}: 'java.lang.Object java.lang.invoke.DirectMethodHandle$Holder.invokeSpecial(java.lang.Object, java.lang.Object, java.lang.Object, java.lang.Object, java.lang.Object, java.lang.Object, java.lang.Object, java.lang.Object, java.lang.Object)'> (0x000000070df3bb68) 
thrown [s\src\hotspot\share\interpreter\linkResolver.cpp, line 771]
Event: 6.579 Thread 0x000001d98ce98d80 Exception <a 'java/lang/NoSuchMethodError'{0x000000070df40a98}: 'java.lang.Object java.lang.invoke.Invokers$Holder.linkToTargetMethod(java.lang.Object, java.lang.Object, java.lang.Object, java.lang.Object, java.lang.Object, java.lang.Object, java.lang.Object, java.lang.Object)'> (0x000000070df40a98) 
thrown [s\src\hotspot\share\interpreter\linkResolver.cpp, line 771]
Event: 6.821 Thread 0x000001d98ce98d80 Exception <a 'java/lang/NoSuchMethodError'{0x000000070bdc61f0}: 'int java.lang.invoke.DirectMethodHandle$Holder.invokeStaticInit(java.lang.Object, int)'> (0x000000070bdc61f0) 
thrown [s\src\hotspot\share\interpreter\linkResolver.cpp, line 771]
Event: 6.981 Thread 0x000001d98ce98d80 Exception <a 'java/lang/NoSuchMethodError'{0x000000070b0ce8f0}: 'java.lang.Object java.lang.invoke.DirectMethodHandle$Holder.newInvokeSpecial(java.lang.Object, java.lang.Object, java.lang.Object, java.lang.Object, java.lang.Object, java.lang.Object, java.lang.Object)'> (0x000000070b0ce8f0) 
thrown [s\src\hotspot\share\interpreter\linkResolver.cpp, line 771]
Event: 6.981 Thread 0x000001d98ce98d80 Exception <a 'java/lang/NoSuchMethodError'{0x000000070b0d34a8}: 'java.lang.Object java.lang.invoke.Invokers$Holder.linkToTargetMethod(java.lang.Object, java.lang.Object, java.lang.Object, java.lang.Object, java.lang.Object, java.lang.Object, java.lang.Object)'> (0x000000070b0d34a8) 
thrown [s\src\hotspot\share\interpreter\linkResolver.cpp, line 771]
Event: 7.327 Thread 0x000001d98ce98d80 Implicit null exception at 0x000001d99824f479 to 0x000001d99824feb8
Event: 8.316 Thread 0x000001d98ce98d80 Implicit null exception at 0x000001d997e9c019 to 0x000001d997e9c2ec
Event: 8.555 Thread 0x000001d98ce98d80 Exception <a 'java/lang/NoSuchMethodError'{0x000000070ee0c930}: 'void java.lang.invoke.DirectMethodHandle$Holder.invokeInterface(java.lang.Object, java.lang.Object, java.lang.Object)'> (0x000000070ee0c930) 
thrown [s\src\hotspot\share\interpreter\linkResolver.cpp, line 771]
Event: 8.561 Thread 0x000001d98ce98d80 Exception <a 'sun/nio/fs/WindowsException'{0x000000070eec9160}> (0x000000070eec9160) 
thrown [s\src\hotspot\share\prims\jni.cpp, line 517]
Event: 8.561 Thread 0x000001d98ce98d80 Exception <a 'sun/nio/fs/WindowsException'{0x000000070eec94d8}> (0x000000070eec94d8) 
thrown [s\src\hotspot\share\prims\jni.cpp, line 517]

VM Operations (20 events):
Event: 8.296 Executing VM operation: HandshakeAllThreads done
Event: 8.314 Executing VM operation: HandshakeAllThreads
Event: 8.314 Executing VM operation: HandshakeAllThreads done
Event: 8.317 Executing VM operation: HandshakeAllThreads
Event: 8.317 Executing VM operation: HandshakeAllThreads done
Event: 8.395 Executing VM operation: HandshakeAllThreads
Event: 8.395 Executing VM operation: HandshakeAllThreads done
Event: 8.482 Executing VM operation: G1CollectForAllocation
Event: 8.489 Executing VM operation: G1CollectForAllocation done
Event: 8.562 Executing VM operation: HandshakeAllThreads
Event: 8.562 Executing VM operation: HandshakeAllThreads done
Event: 8.562 Executing VM operation: HandshakeAllThreads
Event: 8.562 Executing VM operation: HandshakeAllThreads done
Event: 8.625 Executing VM operation: ICBufferFull
Event: 8.626 Executing VM operation: ICBufferFull done
Event: 8.696 Executing VM operation: ICBufferFull
Event: 8.696 Executing VM operation: ICBufferFull done
Event: 8.712 Executing VM operation: HandshakeAllThreads
Event: 8.712 Executing VM operation: HandshakeAllThreads done
Event: 8.797 Executing VM operation: G1CollectForAllocation

Events (20 events):
Event: 8.567 Thread 0x000001d9ac0aa020 flushing nmethod 0x000001d990f49010
Event: 8.568 Thread 0x000001d9ac0aa020 flushing nmethod 0x000001d9911a4a90
Event: 8.568 Thread 0x000001d9ac0aa020 flushing nmethod 0x000001d9911aaf10
Event: 8.570 Thread 0x000001d9ac0aa020 flushing nmethod 0x000001d9917b9a10
Event: 8.570 loading class java/util/concurrent/Callable
Event: 8.570 loading class java/util/concurrent/Callable done
Event: 8.593 loading class java/io/ObjectOutputStream
Event: 8.593 loading class java/io/ObjectOutput
Event: 8.593 loading class java/io/ObjectOutput done
Event: 8.593 loading class java/io/ObjectOutputStream done
Event: 8.594 loading class java/io/ObjectOutputStream$BlockDataOutputStream
Event: 8.594 loading class java/io/ObjectOutputStream$BlockDataOutputStream done
Event: 8.594 loading class java/io/ObjectOutputStream$HandleTable
Event: 8.594 loading class java/io/ObjectOutputStream$HandleTable done
Event: 8.594 loading class java/io/ObjectOutputStream$ReplaceTable
Event: 8.594 loading class java/io/ObjectOutputStream$ReplaceTable done
Event: 8.607 loading class java/lang/Override
Event: 8.607 loading class java/lang/Override done
Event: 8.719 loading class java/io/FileOutputStream$1
Event: 8.719 loading class java/io/FileOutputStream$1 done


Dynamic libraries:
0x00007ff73d8d0000 - 0x00007ff73d8da000 	C:\Program Files\Android\Android Studio\jbr\bin\java.exe
0x00007ffeb1bd0000 - 0x00007ffeb1de4000 	C:\WINDOWS\SYSTEM32\ntdll.dll
0x00007ffeb0500000 - 0x00007ffeb05c4000 	C:\WINDOWS\System32\KERNEL32.DLL
0x00007ffeaf410000 - 0x00007ffeaf7b4000 	C:\WINDOWS\System32\KERNELBASE.dll
0x00007ffeaf2c0000 - 0x00007ffeaf3d1000 	C:\WINDOWS\System32\ucrtbase.dll
0x00007ffea6e10000 - 0x00007ffea6e27000 	C:\Program Files\Android\Android Studio\jbr\bin\jli.dll
0x00007ffea6e70000 - 0x00007ffea6e8b000 	C:\Program Files\Android\Android Studio\jbr\bin\VCRUNTIME140.dll
0x00007ffeb09d0000 - 0x00007ffeb0b7e000 	C:\WINDOWS\System32\USER32.dll
0x00007ffeaf3e0000 - 0x00007ffeaf406000 	C:\WINDOWS\System32\win32u.dll
0x00007ffe900e0000 - 0x00007ffe90373000 	C:\WINDOWS\WinSxS\amd64_microsoft.windows.common-controls_6595b64144ccf1df_6.0.22621.2215_none_270d72677387dfc3\COMCTL32.dll
0x00007ffeb0850000 - 0x00007ffeb08f7000 	C:\WINDOWS\System32\msvcrt.dll
0x00007ffeb1b60000 - 0x00007ffeb1b89000 	C:\WINDOWS\System32\GDI32.dll
0x00007ffeaf840000 - 0x00007ffeaf958000 	C:\WINDOWS\System32\gdi32full.dll
0x00007ffeaef80000 - 0x00007ffeaf01a000 	C:\WINDOWS\System32\msvcp_win.dll
0x00007ffeb04c0000 - 0x00007ffeb04f1000 	C:\WINDOWS\System32\IMM32.DLL
0x00007ffea6e00000 - 0x00007ffea6e0c000 	C:\Program Files\Android\Android Studio\jbr\bin\vcruntime140_1.dll
0x00007ffe923d0000 - 0x00007ffe9245d000 	C:\Program Files\Android\Android Studio\jbr\bin\msvcp140.dll
0x00007ffe2c530000 - 0x00007ffe2d19d000 	C:\Program Files\Android\Android Studio\jbr\bin\server\jvm.dll
0x00007ffeb0360000 - 0x00007ffeb0410000 	C:\WINDOWS\System32\ADVAPI32.dll
0x00007ffeaf960000 - 0x00007ffeafa06000 	C:\WINDOWS\System32\sechost.dll
0x00007ffeafb20000 - 0x00007ffeafc37000 	C:\WINDOWS\System32\RPCRT4.dll
0x00007ffea2fc0000 - 0x00007ffea2fc9000 	C:\WINDOWS\SYSTEM32\WSOCK32.dll
0x00007ffea4360000 - 0x00007ffea436a000 	C:\WINDOWS\SYSTEM32\VERSION.dll
0x00007ffe9a110000 - 0x00007ffe9a144000 	C:\WINDOWS\SYSTEM32\WINMM.dll
0x00007ffeb0dc0000 - 0x00007ffeb0e31000 	C:\WINDOWS\System32\WS2_32.dll
0x00007ffeae070000 - 0x00007ffeae088000 	C:\WINDOWS\SYSTEM32\kernel.appcore.dll
0x00007ffea2fb0000 - 0x00007ffea2fba000 	C:\Program Files\Android\Android Studio\jbr\bin\jimage.dll
0x00007ffeac940000 - 0x00007ffeacb6e000 	C:\WINDOWS\SYSTEM32\DBGHELP.DLL
0x00007ffeb1670000 - 0x00007ffeb19fa000 	C:\WINDOWS\System32\combase.dll
0x00007ffeb0280000 - 0x00007ffeb0357000 	C:\WINDOWS\System32\OLEAUT32.dll
0x00007ffe96b70000 - 0x00007ffe96ba2000 	C:\WINDOWS\SYSTEM32\dbgcore.DLL
0x00007ffeaf7c0000 - 0x00007ffeaf83a000 	C:\WINDOWS\System32\bcryptPrimitives.dll
0x00007ffe9d910000 - 0x00007ffe9d935000 	C:\Program Files\Android\Android Studio\jbr\bin\java.dll
0x00007ffe99970000 - 0x00007ffe99988000 	C:\Program Files\Android\Android Studio\jbr\bin\zip.dll
0x00007ffeb0e40000 - 0x00007ffeb1663000 	C:\WINDOWS\System32\SHELL32.dll
0x00007ffeacf10000 - 0x00007ffead7fa000 	C:\WINDOWS\SYSTEM32\windows.storage.dll
0x00007ffeacdd0000 - 0x00007ffeacf0e000 	C:\WINDOWS\SYSTEM32\wintypes.dll
0x00007ffeb1a60000 - 0x00007ffeb1b53000 	C:\WINDOWS\System32\SHCORE.dll
0x00007ffeafa10000 - 0x00007ffeafa6e000 	C:\WINDOWS\System32\shlwapi.dll
0x00007ffeaeeb0000 - 0x00007ffeaeed6000 	C:\WINDOWS\SYSTEM32\profapi.dll
0x00007ffe99950000 - 0x00007ffe99969000 	C:\Program Files\Android\Android Studio\jbr\bin\net.dll
0x00007ffea6bb0000 - 0x00007ffea6ce7000 	C:\WINDOWS\SYSTEM32\WINHTTP.dll
0x00007ffeae540000 - 0x00007ffeae5a9000 	C:\WINDOWS\system32\mswsock.dll
0x00007ffe99930000 - 0x00007ffe99946000 	C:\Program Files\Android\Android Studio\jbr\bin\nio.dll
0x00007ffe9cb70000 - 0x00007ffe9cb80000 	C:\Program Files\Android\Android Studio\jbr\bin\verify.dll

dbghelp: loaded successfully - version: 4.0.5 - missing functions: none
symbol engine: initialized successfully - sym options: 0x614 - pdb path: .;C:\Program Files\Android\Android Studio\jbr\bin;C:\WINDOWS\SYSTEM32;C:\WINDOWS\WinSxS\amd64_microsoft.windows.common-controls_6595b64144ccf1df_6.0.22621.2215_none_270d72677387dfc3;C:\Program Files\Android\Android Studio\jbr\bin\server

VM Arguments:
java_command: org.jetbrains.kotlin.cli.jvm.K2JVMCompiler @D:\KLDA\testMovie\app\build\20231011_11502355542413096628.compiler.options
java_class_path (initial): C:\Users\admin\.gradle\caches\modules-2\files-2.1\org.jetbrains.kotlin\kotlin-compiler-embeddable\1.7.20\8db18559a581dd2c36ddfd5046af145650f5b126\kotlin-compiler-embeddable-1.7.20.jar;C:\Users\admin\.gradle\caches\modules-2\files-2.1\org.jetbrains.kotlin\kotlin-reflect\1.7.20\12b2501e33bb6373e8e347c86d85481863629381\kotlin-reflect-1.7.20.jar;C:\Users\admin\.gradle\caches\modules-2\files-2.1\org.jetbrains.kotlin\kotlin-stdlib\1.7.20\726594ea9ba2beb2ee113647fefa9a10f9fabe52\kotlin-stdlib-1.7.20.jar;C:\Users\admin\.gradle\caches\modules-2\files-2.1\org.jetbrains.kotlin\kotlin-script-runtime\1.7.20\bcd1cc6f865e632550357fcc59f5ffd532615a8\kotlin-script-runtime-1.7.20.jar;C:\Users\admin\.gradle\caches\modules-2\files-2.1\org.jetbrains.kotlin\kotlin-daemon-embeddable\1.7.20\1e24355adad8d529d75d5b19eab55484057431ba\kotlin-daemon-embeddable-1.7.20.jar;C:\Users\admin\.gradle\caches\modules-2\files-2.1\org.jetbrains.intellij.deps\trove4j\1.0.20200330\3afb14d5f9ceb459d724e907a21145e8ff394f02\trove4j-1.0.20200330.jar;C:\Users\admin\.gradle\caches\modules-2\files-2.1\net.java.dev.jna\jna\5.6.0\330f2244e9030119ab3030fc3fededc86713d9cc\jna-5.6.0.jar;C:\Users\admin\.gradle\caches\modules-2\files-2.1\org.jetbrains.kotlin\kotlin-stdlib-common\1.7.20\e15351bdaf9fa06f009be5da7a202e4184f00ae3\kotlin-stdlib-common-1.7.20.jar;C:\Users\admin\.gradle\caches\modules-2\files-2.1\org.jetbrains\annotations\13.0\919f0dfe192fb4e063e7dacadee7f8bb9a2672a9\annotations-13.0.jar
Launcher Type: SUN_STANDARD

[Global flags]
     intx CICompilerCount                          = 4                                         {product} {ergonomic}
     uint ConcGCThreads                            = 2                                         {product} {ergonomic}
     uint G1ConcRefinementThreads                  = 8                                         {product} {ergonomic}
   size_t G1HeapRegionSize                         = 2097152                                   {product} {ergonomic}
    uintx GCDrainStackTargetSize                   = 64                                        {product} {ergonomic}
   size_t InitialHeapSize                          = 264241152                                 {product} {ergonomic}
   size_t MarkStackSize                            = 4194304                                   {product} {ergonomic}
   size_t MaxHeapSize                              = 4217372672                                {product} {ergonomic}
   size_t MaxNewSize                               = 2529165312                                {product} {ergonomic}
   size_t MinHeapDeltaBytes                        = 2097152                                   {product} {ergonomic}
   size_t MinHeapSize                              = 8388608                                   {product} {ergonomic}
    uintx NonNMethodCodeHeapSize                   = 5839372                                {pd product} {ergonomic}
    uintx NonProfiledCodeHeapSize                  = 122909434                              {pd product} {ergonomic}
    uintx ProfiledCodeHeapSize                     = 122909434                              {pd product} {ergonomic}
    uintx ReservedCodeCacheSize                    = 251658240                              {pd product} {ergonomic}
     bool SegmentedCodeCache                       = true                                      {product} {ergonomic}
   size_t SoftMaxHeapSize                          = 4217372672                             {manageable} {ergonomic}
     bool UseCompressedClassPointers               = true                           {product lp64_product} {ergonomic}
     bool UseCompressedOops                        = true                           {product lp64_product} {ergonomic}
     bool UseG1GC                                  = true                                      {product} {ergonomic}
     bool UseLargePagesIndividualAllocation        = false                                  {pd product} {ergonomic}

Logging:
Log output configuration:
 #0: stdout all=warning uptime,level,tags
 #1: stderr all=off uptime,level,tags

Environment Variables:
PATH=C:\Program Files\Common Files\Oracle\Java\javapath;C:\Program Files (x86)\Common Files\Oracle\Java\javapath;C:\WINDOWS\system32;C:\WINDOWS;C:\WINDOWS\System32\Wbem;C:\WINDOWS\System32\WindowsPowerShell\v1.0\;C:\WINDOWS\System32\OpenSSH\;C:\Program Files\Git\cmd;C:\ProgramData\chocolatey\bin;C:\Users\admin\AppData\Roaming\nvm;C:\Program Files\nodejs;C:\Program Files\Cloudflare\Cloudflare WARP\;C:\Users\admin\AppData\Local\Programs\Python\Python311\Scripts\;C:\Users\admin\AppData\Local\Programs\Python\Python311\;C:\Users\admin\AppData\Local\Microsoft\WindowsApps;D:\Microsoft VS Code\bin;C:\Users\admin\AppData\Roaming\nvm;C:\Program Files\nodejs
USERNAME=admin
OS=Windows_NT
PROCESSOR_IDENTIFIER=Intel64 Family 6 Model 140 Stepping 2, GenuineIntel
TMP=C:\Users\admin\AppData\Local\Temp
TEMP=C:\Users\admin\AppData\Local\Temp



---------------  S Y S T E M  ---------------

OS:
 Windows 11 , 64 bit Build 22621 (10.0.22621.2215)
OS uptime: 0 days 4:52 hours

CPU: total 8 (initial active 8) (4 cores per cpu, 2 threads per core) family 6 model 140 stepping 2 microcode 0x16, cx8, cmov, fxsr, ht, mmx, 3dnowpref, sse, sse2, sse3, ssse3, sse4.1, sse4.2, popcnt, lzcnt, tsc, tscinvbit, avx, avx2, aes, erms, clmul, bmi1, bmi2, adx, avx512f, avx512dq, avx512cd, avx512bw, avx512vl, sha, fma, vzeroupper, avx512_vpopcntdq, avx512_vpclmulqdq, avx512_vaes, avx512_vnni, clflush, clflushopt, clwb, avx512_vbmi2, avx512_vbmi

Memory: 4k page, system-wide physical 16086M (489M free)
TotalPageFile size 37588M (AvailPageFile size 29M)
current process WorkingSet (physical memory assigned to process): 397M, peak: 397M
current process commit charge ("private bytes"): 432M, peak: 467M

vm_info: OpenJDK 64-Bit Server VM (17.0.6+0-b2043.56-9586694) for windows-amd64 JRE (17.0.6+0-b2043.56-9586694), built on Feb  9 2023 20:06:20 by "androidbuild" with MS VC++ 16.10 / 16.11 (VS2019)

END.
