#
# There is insufficient memory for the Java Runtime Environment to continue.
# Native memory allocation (mmap) failed to map 37748736 bytes for G1 virtual space
# Possible reasons:
#   The system is out of physical RAM or swap space
#   The process is running with CompressedOops enabled, and the Java Heap may be blocking the growth of the native heap
# Possible solutions:
#   Reduce memory load on the system
#   Increase physical memory or swap space
#   Check if swap backing store is full
#   Decrease Java heap size (-Xmx/-Xms)
#   Decrease number of Java threads
#   Decrease Java thread stack sizes (-Xss)
#   Set larger code cache with -XX:ReservedCodeCacheSize=
#   JVM is running with Zero Based Compressed Oops mode in which the Java heap is
#     placed in the first 32GB address space. The Java Heap base address is the
#     maximum limit for the native heap growth. Please use -XX:HeapBaseMinAddress
#     to set the Java Heap base and to place the Java Heap above 32GB virtual address.
# This output file may be truncated or incomplete.
#
#  Out of Memory Error (os_windows.cpp:3769), pid=17032, tid=7776
#
# JRE version: OpenJDK Runtime Environment (17.0.6) (build 17.0.6+0-b2043.56-9586694)
# Java VM: OpenJDK 64-Bit Server VM (17.0.6+0-b2043.56-9586694, mixed mode, tiered, compressed oops, compressed class ptrs, g1 gc, windows-amd64)
# No core dump will be written. Minidumps are not enabled by default on client versions of Windows
#

---------------  S U M M A R Y ------------

Command Line: org.jetbrains.kotlin.cli.jvm.K2JVMCompiler @D:\KLDA\testMovie\app\build\20231011_4168362510261975586.compiler.options

Host: 11th Gen Intel(R) Core(TM) i7-1195G7 @ 2.90GHz, 8 cores, 15G,  Windows 11 , 64 bit Build 22621 (10.0.22621.2215)
Time: Wed Oct 11 15:17:42 2023 SE Asia Standard Time elapsed time: 6.005780 seconds (0d 0h 0m 6s)

---------------  T H R E A D  ---------------

Current thread (0x000001e5a52e21f0):  VMThread "VM Thread" [stack: 0x0000005b24a00000,0x0000005b24b00000] [id=7776]

Stack: [0x0000005b24a00000,0x0000005b24b00000]
Native frames: (J=compiled Java code, j=interpreted, Vv=VM code, C=native code)
V  [jvm.dll+0x683b4a]
V  [jvm.dll+0x842654]
V  [jvm.dll+0x843dfe]
V  [jvm.dll+0x844463]
V  [jvm.dll+0x249b75]
V  [jvm.dll+0x680a19]
V  [jvm.dll+0x674f0a]
V  [jvm.dll+0x309acb]
V  [jvm.dll+0x310f86]
V  [jvm.dll+0x3608ee]
V  [jvm.dll+0x360b1f]
V  [jvm.dll+0x2dfbf8]
V  [jvm.dll+0x2ddec4]
V  [jvm.dll+0x2dd4cc]
V  [jvm.dll+0x321f3b]
V  [jvm.dll+0x84893b]
V  [jvm.dll+0x849674]
V  [jvm.dll+0x849b8d]
V  [jvm.dll+0x849f64]
V  [jvm.dll+0x84a030]
V  [jvm.dll+0x7f25fa]
V  [jvm.dll+0x682985]
C  [ucrtbase.dll+0x29363]
C  [KERNEL32.DLL+0x1257d]
C  [ntdll.dll+0x5aa68]

VM_Operation (0x0000005b244fd5b0): G1CollectForAllocation, mode: safepoint, requested by thread 0x000001e586b26ee0


---------------  P R O C E S S  ---------------

Threads class SMR info:
_java_thread_list=0x000001e5a62de1b0, length=14, elements={
0x000001e586b26ee0, 0x000001e5a52fe6b0, 0x000001e5a5c42260, 0x000001e5a5c8fa10,
0x000001e5a5c943f0, 0x000001e5a5c94cb0, 0x000001e5a5c95570, 0x000001e5a5c96210,
0x000001e5a5cab020, 0x000001e5a5cb6e30, 0x000001e5a5e115c0, 0x000001e5a5e122d0,
0x000001e5a5e31ff0, 0x000001e5a7d713a0
}

Java Threads: ( => current thread )
  0x000001e586b26ee0 JavaThread "main" [_thread_blocked, id=14212, stack(0x0000005b24400000,0x0000005b24500000)]
  0x000001e5a52fe6b0 JavaThread "Reference Handler" daemon [_thread_blocked, id=15092, stack(0x0000005b24b00000,0x0000005b24c00000)]
  0x000001e5a5c42260 JavaThread "Finalizer" daemon [_thread_blocked, id=18480, stack(0x0000005b24c00000,0x0000005b24d00000)]
  0x000001e5a5c8fa10 JavaThread "Signal Dispatcher" daemon [_thread_blocked, id=10328, stack(0x0000005b24d00000,0x0000005b24e00000)]
  0x000001e5a5c943f0 JavaThread "Attach Listener" daemon [_thread_blocked, id=2248, stack(0x0000005b24e00000,0x0000005b24f00000)]
  0x000001e5a5c94cb0 JavaThread "Service Thread" daemon [_thread_blocked, id=6620, stack(0x0000005b24f00000,0x0000005b25000000)]
  0x000001e5a5c95570 JavaThread "Monitor Deflation Thread" daemon [_thread_blocked, id=19432, stack(0x0000005b25000000,0x0000005b25100000)]
  0x000001e5a5c96210 JavaThread "C2 CompilerThread0" daemon [_thread_in_native, id=17808, stack(0x0000005b25100000,0x0000005b25200000)]
  0x000001e5a5cab020 JavaThread "C1 CompilerThread0" daemon [_thread_blocked, id=7696, stack(0x0000005b25200000,0x0000005b25300000)]
  0x000001e5a5cb6e30 JavaThread "Sweeper thread" daemon [_thread_blocked, id=14196, stack(0x0000005b25300000,0x0000005b25400000)]
  0x000001e5a5e115c0 JavaThread "Notification Thread" daemon [_thread_blocked, id=10068, stack(0x0000005b25400000,0x0000005b25500000)]
  0x000001e5a5e122d0 JavaThread "Common-Cleaner" daemon [_thread_blocked, id=8352, stack(0x0000005b25600000,0x0000005b25700000)]
  0x000001e5a5e31ff0 JavaThread "C2 CompilerThread1" daemon [_thread_blocked, id=6692, stack(0x0000005b25700000,0x0000005b25800000)]
  0x000001e5a7d713a0 JavaThread "C2 CompilerThread2" daemon [_thread_blocked, id=6820, stack(0x0000005b26000000,0x0000005b26100000)]

Other Threads:
=>0x000001e5a52e21f0 VMThread "VM Thread" [stack: 0x0000005b24a00000,0x0000005b24b00000] [id=7776]
  0x000001e5a5e11e90 WatcherThread [stack: 0x0000005b25500000,0x0000005b25600000] [id=18472]
  0x000001e586b95040 GCTaskThread "GC Thread#0" [stack: 0x0000005b24500000,0x0000005b24600000] [id=5988]
  0x000001e5a637b050 GCTaskThread "GC Thread#1" [stack: 0x0000005b25800000,0x0000005b25900000] [id=1808]
  0x000001e5a637f310 GCTaskThread "GC Thread#2" [stack: 0x0000005b25900000,0x0000005b25a00000] [id=5376]
  0x000001e5a637f5c0 GCTaskThread "GC Thread#3" [stack: 0x0000005b25a00000,0x0000005b25b00000] [id=7212]
  0x000001e5a637fe80 GCTaskThread "GC Thread#4" [stack: 0x0000005b25b00000,0x0000005b25c00000] [id=8780]
  0x000001e5a6380340 GCTaskThread "GC Thread#5" [stack: 0x0000005b25c00000,0x0000005b25d00000] [id=3508]
  0x000001e5a74e8260 GCTaskThread "GC Thread#6" [stack: 0x0000005b25d00000,0x0000005b25e00000] [id=11688]
  0x000001e5a74e7fb0 GCTaskThread "GC Thread#7" [stack: 0x0000005b25e00000,0x0000005b25f00000] [id=372]
  0x000001e586ba59e0 ConcurrentGCThread "G1 Main Marker" [stack: 0x0000005b24600000,0x0000005b24700000] [id=19032]
  0x000001e586ba6300 ConcurrentGCThread "G1 Conc#0" [stack: 0x0000005b24700000,0x0000005b24800000] [id=18896]
  0x000001e5a74e9530 ConcurrentGCThread "G1 Conc#1" [stack: 0x0000005b25f00000,0x0000005b26000000] [id=15148]
  0x000001e5a51944f0 ConcurrentGCThread "G1 Refine#0" [stack: 0x0000005b24800000,0x0000005b24900000] [id=3908]
  0x000001e5a96e33b0 ConcurrentGCThread "G1 Refine#1" [stack: 0x0000005b26100000,0x0000005b26200000] [id=17420]
  0x000001e5a96e2df0 ConcurrentGCThread "G1 Refine#2" [stack: 0x0000005b26200000,0x0000005b26300000] [id=6688]
  0x000001e5a96e4210 ConcurrentGCThread "G1 Refine#3" [stack: 0x0000005b26300000,0x0000005b26400000] [id=19248]
  0x000001e5a5194e20 ConcurrentGCThread "G1 Service" [stack: 0x0000005b24900000,0x0000005b24a00000] [id=5960]

Threads with active compile tasks:
C2 CompilerThread0     6013 11542       4       org.jetbrains.kotlin.load.kotlin.DescriptorBasedTypeSignatureMappingKt::mapType (895 bytes)
C2 CompilerThread1     6013 11960       4       java.util.regex.Matcher::search (154 bytes)
C2 CompilerThread2     6013 11603       4       org.jetbrains.org.objectweb.asm.ClassReader::readCode (5089 bytes)

VM state: at safepoint (normal execution)

VM Mutex/Monitor currently owned by a thread:  ([mutex/lock_event])
[0x000001e586b22250] Threads_lock - owner thread: 0x000001e5a52e21f0
[0x000001e586b22760] Heap_lock - owner thread: 0x000001e586b26ee0

Heap address: 0x0000000704a00000, size: 4022 MB, Compressed Oops mode: Zero based, Oop shift amount: 3

CDS archive(s) not mapped
Compressed class space mapped at: 0x0000000800000000-0x0000000840000000, reserved size: 1073741824
Narrow klass base: 0x0000000800000000, Narrow klass shift: 0, Narrow klass range: 0x40000000

GC Precious Log:
 CPUs: 8 total, 8 available
 Memory: 16086M
 Large Page Support: Disabled
 NUMA Support: Disabled
 Compressed Oops: Enabled (Zero based)
 Heap Region Size: 2M
 Heap Min Capacity: 8M
 Heap Initial Capacity: 252M
 Heap Max Capacity: 4022M
 Pre-touch: Disabled
 Parallel Workers: 8
 Concurrent Workers: 2
 Concurrent Refinement Workers: 8
 Periodic GC: Disabled

Heap:
 garbage-first heap   total 176128K, used 85887K [0x0000000704a00000, 0x0000000800000000)
  region size 2048K, 4 young (8192K), 4 survivors (8192K)
 Metaspace       used 79661K, committed 80000K, reserved 1122304K
  class space    used 9151K, committed 9344K, reserved 1048576K

Heap Regions: E=young(eden), S=young(survivor), O=old, HS=humongous(starts), HC=humongous(continues), CS=collection set, F=free, OA=open archive, CA=closed archive, TAMS=top-at-mark-start (previous, next)
|   0|0x0000000704a00000, 0x0000000704c00000, 0x0000000704c00000|100%|HS|  |TAMS 0x0000000704c00000, 0x0000000704c00000| Complete 
|   1|0x0000000704c00000, 0x0000000704e00000, 0x0000000704e00000|100%|HC|  |TAMS 0x0000000704e00000, 0x0000000704e00000| Complete 
|   2|0x0000000704e00000, 0x0000000705000000, 0x0000000705000000|100%| O|  |TAMS 0x0000000705000000, 0x0000000705000000| Untracked 
|   3|0x0000000705000000, 0x0000000705200000, 0x0000000705200000|100%|HS|  |TAMS 0x0000000705200000, 0x0000000705200000| Complete 
|   4|0x0000000705200000, 0x0000000705400000, 0x0000000705400000|100%|HC|  |TAMS 0x0000000705400000, 0x0000000705400000| Complete 
|   5|0x0000000705400000, 0x0000000705600000, 0x0000000705600000|100%| O|  |TAMS 0x0000000705600000, 0x0000000705600000| Untracked 
|   6|0x0000000705600000, 0x0000000705800000, 0x0000000705800000|100%| O|  |TAMS 0x0000000705800000, 0x0000000705800000| Untracked 
|   7|0x0000000705800000, 0x0000000705a00000, 0x0000000705a00000|100%| O|  |TAMS 0x0000000705a00000, 0x0000000705a00000| Untracked 
|   8|0x0000000705a00000, 0x0000000705c00000, 0x0000000705c00000|100%| O|  |TAMS 0x0000000705c00000, 0x0000000705c00000| Untracked 
|   9|0x0000000705c00000, 0x0000000705e00000, 0x0000000705e00000|100%| O|  |TAMS 0x0000000705e00000, 0x0000000705e00000| Untracked 
|  10|0x0000000705e00000, 0x0000000706000000, 0x0000000706000000|100%| O|  |TAMS 0x0000000706000000, 0x0000000706000000| Untracked 
|  11|0x0000000706000000, 0x0000000706200000, 0x0000000706200000|100%| O|  |TAMS 0x0000000706200000, 0x0000000706200000| Untracked 
|  12|0x0000000706200000, 0x0000000706400000, 0x0000000706400000|100%| O|  |TAMS 0x0000000706400000, 0x0000000706400000| Untracked 
|  13|0x0000000706400000, 0x0000000706600000, 0x0000000706600000|100%| O|  |TAMS 0x0000000706600000, 0x0000000706600000| Untracked 
|  14|0x0000000706600000, 0x0000000706800000, 0x0000000706800000|100%|HS|  |TAMS 0x0000000706800000, 0x0000000706800000| Complete 
|  15|0x0000000706800000, 0x0000000706a00000, 0x0000000706a00000|100%| O|  |TAMS 0x0000000706a00000, 0x0000000706a00000| Untracked 
|  16|0x0000000706a00000, 0x0000000706c00000, 0x0000000706c00000|100%| O|  |TAMS 0x0000000706c00000, 0x0000000706c00000| Untracked 
|  17|0x0000000706c00000, 0x0000000706e00000, 0x0000000706e00000|100%| O|  |TAMS 0x0000000706e00000, 0x0000000706e00000| Untracked 
|  18|0x0000000706e00000, 0x0000000707000000, 0x0000000707000000|100%| O|  |TAMS 0x0000000707000000, 0x0000000707000000| Untracked 
|  19|0x0000000707000000, 0x0000000707200000, 0x0000000707200000|100%| O|  |TAMS 0x0000000707200000, 0x0000000707200000| Untracked 
|  20|0x0000000707200000, 0x0000000707400000, 0x0000000707400000|100%| O|  |TAMS 0x000000070737ea00, 0x0000000707400000| Untracked 
|  21|0x0000000707400000, 0x0000000707600000, 0x0000000707600000|100%| O|  |TAMS 0x0000000707400000, 0x0000000707600000| Untracked 
|  22|0x0000000707600000, 0x0000000707800000, 0x0000000707800000|100%| O|  |TAMS 0x0000000707600000, 0x0000000707800000| Untracked 
|  23|0x0000000707800000, 0x0000000707a00000, 0x0000000707a00000|100%| O|  |TAMS 0x0000000707800000, 0x0000000707a00000| Untracked 
|  24|0x0000000707a00000, 0x0000000707c00000, 0x0000000707c00000|100%| O|  |TAMS 0x0000000707a00000, 0x0000000707c00000| Untracked 
|  25|0x0000000707c00000, 0x0000000707e00000, 0x0000000707e00000|100%| O|  |TAMS 0x0000000707c00000, 0x0000000707e00000| Untracked 
|  26|0x0000000707e00000, 0x0000000708000000, 0x0000000708000000|100%| O|  |TAMS 0x0000000707e00000, 0x0000000708000000| Untracked 
|  27|0x0000000708000000, 0x0000000708200000, 0x0000000708200000|100%| O|  |TAMS 0x0000000708000000, 0x0000000708200000| Untracked 
|  28|0x0000000708200000, 0x0000000708400000, 0x0000000708400000|100%| O|  |TAMS 0x0000000708200000, 0x0000000708400000| Untracked 
|  29|0x0000000708400000, 0x0000000708600000, 0x0000000708600000|100%| O|  |TAMS 0x0000000708400000, 0x0000000708600000| Untracked 
|  30|0x0000000708600000, 0x0000000708800000, 0x0000000708800000|100%| O|  |TAMS 0x0000000708600000, 0x0000000708800000| Untracked 
|  31|0x0000000708800000, 0x0000000708a00000, 0x0000000708a00000|100%| O|  |TAMS 0x0000000708800000, 0x0000000708a00000| Untracked 
|  32|0x0000000708a00000, 0x0000000708c00000, 0x0000000708c00000|100%| O|  |TAMS 0x0000000708a00000, 0x0000000708c00000| Untracked 
|  33|0x0000000708c00000, 0x0000000708e00000, 0x0000000708e00000|100%| O|  |TAMS 0x0000000708c00000, 0x0000000708e00000| Untracked 
|  34|0x0000000708e00000, 0x0000000709000000, 0x0000000709000000|100%| O|  |TAMS 0x0000000708e00000, 0x0000000709000000| Untracked 
|  35|0x0000000709000000, 0x0000000709200000, 0x0000000709200000|100%| O|  |TAMS 0x0000000709000000, 0x0000000709200000| Untracked 
|  36|0x0000000709200000, 0x0000000709400000, 0x0000000709400000|100%| O|  |TAMS 0x0000000709200000, 0x0000000709400000| Untracked 
|  37|0x0000000709400000, 0x0000000709600000, 0x0000000709600000|100%| O|  |TAMS 0x0000000709400000, 0x0000000709600000| Untracked 
|  38|0x0000000709600000, 0x00000007096ed800, 0x0000000709800000| 46%| O|  |TAMS 0x0000000709600000, 0x00000007096ed800| Untracked 
|  39|0x0000000709800000, 0x0000000709800000, 0x0000000709a00000|  0%| F|  |TAMS 0x0000000709800000, 0x0000000709800000| Untracked 
|  40|0x0000000709a00000, 0x0000000709a00000, 0x0000000709c00000|  0%| F|  |TAMS 0x0000000709a00000, 0x0000000709a00000| Untracked 
|  41|0x0000000709c00000, 0x0000000709c00000, 0x0000000709e00000|  0%| F|  |TAMS 0x0000000709c00000, 0x0000000709c00000| Untracked 
|  42|0x0000000709e00000, 0x0000000709e00000, 0x000000070a000000|  0%| F|  |TAMS 0x0000000709e00000, 0x0000000709e00000| Untracked 
|  43|0x000000070a000000, 0x000000070a000000, 0x000000070a200000|  0%| F|  |TAMS 0x000000070a000000, 0x000000070a000000| Untracked 
|  44|0x000000070a200000, 0x000000070a200000, 0x000000070a400000|  0%| F|  |TAMS 0x000000070a200000, 0x000000070a200000| Untracked 
|  45|0x000000070a400000, 0x000000070a400000, 0x000000070a600000|  0%| F|  |TAMS 0x000000070a400000, 0x000000070a400000| Untracked 
|  46|0x000000070a600000, 0x000000070a600000, 0x000000070a800000|  0%| F|  |TAMS 0x000000070a600000, 0x000000070a600000| Untracked 
|  47|0x000000070a800000, 0x000000070a800000, 0x000000070aa00000|  0%| F|  |TAMS 0x000000070a800000, 0x000000070a800000| Untracked 
|  48|0x000000070aa00000, 0x000000070aa00000, 0x000000070ac00000|  0%| F|  |TAMS 0x000000070aa00000, 0x000000070aa00000| Untracked 
|  49|0x000000070ac00000, 0x000000070ac00000, 0x000000070ae00000|  0%| F|  |TAMS 0x000000070ac00000, 0x000000070ac00000| Untracked 
|  50|0x000000070ae00000, 0x000000070ae00000, 0x000000070b000000|  0%| F|  |TAMS 0x000000070ae00000, 0x000000070ae00000| Untracked 
|  51|0x000000070b000000, 0x000000070b000000, 0x000000070b200000|  0%| F|  |TAMS 0x000000070b000000, 0x000000070b000000| Untracked 
|  52|0x000000070b200000, 0x000000070b200000, 0x000000070b400000|  0%| F|  |TAMS 0x000000070b200000, 0x000000070b200000| Untracked 
|  53|0x000000070b400000, 0x000000070b400000, 0x000000070b600000|  0%| F|  |TAMS 0x000000070b400000, 0x000000070b400000| Untracked 
|  54|0x000000070b600000, 0x000000070b6f27e0, 0x000000070b800000| 47%| S|CS|TAMS 0x000000070b600000, 0x000000070b600000| Complete 
|  55|0x000000070b800000, 0x000000070ba00000, 0x000000070ba00000|100%| S|CS|TAMS 0x000000070b800000, 0x000000070b800000| Complete 
|  56|0x000000070ba00000, 0x000000070bc00000, 0x000000070bc00000|100%| S|CS|TAMS 0x000000070ba00000, 0x000000070ba00000| Complete 
|  57|0x000000070bc00000, 0x000000070be00000, 0x000000070be00000|100%| S|CS|TAMS 0x000000070bc00000, 0x000000070bc00000| Complete 
|  58|0x000000070be00000, 0x000000070be00000, 0x000000070c000000|  0%| F|  |TAMS 0x000000070be00000, 0x000000070be00000| Untracked 
|  59|0x000000070c000000, 0x000000070c000000, 0x000000070c200000|  0%| F|  |TAMS 0x000000070c000000, 0x000000070c000000| Untracked 
|  60|0x000000070c200000, 0x000000070c200000, 0x000000070c400000|  0%| F|  |TAMS 0x000000070c200000, 0x000000070c200000| Untracked 
|  61|0x000000070c400000, 0x000000070c400000, 0x000000070c600000|  0%| F|  |TAMS 0x000000070c400000, 0x000000070c400000| Untracked 
|  62|0x000000070c600000, 0x000000070c600000, 0x000000070c800000|  0%| F|  |TAMS 0x000000070c600000, 0x000000070c600000| Untracked 
|  63|0x000000070c800000, 0x000000070c800000, 0x000000070ca00000|  0%| F|  |TAMS 0x000000070c800000, 0x000000070c800000| Untracked 
|  64|0x000000070ca00000, 0x000000070ca00000, 0x000000070cc00000|  0%| F|  |TAMS 0x000000070ca00000, 0x000000070ca00000| Untracked 
|  65|0x000000070cc00000, 0x000000070cc00000, 0x000000070ce00000|  0%| F|  |TAMS 0x000000070cc00000, 0x000000070cc00000| Untracked 
|  66|0x000000070ce00000, 0x000000070ce00000, 0x000000070d000000|  0%| F|  |TAMS 0x000000070ce00000, 0x000000070ce00000| Untracked 
|  67|0x000000070d000000, 0x000000070d000000, 0x000000070d200000|  0%| F|  |TAMS 0x000000070d000000, 0x000000070d000000| Untracked 
|  68|0x000000070d200000, 0x000000070d200000, 0x000000070d400000|  0%| F|  |TAMS 0x000000070d200000, 0x000000070d200000| Untracked 
|  69|0x000000070d400000, 0x000000070d400000, 0x000000070d600000|  0%| F|  |TAMS 0x000000070d400000, 0x000000070d400000| Untracked 
|  70|0x000000070d600000, 0x000000070d600000, 0x000000070d800000|  0%| F|  |TAMS 0x000000070d600000, 0x000000070d600000| Untracked 
|  71|0x000000070d800000, 0x000000070d800000, 0x000000070da00000|  0%| F|  |TAMS 0x000000070d800000, 0x000000070d800000| Untracked 
|  72|0x000000070da00000, 0x000000070da00000, 0x000000070dc00000|  0%| F|  |TAMS 0x000000070da00000, 0x000000070da00000| Untracked 
|  73|0x000000070dc00000, 0x000000070dc00000, 0x000000070de00000|  0%| F|  |TAMS 0x000000070dc00000, 0x000000070dc00000| Untracked 
|  74|0x000000070de00000, 0x000000070de00000, 0x000000070e000000|  0%| F|  |TAMS 0x000000070de00000, 0x000000070de00000| Untracked 
|  75|0x000000070e000000, 0x000000070e000000, 0x000000070e200000|  0%| F|  |TAMS 0x000000070e000000, 0x000000070e000000| Untracked 
|  76|0x000000070e200000, 0x000000070e200000, 0x000000070e400000|  0%| F|  |TAMS 0x000000070e200000, 0x000000070e200000| Untracked 
|  77|0x000000070e400000, 0x000000070e400000, 0x000000070e600000|  0%| F|  |TAMS 0x000000070e400000, 0x000000070e400000| Untracked 
|  78|0x000000070e600000, 0x000000070e600000, 0x000000070e800000|  0%| F|  |TAMS 0x000000070e600000, 0x000000070e600000| Untracked 
|  79|0x000000070e800000, 0x000000070e800000, 0x000000070ea00000|  0%| F|  |TAMS 0x000000070e800000, 0x000000070e800000| Untracked 
|  80|0x000000070ea00000, 0x000000070ea00000, 0x000000070ec00000|  0%| F|  |TAMS 0x000000070ea00000, 0x000000070ea00000| Untracked 
|  81|0x000000070ec00000, 0x000000070ec00000, 0x000000070ee00000|  0%| F|  |TAMS 0x000000070ec00000, 0x000000070ec00000| Untracked 
|  82|0x000000070ee00000, 0x000000070ee00000, 0x000000070f000000|  0%| F|  |TAMS 0x000000070ee00000, 0x000000070ee00000| Untracked 
|  83|0x000000070f000000, 0x000000070f000000, 0x000000070f200000|  0%| F|  |TAMS 0x000000070f000000, 0x000000070f000000| Untracked 
|  84|0x000000070f200000, 0x000000070f200000, 0x000000070f400000|  0%| F|  |TAMS 0x000000070f200000, 0x000000070f200000| Untracked 
| 125|0x0000000714400000, 0x0000000714400000, 0x0000000714600000|  0%| F|  |TAMS 0x0000000714400000, 0x0000000714400000| Untracked 

Card table byte_map: [0x000001e599b00000,0x000001e59a2e0000] _byte_map_base: 0x000001e5962db000

Marking Bits (Prev, Next): (CMBitMap*) 0x000001e586b955a0, (CMBitMap*) 0x000001e586b95560
 Prev Bits: [0x000001e59e9a0000, 0x000001e5a2878000)
 Next Bits: [0x000001e59aac0000, 0x000001e59e998000)

Polling page: 0x000001e5862f0000

Metaspace:

Usage:
  Non-class:     68.86 MB used.
      Class:      8.94 MB used.
       Both:     77.79 MB used.

Virtual space:
  Non-class space:       72.00 MB reserved,      69.00 MB ( 96%) committed,  9 nodes.
      Class space:        1.00 GB reserved,       9.12 MB ( <1%) committed,  1 nodes.
             Both:        1.07 GB reserved,      78.12 MB (  7%) committed. 

Chunk freelists:
   Non-Class:  3.01 MB
       Class:  2.86 MB
        Both:  5.87 MB

MaxMetaspaceSize: unlimited
CompressedClassSpaceSize: 1.00 GB
Initial GC threshold: 21.00 MB
Current GC threshold: 99.00 MB
CDS: off
MetaspaceReclaimPolicy: balanced
 - commit_granule_bytes: 65536.
 - commit_granule_words: 8192.
 - virtual_space_node_default_size: 1048576.
 - enlarge_chunks_in_place: 1.
 - new_chunks_are_fully_committed: 0.
 - uncommit_free_chunks: 1.
 - use_allocation_guard: 0.
 - handle_deallocations: 1.


Internal statistics:

num_allocs_failed_limit: 9.
num_arena_births: 360.
num_arena_deaths: 0.
num_vsnodes_births: 10.
num_vsnodes_deaths: 0.
num_space_committed: 1248.
num_space_uncommitted: 0.
num_chunks_returned_to_freelist: 9.
num_chunks_taken_from_freelist: 2953.
num_chunk_merges: 9.
num_chunk_splits: 2299.
num_chunks_enlarged: 1964.
num_purges: 0.
num_inconsistent_stats: 0.

CodeHeap 'non-profiled nmethods': size=120000Kb used=5791Kb max_used=5791Kb free=114208Kb
 bounds [0x000001e591ac0000, 0x000001e592070000, 0x000001e598ff0000]
CodeHeap 'profiled nmethods': size=120000Kb used=27578Kb max_used=27619Kb free=92421Kb
 bounds [0x000001e589ff0000, 0x000001e58baf0000, 0x000001e591520000]
CodeHeap 'non-nmethods': size=5760Kb used=1341Kb max_used=1428Kb free=4418Kb
 bounds [0x000001e591520000, 0x000001e591790000, 0x000001e591ac0000]
 total_blobs=11100 nmethods=10455 adapters=555
 compilation: enabled
              stopped_count=0, restarted_count=0
 full_count=0

Compilation events (20 events):
Event: 5.986 Thread 0x000001e5a5cab020 11953       2       com.sun.tools.javac.tree.Pretty::indent (14 bytes)
Event: 5.986 Thread 0x000001e5a5cab020 nmethod 11953 0x000001e58bae1110 code [0x000001e58bae12a0, 0x000001e58bae13b8]
Event: 5.986 Thread 0x000001e5a5cab020 11954       2       com.sun.tools.javac.tree.Pretty::undent (14 bytes)
Event: 5.986 Thread 0x000001e5a5cab020 nmethod 11954 0x000001e58bae1490 code [0x000001e58bae1620, 0x000001e58bae1738]
Event: 5.987 Thread 0x000001e5a5cab020 11955       2       org.jetbrains.kotlin.kapt3.PrettyWithWorkarounds::visitVarDef (130 bytes)
Event: 5.988 Thread 0x000001e5a5e31ff0 nmethod 11888 0x000001e592063710 code [0x000001e592063980, 0x000001e5920653e8]
Event: 5.988 Thread 0x000001e5a5e31ff0 11929       4       java.lang.StringBuilder::append (6 bytes)
Event: 5.988 Thread 0x000001e5a5cab020 nmethod 11955 0x000001e58bae1810 code [0x000001e58bae1bc0, 0x000001e58bae2928]
Event: 5.988 Thread 0x000001e5a5cab020 11958       2       java.util.regex.Matcher::search (154 bytes)
Event: 5.989 Thread 0x000001e5a5cab020 nmethod 11958 0x000001e58bae3290 code [0x000001e58bae3440, 0x000001e58bae3738]
Event: 5.989 Thread 0x000001e5a5cab020 11957   !   2       com.sun.tools.javac.tree.Pretty::visitMethodDef (285 bytes)
Event: 5.990 Thread 0x000001e5a5cab020 nmethod 11957 0x000001e58bae3910 code [0x000001e58bae3c80, 0x000001e58bae47a8]
Event: 5.990 Thread 0x000001e5a5cab020 11959       2       com.sun.tools.javac.tree.Pretty::printExprs (8 bytes)
Event: 5.990 Thread 0x000001e5a5cab020 nmethod 11959 0x000001e58bae5390 code [0x000001e58bae5520, 0x000001e58bae5648]
Event: 5.990 Thread 0x000001e5a5cab020 11956   !   2       com.sun.tools.javac.tree.Pretty::visitVarDef (565 bytes)
Event: 5.992 Thread 0x000001e5a5cab020 nmethod 11956 0x000001e58bae5710 code [0x000001e58bae5d00, 0x000001e58bae7808]
Event: 5.996 Thread 0x000001e5a5e31ff0 nmethod 11929 0x000001e592066890 code [0x000001e592066a40, 0x000001e592067718]
Event: 5.996 Thread 0x000001e5a5e31ff0 11960       4       java.util.regex.Matcher::search (154 bytes)
Event: 5.996 Thread 0x000001e5a5cab020 11963       2       java.lang.Integer::toString (8 bytes)
Event: 5.996 Thread 0x000001e5a5cab020 nmethod 11963 0x000001e58a69b810 code [0x000001e58a69b9a0, 0x000001e58a69bac8]

GC Heap History (20 events):
Event: 1.065 GC heap after
{Heap after GC invocations=7 (full 0):
 garbage-first heap   total 157696K, used 20858K [0x0000000704a00000, 0x0000000800000000)
  region size 2048K, 2 young (4096K), 2 survivors (4096K)
 Metaspace       used 32975K, committed 33280K, reserved 1081344K
  class space    used 4005K, committed 4096K, reserved 1048576K
}
Event: 1.222 GC heap before
{Heap before GC invocations=7 (full 0):
 garbage-first heap   total 157696K, used 43386K [0x0000000704a00000, 0x0000000800000000)
  region size 2048K, 13 young (26624K), 2 survivors (4096K)
 Metaspace       used 35877K, committed 36096K, reserved 1081344K
  class space    used 4554K, committed 4672K, reserved 1048576K
}
Event: 1.227 GC heap after
{Heap after GC invocations=8 (full 0):
 garbage-first heap   total 157696K, used 26400K [0x0000000704a00000, 0x0000000800000000)
  region size 2048K, 4 young (8192K), 4 survivors (8192K)
 Metaspace       used 35877K, committed 36096K, reserved 1081344K
  class space    used 4554K, committed 4672K, reserved 1048576K
}
Event: 1.697 GC heap before
{Heap before GC invocations=9 (full 0):
 garbage-first heap   total 102400K, used 79648K [0x0000000704a00000, 0x0000000800000000)
  region size 2048K, 30 young (61440K), 4 survivors (8192K)
 Metaspace       used 46276K, committed 46528K, reserved 1097728K
  class space    used 5614K, committed 5760K, reserved 1048576K
}
Event: 1.707 GC heap after
{Heap after GC invocations=10 (full 0):
 garbage-first heap   total 102400K, used 30081K [0x0000000704a00000, 0x0000000800000000)
  region size 2048K, 4 young (8192K), 4 survivors (8192K)
 Metaspace       used 46276K, committed 46528K, reserved 1097728K
  class space    used 5614K, committed 5760K, reserved 1048576K
}
Event: 1.734 GC heap before
{Heap before GC invocations=10 (full 0):
 garbage-first heap   total 102400K, used 32129K [0x0000000704a00000, 0x0000000800000000)
  region size 2048K, 5 young (10240K), 4 survivors (8192K)
 Metaspace       used 46490K, committed 46720K, reserved 1097728K
  class space    used 5632K, committed 5760K, reserved 1048576K
}
Event: 1.741 GC heap after
{Heap after GC invocations=11 (full 0):
 garbage-first heap   total 102400K, used 31941K [0x0000000704a00000, 0x0000000800000000)
  region size 2048K, 1 young (2048K), 1 survivors (2048K)
 Metaspace       used 46490K, committed 46720K, reserved 1097728K
  class space    used 5632K, committed 5760K, reserved 1048576K
}
Event: 2.240 GC heap before
{Heap before GC invocations=11 (full 0):
 garbage-first heap   total 102400K, used 74949K [0x0000000704a00000, 0x0000000800000000)
  region size 2048K, 21 young (43008K), 1 survivors (2048K)
 Metaspace       used 54150K, committed 54400K, reserved 1097728K
  class space    used 6515K, committed 6656K, reserved 1048576K
}
Event: 2.247 GC heap after
{Heap after GC invocations=12 (full 0):
 garbage-first heap   total 102400K, used 40399K [0x0000000704a00000, 0x0000000800000000)
  region size 2048K, 3 young (6144K), 3 survivors (6144K)
 Metaspace       used 54150K, committed 54400K, reserved 1097728K
  class space    used 6515K, committed 6656K, reserved 1048576K
}
Event: 2.562 GC heap before
{Heap before GC invocations=12 (full 0):
 garbage-first heap   total 102400K, used 75215K [0x0000000704a00000, 0x0000000800000000)
  region size 2048K, 20 young (40960K), 3 survivors (6144K)
 Metaspace       used 57204K, committed 57472K, reserved 1105920K
  class space    used 6862K, committed 6976K, reserved 1048576K
}
Event: 2.573 GC heap after
{Heap after GC invocations=13 (full 0):
 garbage-first heap   total 176128K, used 48634K [0x0000000704a00000, 0x0000000800000000)
  region size 2048K, 3 young (6144K), 3 survivors (6144K)
 Metaspace       used 57204K, committed 57472K, reserved 1105920K
  class space    used 6862K, committed 6976K, reserved 1048576K
}
Event: 3.164 GC heap before
{Heap before GC invocations=13 (full 0):
 garbage-first heap   total 176128K, used 112122K [0x0000000704a00000, 0x0000000800000000)
  region size 2048K, 35 young (71680K), 3 survivors (6144K)
 Metaspace       used 60484K, committed 60736K, reserved 1105920K
  class space    used 7166K, committed 7296K, reserved 1048576K
}
Event: 3.173 GC heap after
{Heap after GC invocations=14 (full 0):
 garbage-first heap   total 176128K, used 56146K [0x0000000704a00000, 0x0000000800000000)
  region size 2048K, 4 young (8192K), 4 survivors (8192K)
 Metaspace       used 60484K, committed 60736K, reserved 1105920K
  class space    used 7166K, committed 7296K, reserved 1048576K
}
Event: 3.913 GC heap before
{Heap before GC invocations=15 (full 0):
 garbage-first heap   total 176128K, used 123730K [0x0000000704a00000, 0x0000000800000000)
  region size 2048K, 37 young (75776K), 4 survivors (8192K)
 Metaspace       used 65212K, committed 65472K, reserved 1114112K
  class space    used 7821K, committed 7936K, reserved 1048576K
}
Event: 3.926 GC heap after
{Heap after GC invocations=16 (full 0):
 garbage-first heap   total 176128K, used 67862K [0x0000000704a00000, 0x0000000800000000)
  region size 2048K, 5 young (10240K), 5 survivors (10240K)
 Metaspace       used 65212K, committed 65472K, reserved 1114112K
  class space    used 7821K, committed 7936K, reserved 1048576K
}
Event: 4.779 GC heap before
{Heap before GC invocations=16 (full 0):
 garbage-first heap   total 176128K, used 127254K [0x0000000704a00000, 0x0000000800000000)
  region size 2048K, 34 young (69632K), 5 survivors (10240K)
 Metaspace       used 68988K, committed 69248K, reserved 1114112K
  class space    used 8147K, committed 8256K, reserved 1048576K
}
Event: 4.793 GC heap after
{Heap after GC invocations=17 (full 0):
 garbage-first heap   total 176128K, used 78598K [0x0000000704a00000, 0x0000000800000000)
  region size 2048K, 5 young (10240K), 5 survivors (10240K)
 Metaspace       used 68988K, committed 69248K, reserved 1114112K
  class space    used 8147K, committed 8256K, reserved 1048576K
}
Event: 5.510 GC heap before
{Heap before GC invocations=17 (full 0):
 garbage-first heap   total 176128K, used 131846K [0x0000000704a00000, 0x0000000800000000)
  region size 2048K, 31 young (63488K), 5 survivors (10240K)
 Metaspace       used 74002K, committed 74368K, reserved 1122304K
  class space    used 8534K, committed 8704K, reserved 1048576K
}
Event: 5.519 GC heap after
{Heap after GC invocations=18 (full 0):
 garbage-first heap   total 176128K, used 82870K [0x0000000704a00000, 0x0000000800000000)
  region size 2048K, 2 young (4096K), 2 survivors (4096K)
 Metaspace       used 74002K, committed 74368K, reserved 1122304K
  class space    used 8534K, committed 8704K, reserved 1048576K
}
Event: 5.998 GC heap before
{Heap before GC invocations=18 (full 0):
 garbage-first heap   total 176128K, used 136118K [0x0000000704a00000, 0x0000000800000000)
  region size 2048K, 28 young (57344K), 2 survivors (4096K)
 Metaspace       used 79661K, committed 80000K, reserved 1122304K
  class space    used 9151K, committed 9344K, reserved 1048576K
}

Dll operation events (2 events):
Event: 0.005 Loaded shared library C:\Program Files\Android\Android Studio\jbr\bin\java.dll
Event: 0.542 Loaded shared library C:\Program Files\Android\Android Studio\jbr\bin\verify.dll

Deoptimization events (20 events):
Event: 5.986 Thread 0x000001e586b26ee0 DEOPT PACKING pc=0x000001e58ab26d52 sp=0x0000005b244fd330
Event: 5.986 Thread 0x000001e586b26ee0 DEOPT UNPACKING pc=0x000001e59157ace3 sp=0x0000005b244fc7d0 mode 0
Event: 5.988 Thread 0x000001e586b26ee0 Uncommon trap: trap_request=0xffffffc6 fr.pc=0x000001e592064a84 relative=0x0000000000001104
Event: 5.988 Thread 0x000001e586b26ee0 Uncommon trap: reason=bimorphic_or_optimized_type_check action=maybe_recompile pc=0x000001e592064a84 method=java.util.regex.Pattern$BmpCharProperty.match(Ljava/util/regex/Matcher;ILjava/lang/CharSequence;)Z @ 36 c2
Event: 5.988 Thread 0x000001e586b26ee0 DEOPT PACKING pc=0x000001e592064a84 sp=0x0000005b244fd2d0
Event: 5.988 Thread 0x000001e586b26ee0 DEOPT UNPACKING pc=0x000001e59157a1a3 sp=0x0000005b244fd1c8 mode 2
Event: 5.988 Thread 0x000001e586b26ee0 Uncommon trap: trap_request=0xffffffc6 fr.pc=0x000001e592064a84 relative=0x0000000000001104
Event: 5.988 Thread 0x000001e586b26ee0 Uncommon trap: reason=bimorphic_or_optimized_type_check action=maybe_recompile pc=0x000001e592064a84 method=java.util.regex.Pattern$BmpCharProperty.match(Ljava/util/regex/Matcher;ILjava/lang/CharSequence;)Z @ 36 c2
Event: 5.988 Thread 0x000001e586b26ee0 DEOPT PACKING pc=0x000001e592064a84 sp=0x0000005b244fd2d0
Event: 5.988 Thread 0x000001e586b26ee0 DEOPT UNPACKING pc=0x000001e59157a1a3 sp=0x0000005b244fd1c8 mode 2
Event: 5.988 Thread 0x000001e586b26ee0 Uncommon trap: trap_request=0xffffffc6 fr.pc=0x000001e592064a84 relative=0x0000000000001104
Event: 5.988 Thread 0x000001e586b26ee0 Uncommon trap: reason=bimorphic_or_optimized_type_check action=maybe_recompile pc=0x000001e592064a84 method=java.util.regex.Pattern$BmpCharProperty.match(Ljava/util/regex/Matcher;ILjava/lang/CharSequence;)Z @ 36 c2
Event: 5.988 Thread 0x000001e586b26ee0 DEOPT PACKING pc=0x000001e592064a84 sp=0x0000005b244fd2d0
Event: 5.988 Thread 0x000001e586b26ee0 DEOPT UNPACKING pc=0x000001e59157a1a3 sp=0x0000005b244fd1c8 mode 2
Event: 5.988 Thread 0x000001e586b26ee0 Uncommon trap: trap_request=0xffffffc6 fr.pc=0x000001e592064a84 relative=0x0000000000001104
Event: 5.988 Thread 0x000001e586b26ee0 Uncommon trap: reason=bimorphic_or_optimized_type_check action=maybe_recompile pc=0x000001e592064a84 method=java.util.regex.Pattern$BmpCharProperty.match(Ljava/util/regex/Matcher;ILjava/lang/CharSequence;)Z @ 36 c2
Event: 5.988 Thread 0x000001e586b26ee0 DEOPT PACKING pc=0x000001e592064a84 sp=0x0000005b244fd2d0
Event: 5.988 Thread 0x000001e586b26ee0 DEOPT UNPACKING pc=0x000001e59157a1a3 sp=0x0000005b244fd1c8 mode 2
Event: 5.995 Thread 0x000001e586b26ee0 DEOPT PACKING pc=0x000001e58bae3652 sp=0x0000005b244fd360
Event: 5.995 Thread 0x000001e586b26ee0 DEOPT UNPACKING pc=0x000001e59157ace3 sp=0x0000005b244fc800 mode 0

Classes unloaded (0 events):
No events

Classes redefined (0 events):
No events

Internal exceptions (20 events):
Event: 2.975 Thread 0x000001e586b26ee0 Exception <a 'java/lang/NoSuchMethodError'{0x000000070c3b3d90}: 'int java.lang.invoke.DirectMethodHandle$Holder.invokeInterface(java.lang.Object, java.lang.Object)'> (0x000000070c3b3d90) 
thrown [s\src\hotspot\share\interpreter\linkResolver.cpp, line 771]
Event: 3.240 Thread 0x000001e586b26ee0 Exception <a 'java/lang/NoSuchMethodError'{0x000000070f367f60}: 'int java.lang.invoke.DirectMethodHandle$Holder.invokeVirtual(java.lang.Object, java.lang.Object, java.lang.Object)'> (0x000000070f367f60) 
thrown [s\src\hotspot\share\interpreter\linkResolver.cpp, line 771]
Event: 3.304 Thread 0x000001e586b26ee0 Exception <a 'java/lang/NoSuchMethodError'{0x000000070ee9d350}: 'void java.lang.invoke.DirectMethodHandle$Holder.invokeSpecial(java.lang.Object, java.lang.Object, int, java.lang.Object)'> (0x000000070ee9d350) 
thrown [s\src\hotspot\share\interpreter\linkResolver.cpp, line 771]
Event: 3.313 Thread 0x000001e586b26ee0 Exception <a 'java/lang/NoSuchMethodError'{0x000000070ef2e910}: 'java.lang.Object java.lang.invoke.DirectMethodHandle$Holder.invokeStatic(java.lang.Object, java.lang.Object, java.lang.Object, java.lang.Object, int)'> (0x000000070ef2e910) 
thrown [s\src\hotspot\share\interpreter\linkResolver.cpp, line 771]
Event: 3.314 Thread 0x000001e586b26ee0 Exception <a 'java/lang/NoSuchMethodError'{0x000000070ef38500}: 'java.lang.Object java.lang.invoke.DirectMethodHandle$Holder.newInvokeSpecial(java.lang.Object, java.lang.Object, java.lang.Object, java.lang.Object, int)'> (0x000000070ef38500) 
thrown [s\src\hotspot\share\interpreter\linkResolver.cpp, line 771]
Event: 3.314 Thread 0x000001e586b26ee0 Exception <a 'java/lang/NoSuchMethodError'{0x000000070ef3d030}: 'java.lang.Object java.lang.invoke.DirectMethodHandle$Holder.invokeSpecial(java.lang.Object, java.lang.Object, java.lang.Object, java.lang.Object, java.lang.Object, int)'> (0x000000070ef3d030) 
thrown [s\src\hotspot\share\interpreter\linkResolver.cpp, line 771]
Event: 3.314 Thread 0x000001e586b26ee0 Exception <a 'java/lang/NoSuchMethodError'{0x000000070ef41510}: 'java.lang.Object java.lang.invoke.Invokers$Holder.linkToTargetMethod(java.lang.Object, java.lang.Object, java.lang.Object, int, java.lang.Object)'> (0x000000070ef41510) 
thrown [s\src\hotspot\share\interpreter\linkResolver.cpp, line 771]
Event: 3.343 Thread 0x000001e586b26ee0 Exception <a 'java/lang/NoSuchMethodError'{0x000000070ece4760}: 'void java.lang.invoke.DirectMethodHandle$Holder.invokeInterface(java.lang.Object, java.lang.Object)'> (0x000000070ece4760) 
thrown [s\src\hotspot\share\interpreter\linkResolver.cpp, line 771]
Event: 3.371 Thread 0x000001e586b26ee0 Exception <a 'java/lang/IncompatibleClassChangeError'{0x000000070ea4fc90}: Found class java.lang.Object, but interface was expected> (0x000000070ea4fc90) 
thrown [s\src\hotspot\share\interpreter\linkResolver.cpp, line 838]
Event: 3.467 Thread 0x000001e586b26ee0 Exception <a 'java/lang/NoSuchMethodError'{0x000000070e3dbe78}: 'java.lang.Object java.lang.invoke.DirectMethodHandle$Holder.newInvokeSpecial(java.lang.Object, java.lang.Object, java.lang.Object, java.lang.Object, java.lang.Object, java.lang.Object, java.lang.Object, java.lang.Object)'> (0x000000070e3dbe78) 
thrown [s\src\hotspot\share\interpreter\linkResolver.cpp, line 771]
Event: 3.467 Thread 0x000001e586b26ee0 Exception <a 'java/lang/NoSuchMethodError'{0x000000070e3e1490}: 'java.lang.Object java.lang.invoke.DirectMethodHandle$Holder.invokeSpecial(java.lang.Object, java.lang.Object, java.lang.Object, java.lang.Object, java.lang.Object, java.lang.Object, java.lang.Object, java.lang.Object, java.lang.Object)'> (0x000000070e3e1490) 
thrown [s\src\hotspot\share\interpreter\linkResolver.cpp, line 771]
Event: 3.467 Thread 0x000001e586b26ee0 Exception <a 'java/lang/NoSuchMethodError'{0x000000070e3e63c0}: 'java.lang.Object java.lang.invoke.Invokers$Holder.linkToTargetMethod(java.lang.Object, java.lang.Object, java.lang.Object, java.lang.Object, java.lang.Object, java.lang.Object, java.lang.Object, java.lang.Object)'> (0x000000070e3e63c0) 
thrown [s\src\hotspot\share\interpreter\linkResolver.cpp, line 771]
Event: 3.692 Thread 0x000001e586b26ee0 Exception <a 'java/lang/NoSuchMethodError'{0x000000070c454bf0}: 'int java.lang.invoke.DirectMethodHandle$Holder.invokeStaticInit(java.lang.Object, int)'> (0x000000070c454bf0) 
thrown [s\src\hotspot\share\interpreter\linkResolver.cpp, line 771]
Event: 3.842 Thread 0x000001e586b26ee0 Exception <a 'java/lang/NoSuchMethodError'{0x000000070bb5da50}: 'java.lang.Object java.lang.invoke.DirectMethodHandle$Holder.newInvokeSpecial(java.lang.Object, java.lang.Object, java.lang.Object, java.lang.Object, java.lang.Object, java.lang.Object, java.lang.Object)'> (0x000000070bb5da50) 
thrown [s\src\hotspot\share\interpreter\linkResolver.cpp, line 771]
Event: 3.843 Thread 0x000001e586b26ee0 Exception <a 'java/lang/NoSuchMethodError'{0x000000070bb62608}: 'java.lang.Object java.lang.invoke.Invokers$Holder.linkToTargetMethod(java.lang.Object, java.lang.Object, java.lang.Object, java.lang.Object, java.lang.Object, java.lang.Object, java.lang.Object)'> (0x000000070bb62608) 
thrown [s\src\hotspot\share\interpreter\linkResolver.cpp, line 771]
Event: 4.092 Thread 0x000001e586b26ee0 Implicit null exception at 0x000001e591c0aa5c to 0x000001e591c0b9b4
Event: 5.478 Thread 0x000001e586b26ee0 Implicit null exception at 0x000001e591b2d699 to 0x000001e591b2d96c
Event: 5.743 Thread 0x000001e586b26ee0 Exception <a 'java/lang/NoSuchMethodError'{0x000000070e280af8}: 'void java.lang.invoke.DirectMethodHandle$Holder.invokeInterface(java.lang.Object, java.lang.Object, java.lang.Object)'> (0x000000070e280af8) 
thrown [s\src\hotspot\share\interpreter\linkResolver.cpp, line 771]
Event: 5.748 Thread 0x000001e586b26ee0 Exception <a 'sun/nio/fs/WindowsException'{0x000000070e33d580}> (0x000000070e33d580) 
thrown [s\src\hotspot\share\prims\jni.cpp, line 517]
Event: 5.748 Thread 0x000001e586b26ee0 Exception <a 'sun/nio/fs/WindowsException'{0x000000070e33d8f8}> (0x000000070e33d8f8) 
thrown [s\src\hotspot\share\prims\jni.cpp, line 517]

VM Operations (20 events):
Event: 5.471 Executing VM operation: ICBufferFull done
Event: 5.475 Executing VM operation: HandshakeAllThreads
Event: 5.475 Executing VM operation: HandshakeAllThreads done
Event: 5.480 Executing VM operation: HandshakeAllThreads
Event: 5.480 Executing VM operation: HandshakeAllThreads done
Event: 5.510 Executing VM operation: G1CollectForAllocation
Event: 5.519 Executing VM operation: G1CollectForAllocation done
Event: 5.577 Executing VM operation: HandshakeAllThreads
Event: 5.577 Executing VM operation: HandshakeAllThreads done
Event: 5.749 Executing VM operation: HandshakeAllThreads
Event: 5.749 Executing VM operation: HandshakeAllThreads done
Event: 5.874 Executing VM operation: ICBufferFull
Event: 5.874 Executing VM operation: ICBufferFull done
Event: 5.946 Executing VM operation: HandshakeAllThreads
Event: 5.946 Executing VM operation: HandshakeAllThreads done
Event: 5.961 Executing VM operation: ICBufferFull
Event: 5.961 Executing VM operation: ICBufferFull done
Event: 5.988 Executing VM operation: HandshakeAllThreads
Event: 5.988 Executing VM operation: HandshakeAllThreads done
Event: 5.998 Executing VM operation: G1CollectForAllocation

Events (20 events):
Event: 5.783 loading class java/io/ObjectOutputStream$BlockDataOutputStream
Event: 5.783 loading class java/io/ObjectOutputStream$BlockDataOutputStream done
Event: 5.783 loading class java/io/ObjectOutputStream$HandleTable
Event: 5.783 loading class java/io/ObjectOutputStream$HandleTable done
Event: 5.783 loading class java/io/ObjectOutputStream$ReplaceTable
Event: 5.783 loading class java/io/ObjectOutputStream$ReplaceTable done
Event: 5.797 loading class java/lang/Override
Event: 5.797 loading class java/lang/Override done
Event: 5.953 loading class java/io/FileOutputStream$1
Event: 5.953 loading class java/io/FileOutputStream$1 done
Event: 5.994 Thread 0x000001e5a5cb6e30 flushing nmethod 0x000001e58a69b810
Event: 5.994 Thread 0x000001e5a5cb6e30 flushing nmethod 0x000001e58a757a10
Event: 5.995 Thread 0x000001e5a5cb6e30 flushing nmethod 0x000001e58a819b10
Event: 5.995 Thread 0x000001e5a5cb6e30 flushing nmethod 0x000001e58a847310
Event: 5.995 Thread 0x000001e5a5cb6e30 flushing nmethod 0x000001e58a862090
Event: 5.996 Thread 0x000001e5a5cb6e30 flushing nmethod 0x000001e58aaf4090
Event: 5.997 Thread 0x000001e5a5cb6e30 flushing nmethod 0x000001e58ab4a910
Event: 5.997 Thread 0x000001e5a5cb6e30 flushing nmethod 0x000001e58ab56290
Event: 5.997 Thread 0x000001e5a5cb6e30 flushing nmethod 0x000001e58abb6510
Event: 5.997 Thread 0x000001e5a5cb6e30 flushing nmethod 0x000001e58acafc90


Dynamic libraries:
0x00007ff73d8d0000 - 0x00007ff73d8da000 	C:\Program Files\Android\Android Studio\jbr\bin\java.exe
0x00007ffeb1bd0000 - 0x00007ffeb1de4000 	C:\WINDOWS\SYSTEM32\ntdll.dll
0x00007ffeb0500000 - 0x00007ffeb05c4000 	C:\WINDOWS\System32\KERNEL32.DLL
0x00007ffeaf410000 - 0x00007ffeaf7b4000 	C:\WINDOWS\System32\KERNELBASE.dll
0x00007ffeaf2c0000 - 0x00007ffeaf3d1000 	C:\WINDOWS\System32\ucrtbase.dll
0x00007ffea6e10000 - 0x00007ffea6e27000 	C:\Program Files\Android\Android Studio\jbr\bin\jli.dll
0x00007ffea6e70000 - 0x00007ffea6e8b000 	C:\Program Files\Android\Android Studio\jbr\bin\VCRUNTIME140.dll
0x00007ffeb09d0000 - 0x00007ffeb0b7e000 	C:\WINDOWS\System32\USER32.dll
0x00007ffeaf3e0000 - 0x00007ffeaf406000 	C:\WINDOWS\System32\win32u.dll
0x00007ffe900e0000 - 0x00007ffe90373000 	C:\WINDOWS\WinSxS\amd64_microsoft.windows.common-controls_6595b64144ccf1df_6.0.22621.2215_none_270d72677387dfc3\COMCTL32.dll
0x00007ffeb1b60000 - 0x00007ffeb1b89000 	C:\WINDOWS\System32\GDI32.dll
0x00007ffeb0850000 - 0x00007ffeb08f7000 	C:\WINDOWS\System32\msvcrt.dll
0x00007ffeaf840000 - 0x00007ffeaf958000 	C:\WINDOWS\System32\gdi32full.dll
0x00007ffeaef80000 - 0x00007ffeaf01a000 	C:\WINDOWS\System32\msvcp_win.dll
0x00007ffeb04c0000 - 0x00007ffeb04f1000 	C:\WINDOWS\System32\IMM32.DLL
0x00007ffea6e00000 - 0x00007ffea6e0c000 	C:\Program Files\Android\Android Studio\jbr\bin\vcruntime140_1.dll
0x00007ffe923d0000 - 0x00007ffe9245d000 	C:\Program Files\Android\Android Studio\jbr\bin\msvcp140.dll
0x00007ffe2c530000 - 0x00007ffe2d19d000 	C:\Program Files\Android\Android Studio\jbr\bin\server\jvm.dll
0x00007ffeb0360000 - 0x00007ffeb0410000 	C:\WINDOWS\System32\ADVAPI32.dll
0x00007ffeaf960000 - 0x00007ffeafa06000 	C:\WINDOWS\System32\sechost.dll
0x00007ffeafb20000 - 0x00007ffeafc37000 	C:\WINDOWS\System32\RPCRT4.dll
0x00007ffe9a110000 - 0x00007ffe9a144000 	C:\WINDOWS\SYSTEM32\WINMM.dll
0x00007ffea4360000 - 0x00007ffea436a000 	C:\WINDOWS\SYSTEM32\VERSION.dll
0x00007ffea2fc0000 - 0x00007ffea2fc9000 	C:\WINDOWS\SYSTEM32\WSOCK32.dll
0x00007ffeb0dc0000 - 0x00007ffeb0e31000 	C:\WINDOWS\System32\WS2_32.dll
0x00007ffeae070000 - 0x00007ffeae088000 	C:\WINDOWS\SYSTEM32\kernel.appcore.dll
0x00007ffea2fb0000 - 0x00007ffea2fba000 	C:\Program Files\Android\Android Studio\jbr\bin\jimage.dll
0x00007ffeac940000 - 0x00007ffeacb6e000 	C:\WINDOWS\SYSTEM32\DBGHELP.DLL
0x00007ffeb1670000 - 0x00007ffeb19fa000 	C:\WINDOWS\System32\combase.dll
0x00007ffeb0280000 - 0x00007ffeb0357000 	C:\WINDOWS\System32\OLEAUT32.dll
0x00007ffe96b70000 - 0x00007ffe96ba2000 	C:\WINDOWS\SYSTEM32\dbgcore.DLL
0x00007ffeaf7c0000 - 0x00007ffeaf83a000 	C:\WINDOWS\System32\bcryptPrimitives.dll
0x00007ffe9d910000 - 0x00007ffe9d935000 	C:\Program Files\Android\Android Studio\jbr\bin\java.dll
0x00007ffe99970000 - 0x00007ffe99988000 	C:\Program Files\Android\Android Studio\jbr\bin\zip.dll
0x00007ffeb0e40000 - 0x00007ffeb1663000 	C:\WINDOWS\System32\SHELL32.dll
0x00007ffeacf10000 - 0x00007ffead7fa000 	C:\WINDOWS\SYSTEM32\windows.storage.dll
0x00007ffeacdd0000 - 0x00007ffeacf0e000 	C:\WINDOWS\SYSTEM32\wintypes.dll
0x00007ffeb1a60000 - 0x00007ffeb1b53000 	C:\WINDOWS\System32\SHCORE.dll
0x00007ffeafa10000 - 0x00007ffeafa6e000 	C:\WINDOWS\System32\shlwapi.dll
0x00007ffeaeeb0000 - 0x00007ffeaeed6000 	C:\WINDOWS\SYSTEM32\profapi.dll
0x00007ffe99950000 - 0x00007ffe99969000 	C:\Program Files\Android\Android Studio\jbr\bin\net.dll
0x00007ffea6bb0000 - 0x00007ffea6ce7000 	C:\WINDOWS\SYSTEM32\WINHTTP.dll
0x00007ffeae540000 - 0x00007ffeae5a9000 	C:\WINDOWS\system32\mswsock.dll
0x00007ffe99930000 - 0x00007ffe99946000 	C:\Program Files\Android\Android Studio\jbr\bin\nio.dll
0x00007ffe9cb70000 - 0x00007ffe9cb80000 	C:\Program Files\Android\Android Studio\jbr\bin\verify.dll

dbghelp: loaded successfully - version: 4.0.5 - missing functions: none
symbol engine: initialized successfully - sym options: 0x614 - pdb path: .;C:\Program Files\Android\Android Studio\jbr\bin;C:\WINDOWS\SYSTEM32;C:\WINDOWS\WinSxS\amd64_microsoft.windows.common-controls_6595b64144ccf1df_6.0.22621.2215_none_270d72677387dfc3;C:\Program Files\Android\Android Studio\jbr\bin\server

VM Arguments:
java_command: org.jetbrains.kotlin.cli.jvm.K2JVMCompiler @D:\KLDA\testMovie\app\build\20231011_4168362510261975586.compiler.options
java_class_path (initial): C:\Users\admin\.gradle\caches\modules-2\files-2.1\org.jetbrains.kotlin\kotlin-compiler-embeddable\1.7.20\8db18559a581dd2c36ddfd5046af145650f5b126\kotlin-compiler-embeddable-1.7.20.jar;C:\Users\admin\.gradle\caches\modules-2\files-2.1\org.jetbrains.kotlin\kotlin-reflect\1.7.20\12b2501e33bb6373e8e347c86d85481863629381\kotlin-reflect-1.7.20.jar;C:\Users\admin\.gradle\caches\modules-2\files-2.1\org.jetbrains.kotlin\kotlin-stdlib\1.7.20\726594ea9ba2beb2ee113647fefa9a10f9fabe52\kotlin-stdlib-1.7.20.jar;C:\Users\admin\.gradle\caches\modules-2\files-2.1\org.jetbrains.kotlin\kotlin-script-runtime\1.7.20\bcd1cc6f865e632550357fcc59f5ffd532615a8\kotlin-script-runtime-1.7.20.jar;C:\Users\admin\.gradle\caches\modules-2\files-2.1\org.jetbrains.kotlin\kotlin-daemon-embeddable\1.7.20\1e24355adad8d529d75d5b19eab55484057431ba\kotlin-daemon-embeddable-1.7.20.jar;C:\Users\admin\.gradle\caches\modules-2\files-2.1\org.jetbrains.intellij.deps\trove4j\1.0.20200330\3afb14d5f9ceb459d724e907a21145e8ff394f02\trove4j-1.0.20200330.jar;C:\Users\admin\.gradle\caches\modules-2\files-2.1\net.java.dev.jna\jna\5.6.0\330f2244e9030119ab3030fc3fededc86713d9cc\jna-5.6.0.jar;C:\Users\admin\.gradle\caches\modules-2\files-2.1\org.jetbrains.kotlin\kotlin-stdlib-common\1.7.20\e15351bdaf9fa06f009be5da7a202e4184f00ae3\kotlin-stdlib-common-1.7.20.jar;C:\Users\admin\.gradle\caches\modules-2\files-2.1\org.jetbrains\annotations\13.0\919f0dfe192fb4e063e7dacadee7f8bb9a2672a9\annotations-13.0.jar
Launcher Type: SUN_STANDARD

[Global flags]
     intx CICompilerCount                          = 4                                         {product} {ergonomic}
     uint ConcGCThreads                            = 2                                         {product} {ergonomic}
     uint G1ConcRefinementThreads                  = 8                                         {product} {ergonomic}
   size_t G1HeapRegionSize                         = 2097152                                   {product} {ergonomic}
    uintx GCDrainStackTargetSize                   = 64                                        {product} {ergonomic}
   size_t InitialHeapSize                          = 264241152                                 {product} {ergonomic}
   size_t MarkStackSize                            = 4194304                                   {product} {ergonomic}
   size_t MaxHeapSize                              = 4217372672                                {product} {ergonomic}
   size_t MaxNewSize                               = 2529165312                                {product} {ergonomic}
   size_t MinHeapDeltaBytes                        = 2097152                                   {product} {ergonomic}
   size_t MinHeapSize                              = 8388608                                   {product} {ergonomic}
    uintx NonNMethodCodeHeapSize                   = 5839372                                {pd product} {ergonomic}
    uintx NonProfiledCodeHeapSize                  = 122909434                              {pd product} {ergonomic}
    uintx ProfiledCodeHeapSize                     = 122909434                              {pd product} {ergonomic}
    uintx ReservedCodeCacheSize                    = 251658240                              {pd product} {ergonomic}
     bool SegmentedCodeCache                       = true                                      {product} {ergonomic}
   size_t SoftMaxHeapSize                          = 4217372672                             {manageable} {ergonomic}
     bool UseCompressedClassPointers               = true                           {product lp64_product} {ergonomic}
     bool UseCompressedOops                        = true                           {product lp64_product} {ergonomic}
     bool UseG1GC                                  = true                                      {product} {ergonomic}
     bool UseLargePagesIndividualAllocation        = false                                  {pd product} {ergonomic}

Logging:
Log output configuration:
 #0: stdout all=warning uptime,level,tags
 #1: stderr all=off uptime,level,tags

Environment Variables:
PATH=C:\Program Files\Common Files\Oracle\Java\javapath;C:\Program Files (x86)\Common Files\Oracle\Java\javapath;C:\WINDOWS\system32;C:\WINDOWS;C:\WINDOWS\System32\Wbem;C:\WINDOWS\System32\WindowsPowerShell\v1.0\;C:\WINDOWS\System32\OpenSSH\;C:\Program Files\Git\cmd;C:\ProgramData\chocolatey\bin;C:\Users\admin\AppData\Roaming\nvm;C:\Program Files\nodejs;C:\Program Files\Cloudflare\Cloudflare WARP\;C:\Users\admin\AppData\Local\Programs\Python\Python311\Scripts\;C:\Users\admin\AppData\Local\Programs\Python\Python311\;C:\Users\admin\AppData\Local\Microsoft\WindowsApps;D:\Microsoft VS Code\bin;C:\Users\admin\AppData\Roaming\nvm;C:\Program Files\nodejs
USERNAME=admin
OS=Windows_NT
PROCESSOR_IDENTIFIER=Intel64 Family 6 Model 140 Stepping 2, GenuineIntel
TMP=C:\Users\admin\AppData\Local\Temp
TEMP=C:\Users\admin\AppData\Local\Temp



---------------  S Y S T E M  ---------------

OS:
 Windows 11 , 64 bit Build 22621 (10.0.22621.2215)
OS uptime: 0 days 4:53 hours

CPU: total 8 (initial active 8) (4 cores per cpu, 2 threads per core) family 6 model 140 stepping 2 microcode 0x16, cx8, cmov, fxsr, ht, mmx, 3dnowpref, sse, sse2, sse3, ssse3, sse4.1, sse4.2, popcnt, lzcnt, tsc, tscinvbit, avx, avx2, aes, erms, clmul, bmi1, bmi2, adx, avx512f, avx512dq, avx512cd, avx512bw, avx512vl, sha, fma, vzeroupper, avx512_vpopcntdq, avx512_vpclmulqdq, avx512_vaes, avx512_vnni, clflush, clflushopt, clwb, avx512_vbmi2, avx512_vbmi

Memory: 4k page, system-wide physical 16086M (457M free)
TotalPageFile size 37588M (AvailPageFile size 29M)
current process WorkingSet (physical memory assigned to process): 408M, peak: 411M
current process commit charge ("private bytes"): 444M, peak: 482M

vm_info: OpenJDK 64-Bit Server VM (17.0.6+0-b2043.56-9586694) for windows-amd64 JRE (17.0.6+0-b2043.56-9586694), built on Feb  9 2023 20:06:20 by "androidbuild" with MS VC++ 16.10 / 16.11 (VS2019)

END.
