#
# There is insufficient memory for the Java Runtime Environment to continue.
# Native memory allocation (malloc) failed to allocate 1052976 bytes for Chunk::new
# Possible reasons:
#   The system is out of physical RAM or swap space
#   The process is running with CompressedOops enabled, and the Java Heap may be blocking the growth of the native heap
# Possible solutions:
#   Reduce memory load on the system
#   Increase physical memory or swap space
#   Check if swap backing store is full
#   Decrease Java heap size (-Xmx/-Xms)
#   Decrease number of Java threads
#   Decrease Java thread stack sizes (-Xss)
#   Set larger code cache with -XX:ReservedCodeCacheSize=
#   JVM is running with Zero Based Compressed Oops mode in which the Java heap is
#     placed in the first 32GB address space. The Java Heap base address is the
#     maximum limit for the native heap growth. Please use -XX:HeapBaseMinAddress
#     to set the Java Heap base and to place the Java Heap above 32GB virtual address.
# This output file may be truncated or incomplete.
#
#  Out of Memory Error (arena.cpp:189), pid=8720, tid=17940
#
# JRE version: OpenJDK Runtime Environment (17.0.6) (build 17.0.6+0-b2043.56-9586694)
# Java VM: OpenJDK 64-Bit Server VM (17.0.6+0-b2043.56-9586694, mixed mode, tiered, compressed oops, compressed class ptrs, g1 gc, windows-amd64)
# No core dump will be written. Minidumps are not enabled by default on client versions of Windows
#

---------------  S U M M A R Y ------------

Command Line: org.jetbrains.kotlin.cli.jvm.K2JVMCompiler @D:\KLDA\testMovie\app\build\20231011_16826125141970434370.compiler.options

Host: 11th Gen Intel(R) Core(TM) i7-1195G7 @ 2.90GHz, 8 cores, 15G,  Windows 11 , 64 bit Build 22621 (10.0.22621.2215)
Time: Wed Oct 11 15:21:24 2023 SE Asia Standard Time elapsed time: 2.936039 seconds (0d 0h 0m 2s)

---------------  T H R E A D  ---------------

Current thread (0x000001c3c64ec370):  JavaThread "C2 CompilerThread1" daemon [_thread_in_native, id=17940, stack(0x0000002131800000,0x0000002131900000)]


Current CompileTask:
C2:   2936 6021       4       org.jetbrains.kotlin.parsing.AbstractKotlinParsing::at (114 bytes)

Stack: [0x0000002131800000,0x0000002131900000]
Native frames: (J=compiled Java code, j=interpreted, Vv=VM code, C=native code)
V  [jvm.dll+0x683b4a]
V  [jvm.dll+0x842654]
V  [jvm.dll+0x843dfe]
V  [jvm.dll+0x844463]
V  [jvm.dll+0x249b75]
V  [jvm.dll+0xabcac]
V  [jvm.dll+0xac27c]
V  [jvm.dll+0x2b0eef]
V  [jvm.dll+0x58a207]
V  [jvm.dll+0x2243b2]
V  [jvm.dll+0x22478f]
V  [jvm.dll+0x21e055]
V  [jvm.dll+0x21b51b]
V  [jvm.dll+0x1a4fdd]
V  [jvm.dll+0x22b098]
V  [jvm.dll+0x229159]
V  [jvm.dll+0x7f809c]
V  [jvm.dll+0x7f25fa]
V  [jvm.dll+0x682985]
C  [ucrtbase.dll+0x29363]
C  [KERNEL32.DLL+0x1257d]
C  [ntdll.dll+0x5aa68]


---------------  P R O C E S S  ---------------

Threads class SMR info:
_java_thread_list=0x000001c3c95fb4c0, length=14, elements={
0x000001c3a6a36b00, 0x000001c3c5c57020, 0x000001c3c5c57bd0, 0x000001c3c5c7cf80,
0x000001c3c5ca26b0, 0x000001c3c5c962e0, 0x000001c3c5c98ca0, 0x000001c3c5c9a040,
0x000001c3c5c9b510, 0x000001c3c5cb20b0, 0x000001c3c5e0dfc0, 0x000001c3c5e21910,
0x000001c3c64ec370, 0x000001c3c95fb770
}

Java Threads: ( => current thread )
  0x000001c3a6a36b00 JavaThread "main" [_thread_in_vm, id=1600, stack(0x0000002130000000,0x0000002130100000)]
  0x000001c3c5c57020 JavaThread "Reference Handler" daemon [_thread_blocked, id=18896, stack(0x0000002130700000,0x0000002130800000)]
  0x000001c3c5c57bd0 JavaThread "Finalizer" daemon [_thread_blocked, id=13120, stack(0x0000002130800000,0x0000002130900000)]
  0x000001c3c5c7cf80 JavaThread "Signal Dispatcher" daemon [_thread_blocked, id=17280, stack(0x0000002130900000,0x0000002130a00000)]
  0x000001c3c5ca26b0 JavaThread "Attach Listener" daemon [_thread_blocked, id=7304, stack(0x0000002130a00000,0x0000002130b00000)]
  0x000001c3c5c962e0 JavaThread "Service Thread" daemon [_thread_blocked, id=11312, stack(0x0000002130b00000,0x0000002130c00000)]
  0x000001c3c5c98ca0 JavaThread "Monitor Deflation Thread" daemon [_thread_blocked, id=16444, stack(0x0000002130c00000,0x0000002130d00000)]
  0x000001c3c5c9a040 JavaThread "C2 CompilerThread0" daemon [_thread_in_native, id=8096, stack(0x0000002130d00000,0x0000002130e00000)]
  0x000001c3c5c9b510 JavaThread "C1 CompilerThread0" daemon [_thread_blocked, id=12724, stack(0x0000002130e00000,0x0000002130f00000)]
  0x000001c3c5cb20b0 JavaThread "Sweeper thread" daemon [_thread_blocked, id=7744, stack(0x0000002130f00000,0x0000002131000000)]
  0x000001c3c5e0dfc0 JavaThread "Notification Thread" daemon [_thread_blocked, id=2964, stack(0x0000002131000000,0x0000002131100000)]
  0x000001c3c5e21910 JavaThread "Common-Cleaner" daemon [_thread_blocked, id=5988, stack(0x0000002131200000,0x0000002131300000)]
=>0x000001c3c64ec370 JavaThread "C2 CompilerThread1" daemon [_thread_in_native, id=17940, stack(0x0000002131800000,0x0000002131900000)]
  0x000001c3c95fb770 JavaThread "C2 CompilerThread2" daemon [_thread_in_native, id=5228, stack(0x0000002131c00000,0x0000002131d00000)]

Other Threads:
  0x000001c3c51f3470 VMThread "VM Thread" [stack: 0x0000002130600000,0x0000002130700000] [id=7884]
  0x000001c3a6ac97a0 WatcherThread [stack: 0x0000002131100000,0x0000002131200000] [id=14592]
  0x000001c3a6aa4e70 GCTaskThread "GC Thread#0" [stack: 0x0000002130100000,0x0000002130200000] [id=9144]
  0x000001c3c637c080 GCTaskThread "GC Thread#1" [stack: 0x0000002131300000,0x0000002131400000] [id=2296]
  0x000001c3c637bdd0 GCTaskThread "GC Thread#2" [stack: 0x0000002131400000,0x0000002131500000] [id=16720]
  0x000001c3c637b870 GCTaskThread "GC Thread#3" [stack: 0x0000002131500000,0x0000002131600000] [id=9024]
  0x000001c3c637c890 GCTaskThread "GC Thread#4" [stack: 0x0000002131600000,0x0000002131700000] [id=18328]
  0x000001c3c637c5e0 GCTaskThread "GC Thread#5" [stack: 0x0000002131700000,0x0000002131800000] [id=15000]
  0x000001c3c637b5c0 GCTaskThread "GC Thread#6" [stack: 0x0000002131900000,0x0000002131a00000] [id=7064]
  0x000001c3c7541bf0 GCTaskThread "GC Thread#7" [stack: 0x0000002131a00000,0x0000002131b00000] [id=1032]
  0x000001c3a6ab5900 ConcurrentGCThread "G1 Main Marker" [stack: 0x0000002130200000,0x0000002130300000] [id=6292]
  0x000001c3a6ab6320 ConcurrentGCThread "G1 Conc#0" [stack: 0x0000002130300000,0x0000002130400000] [id=16136]
  0x000001c3c7543420 ConcurrentGCThread "G1 Conc#1" [stack: 0x0000002131b00000,0x0000002131c00000] [id=11772]
  0x000001c3c50a44f0 ConcurrentGCThread "G1 Refine#0" [stack: 0x0000002130400000,0x0000002130500000] [id=8224]
  0x000001c3cbd39c60 ConcurrentGCThread "G1 Refine#1" [stack: 0x0000002131d00000,0x0000002131e00000] [id=16336]
  0x000001c3cbd38e00 ConcurrentGCThread "G1 Refine#2" [stack: 0x0000002131e00000,0x0000002131f00000] [id=1460]
  0x000001c3cbd39f40 ConcurrentGCThread "G1 Refine#3" [stack: 0x0000002131f00000,0x0000002132000000] [id=6736]
  0x000001c3cbd3a7e0 ConcurrentGCThread "G1 Refine#4" [stack: 0x0000002132000000,0x0000002132100000] [id=5280]
  0x000001c3c50a5520 ConcurrentGCThread "G1 Service" [stack: 0x0000002130500000,0x0000002130600000] [id=11392]

Threads with active compile tasks:
C2 CompilerThread0     2946 6458       4       org.jetbrains.kotlin.com.intellij.lang.java.lexer.JavaLexer::locateToken (548 bytes)
C2 CompilerThread1     2946 6021       4       org.jetbrains.kotlin.parsing.AbstractKotlinParsing::at (114 bytes)
C2 CompilerThread2     2946 5765       4       org.jetbrains.kotlin.parsing.KotlinExpressionParsing::parseBinaryExpression (70 bytes)

VM state: not at safepoint (normal execution)

VM Mutex/Monitor currently owned by a thread: None

Heap address: 0x0000000704a00000, size: 4022 MB, Compressed Oops mode: Zero based, Oop shift amount: 3

CDS archive(s) not mapped
Compressed class space mapped at: 0x0000000800000000-0x0000000840000000, reserved size: 1073741824
Narrow klass base: 0x0000000800000000, Narrow klass shift: 0, Narrow klass range: 0x40000000

GC Precious Log:
 CPUs: 8 total, 8 available
 Memory: 16086M
 Large Page Support: Disabled
 NUMA Support: Disabled
 Compressed Oops: Enabled (Zero based)
 Heap Region Size: 2M
 Heap Min Capacity: 8M
 Heap Initial Capacity: 252M
 Heap Max Capacity: 4022M
 Pre-touch: Disabled
 Parallel Workers: 8
 Concurrent Workers: 2
 Concurrent Refinement Workers: 8
 Periodic GC: Disabled

Heap:
 garbage-first heap   total 186368K, used 52970K [0x0000000704a00000, 0x0000000800000000)
  region size 2048K, 5 young (10240K), 3 survivors (6144K)
 Metaspace       used 58641K, committed 58880K, reserved 1105920K
  class space    used 6931K, committed 7040K, reserved 1048576K

Heap Regions: E=young(eden), S=young(survivor), O=old, HS=humongous(starts), HC=humongous(continues), CS=collection set, F=free, OA=open archive, CA=closed archive, TAMS=top-at-mark-start (previous, next)
|   0|0x0000000704a00000, 0x0000000704c00000, 0x0000000704c00000|100%|HS|  |TAMS 0x0000000704c00000, 0x0000000704a00000| Complete 
|   1|0x0000000704c00000, 0x0000000704e00000, 0x0000000704e00000|100%|HC|  |TAMS 0x0000000704e00000, 0x0000000704c00000| Complete 
|   2|0x0000000704e00000, 0x0000000705000000, 0x0000000705000000|100%| O|  |TAMS 0x0000000705000000, 0x0000000704e00000| Untracked 
|   3|0x0000000705000000, 0x0000000705200000, 0x0000000705200000|100%|HS|  |TAMS 0x0000000705200000, 0x0000000705000000| Complete 
|   4|0x0000000705200000, 0x0000000705400000, 0x0000000705400000|100%|HC|  |TAMS 0x0000000705400000, 0x0000000705200000| Complete 
|   5|0x0000000705400000, 0x0000000705600000, 0x0000000705600000|100%| O|  |TAMS 0x0000000705600000, 0x0000000705400000| Untracked 
|   6|0x0000000705600000, 0x0000000705800000, 0x0000000705800000|100%| O|  |TAMS 0x0000000705800000, 0x0000000705600000| Untracked 
|   7|0x0000000705800000, 0x0000000705a00000, 0x0000000705a00000|100%|HS|  |TAMS 0x0000000705a00000, 0x0000000705800000| Complete 
|   8|0x0000000705a00000, 0x0000000705c00000, 0x0000000705c00000|100%| O|  |TAMS 0x0000000705c00000, 0x0000000705a00000| Untracked 
|   9|0x0000000705c00000, 0x0000000705e00000, 0x0000000705e00000|100%| O|  |TAMS 0x0000000705e00000, 0x0000000705c00000| Untracked 
|  10|0x0000000705e00000, 0x0000000706000000, 0x0000000706000000|100%| O|  |TAMS 0x0000000706000000, 0x0000000705e00000| Untracked 
|  11|0x0000000706000000, 0x0000000706200000, 0x0000000706200000|100%| O|  |TAMS 0x0000000706200000, 0x0000000706000000| Untracked 
|  12|0x0000000706200000, 0x0000000706400000, 0x0000000706400000|100%| O|  |TAMS 0x0000000706400000, 0x0000000706200000| Untracked 
|  13|0x0000000706400000, 0x0000000706600000, 0x0000000706600000|100%| O|  |TAMS 0x0000000706600000, 0x0000000706400000| Untracked 
|  14|0x0000000706600000, 0x0000000706800000, 0x0000000706800000|100%| O|  |TAMS 0x0000000706800000, 0x0000000706600000| Untracked 
|  15|0x0000000706800000, 0x0000000706a00000, 0x0000000706a00000|100%| O|  |TAMS 0x0000000706a00000, 0x0000000706800000| Untracked 
|  16|0x0000000706a00000, 0x0000000706c00000, 0x0000000706c00000|100%| O|  |TAMS 0x0000000706a00000, 0x0000000706a00000| Untracked 
|  17|0x0000000706c00000, 0x0000000706e00000, 0x0000000706e00000|100%| O|  |TAMS 0x0000000706c00000, 0x0000000706c00000| Untracked 
|  18|0x0000000706e00000, 0x0000000707000000, 0x0000000707000000|100%| O|  |TAMS 0x0000000706e00000, 0x0000000706e00000| Untracked 
|  19|0x0000000707000000, 0x0000000707200000, 0x0000000707200000|100%| O|  |TAMS 0x0000000707000000, 0x0000000707000000| Untracked 
|  20|0x0000000707200000, 0x0000000707400000, 0x0000000707400000|100%| O|  |TAMS 0x000000070727a400, 0x0000000707200000| Untracked 
|  21|0x0000000707400000, 0x00000007075ba800, 0x0000000707600000| 86%| O|  |TAMS 0x0000000707400000, 0x0000000707400000| Untracked 
|  22|0x0000000707600000, 0x0000000707600000, 0x0000000707800000|  0%| F|  |TAMS 0x0000000707600000, 0x0000000707600000| Untracked 
|  23|0x0000000707800000, 0x0000000707800000, 0x0000000707a00000|  0%| F|  |TAMS 0x0000000707800000, 0x0000000707800000| Untracked 
|  24|0x0000000707a00000, 0x0000000707a00000, 0x0000000707c00000|  0%| F|  |TAMS 0x0000000707a00000, 0x0000000707a00000| Untracked 
|  25|0x0000000707c00000, 0x0000000707c00000, 0x0000000707e00000|  0%| F|  |TAMS 0x0000000707c00000, 0x0000000707c00000| Untracked 
|  26|0x0000000707e00000, 0x0000000707e00000, 0x0000000708000000|  0%| F|  |TAMS 0x0000000707e00000, 0x0000000707e00000| Untracked 
|  27|0x0000000708000000, 0x0000000708000000, 0x0000000708200000|  0%| F|  |TAMS 0x0000000708000000, 0x0000000708000000| Untracked 
|  28|0x0000000708200000, 0x0000000708200000, 0x0000000708400000|  0%| F|  |TAMS 0x0000000708200000, 0x0000000708200000| Untracked 
|  29|0x0000000708400000, 0x0000000708600000, 0x0000000708600000|100%| S|CS|TAMS 0x0000000708400000, 0x0000000708400000| Complete 
|  30|0x0000000708600000, 0x0000000708600000, 0x0000000708800000|  0%| F|  |TAMS 0x0000000708600000, 0x0000000708600000| Untracked 
|  31|0x0000000708800000, 0x0000000708a00000, 0x0000000708a00000|100%| S|CS|TAMS 0x0000000708800000, 0x0000000708800000| Complete 
|  32|0x0000000708a00000, 0x0000000708c00000, 0x0000000708c00000|100%| S|CS|TAMS 0x0000000708a00000, 0x0000000708a00000| Complete 
|  33|0x0000000708c00000, 0x0000000708c00000, 0x0000000708e00000|  0%| F|  |TAMS 0x0000000708c00000, 0x0000000708c00000| Untracked 
|  34|0x0000000708e00000, 0x0000000708e00000, 0x0000000709000000|  0%| F|  |TAMS 0x0000000708e00000, 0x0000000708e00000| Untracked 
|  35|0x0000000709000000, 0x0000000709000000, 0x0000000709200000|  0%| F|  |TAMS 0x0000000709000000, 0x0000000709000000| Untracked 
|  36|0x0000000709200000, 0x0000000709200000, 0x0000000709400000|  0%| F|  |TAMS 0x0000000709200000, 0x0000000709200000| Untracked 
|  37|0x0000000709400000, 0x0000000709400000, 0x0000000709600000|  0%| F|  |TAMS 0x0000000709400000, 0x0000000709400000| Untracked 
|  38|0x0000000709600000, 0x0000000709600000, 0x0000000709800000|  0%| F|  |TAMS 0x0000000709600000, 0x0000000709600000| Untracked 
|  39|0x0000000709800000, 0x0000000709800000, 0x0000000709a00000|  0%| F|  |TAMS 0x0000000709800000, 0x0000000709800000| Untracked 
|  40|0x0000000709a00000, 0x0000000709a00000, 0x0000000709c00000|  0%| F|  |TAMS 0x0000000709a00000, 0x0000000709a00000| Untracked 
|  41|0x0000000709c00000, 0x0000000709c00000, 0x0000000709e00000|  0%| F|  |TAMS 0x0000000709c00000, 0x0000000709c00000| Untracked 
|  42|0x0000000709e00000, 0x0000000709e00000, 0x000000070a000000|  0%| F|  |TAMS 0x0000000709e00000, 0x0000000709e00000| Untracked 
|  43|0x000000070a000000, 0x000000070a000000, 0x000000070a200000|  0%| F|  |TAMS 0x000000070a000000, 0x000000070a000000| Untracked 
|  44|0x000000070a200000, 0x000000070a200000, 0x000000070a400000|  0%| F|  |TAMS 0x000000070a200000, 0x000000070a200000| Untracked 
|  45|0x000000070a400000, 0x000000070a400000, 0x000000070a600000|  0%| F|  |TAMS 0x000000070a400000, 0x000000070a400000| Untracked 
|  46|0x000000070a600000, 0x000000070a600000, 0x000000070a800000|  0%| F|  |TAMS 0x000000070a600000, 0x000000070a600000| Untracked 
|  47|0x000000070a800000, 0x000000070a800000, 0x000000070aa00000|  0%| F|  |TAMS 0x000000070a800000, 0x000000070a800000| Untracked 
|  48|0x000000070aa00000, 0x000000070aa00000, 0x000000070ac00000|  0%| F|  |TAMS 0x000000070aa00000, 0x000000070aa00000| Untracked 
|  49|0x000000070ac00000, 0x000000070ac00000, 0x000000070ae00000|  0%| F|  |TAMS 0x000000070ac00000, 0x000000070ac00000| Untracked 
|  50|0x000000070ae00000, 0x000000070ae00000, 0x000000070b000000|  0%| F|  |TAMS 0x000000070ae00000, 0x000000070ae00000| Untracked 
|  51|0x000000070b000000, 0x000000070b000000, 0x000000070b200000|  0%| F|  |TAMS 0x000000070b000000, 0x000000070b000000| Untracked 
|  52|0x000000070b200000, 0x000000070b200000, 0x000000070b400000|  0%| F|  |TAMS 0x000000070b200000, 0x000000070b200000| Untracked 
|  53|0x000000070b400000, 0x000000070b400000, 0x000000070b600000|  0%| F|  |TAMS 0x000000070b400000, 0x000000070b400000| Untracked 
|  54|0x000000070b600000, 0x000000070b600000, 0x000000070b800000|  0%| F|  |TAMS 0x000000070b600000, 0x000000070b600000| Untracked 
|  55|0x000000070b800000, 0x000000070b800000, 0x000000070ba00000|  0%| F|  |TAMS 0x000000070b800000, 0x000000070b800000| Untracked 
|  56|0x000000070ba00000, 0x000000070ba00000, 0x000000070bc00000|  0%| F|  |TAMS 0x000000070ba00000, 0x000000070ba00000| Untracked 
|  57|0x000000070bc00000, 0x000000070bc00000, 0x000000070be00000|  0%| F|  |TAMS 0x000000070bc00000, 0x000000070bc00000| Untracked 
|  58|0x000000070be00000, 0x000000070be00000, 0x000000070c000000|  0%| F|  |TAMS 0x000000070be00000, 0x000000070be00000| Untracked 
|  59|0x000000070c000000, 0x000000070c000000, 0x000000070c200000|  0%| F|  |TAMS 0x000000070c000000, 0x000000070c000000| Untracked 
|  60|0x000000070c200000, 0x000000070c200000, 0x000000070c400000|  0%| F|  |TAMS 0x000000070c200000, 0x000000070c200000| Untracked 
|  61|0x000000070c400000, 0x000000070c400000, 0x000000070c600000|  0%| F|  |TAMS 0x000000070c400000, 0x000000070c400000| Untracked 
|  62|0x000000070c600000, 0x000000070c600000, 0x000000070c800000|  0%| F|  |TAMS 0x000000070c600000, 0x000000070c600000| Untracked 
|  63|0x000000070c800000, 0x000000070c800000, 0x000000070ca00000|  0%| F|  |TAMS 0x000000070c800000, 0x000000070c800000| Untracked 
|  64|0x000000070ca00000, 0x000000070ca00000, 0x000000070cc00000|  0%| F|  |TAMS 0x000000070ca00000, 0x000000070ca00000| Untracked 
|  65|0x000000070cc00000, 0x000000070cc00000, 0x000000070ce00000|  0%| F|  |TAMS 0x000000070cc00000, 0x000000070cc00000| Untracked 
|  66|0x000000070ce00000, 0x000000070ce00000, 0x000000070d000000|  0%| F|  |TAMS 0x000000070ce00000, 0x000000070ce00000| Untracked 
|  67|0x000000070d000000, 0x000000070d000000, 0x000000070d200000|  0%| F|  |TAMS 0x000000070d000000, 0x000000070d000000| Untracked 
|  68|0x000000070d200000, 0x000000070d200000, 0x000000070d400000|  0%| F|  |TAMS 0x000000070d200000, 0x000000070d200000| Untracked 
|  69|0x000000070d400000, 0x000000070d400000, 0x000000070d600000|  0%| F|  |TAMS 0x000000070d400000, 0x000000070d400000| Untracked 
|  70|0x000000070d600000, 0x000000070d600000, 0x000000070d800000|  0%| F|  |TAMS 0x000000070d600000, 0x000000070d600000| Untracked 
|  71|0x000000070d800000, 0x000000070d800000, 0x000000070da00000|  0%| F|  |TAMS 0x000000070d800000, 0x000000070d800000| Untracked 
|  72|0x000000070da00000, 0x000000070da00000, 0x000000070dc00000|  0%| F|  |TAMS 0x000000070da00000, 0x000000070da00000| Untracked 
|  73|0x000000070dc00000, 0x000000070dc00000, 0x000000070de00000|  0%| F|  |TAMS 0x000000070dc00000, 0x000000070dc00000| Untracked 
|  74|0x000000070de00000, 0x000000070de00000, 0x000000070e000000|  0%| F|  |TAMS 0x000000070de00000, 0x000000070de00000| Untracked 
|  75|0x000000070e000000, 0x000000070e000000, 0x000000070e200000|  0%| F|  |TAMS 0x000000070e000000, 0x000000070e000000| Untracked 
|  76|0x000000070e200000, 0x000000070e200000, 0x000000070e400000|  0%| F|  |TAMS 0x000000070e200000, 0x000000070e200000| Untracked 
|  77|0x000000070e400000, 0x000000070e400000, 0x000000070e600000|  0%| F|  |TAMS 0x000000070e400000, 0x000000070e400000| Untracked 
|  78|0x000000070e600000, 0x000000070e600000, 0x000000070e800000|  0%| F|  |TAMS 0x000000070e600000, 0x000000070e600000| Untracked 
|  79|0x000000070e800000, 0x000000070e800000, 0x000000070ea00000|  0%| F|  |TAMS 0x000000070e800000, 0x000000070e800000| Untracked 
|  80|0x000000070ea00000, 0x000000070ea00000, 0x000000070ec00000|  0%| F|  |TAMS 0x000000070ea00000, 0x000000070ea00000| Untracked 
|  81|0x000000070ec00000, 0x000000070ec00000, 0x000000070ee00000|  0%| F|  |TAMS 0x000000070ec00000, 0x000000070ec00000| Untracked 
|  82|0x000000070ee00000, 0x000000070ee00000, 0x000000070f000000|  0%| F|  |TAMS 0x000000070ee00000, 0x000000070ee00000| Untracked 
|  83|0x000000070f000000, 0x000000070f000000, 0x000000070f200000|  0%| F|  |TAMS 0x000000070f000000, 0x000000070f000000| Untracked 
|  84|0x000000070f200000, 0x000000070f200000, 0x000000070f400000|  0%| F|  |TAMS 0x000000070f200000, 0x000000070f200000| Untracked 
|  85|0x000000070f400000, 0x000000070f400000, 0x000000070f600000|  0%| F|  |TAMS 0x000000070f400000, 0x000000070f400000| Untracked 
|  86|0x000000070f600000, 0x000000070f600000, 0x000000070f800000|  0%| F|  |TAMS 0x000000070f600000, 0x000000070f600000| Untracked 
|  87|0x000000070f800000, 0x000000070f800000, 0x000000070fa00000|  0%| F|  |TAMS 0x000000070f800000, 0x000000070f800000| Untracked 
| 120|0x0000000713a00000, 0x0000000713a00000, 0x0000000713c00000|  0%| F|  |TAMS 0x0000000713a00000, 0x0000000713a00000| Untracked 
| 121|0x0000000713c00000, 0x0000000713e00000, 0x0000000713e00000|100%| E|  |TAMS 0x0000000713c00000, 0x0000000713c00000| Complete 
| 125|0x0000000714400000, 0x0000000714600000, 0x0000000714600000|100%| E|CS|TAMS 0x0000000714400000, 0x0000000714400000| Complete 

Card table byte_map: [0x000001c3b9a10000,0x000001c3ba1f0000] _byte_map_base: 0x000001c3b61eb000

Marking Bits (Prev, Next): (CMBitMap*) 0x000001c3a6aa54c0, (CMBitMap*) 0x000001c3a6aa5480
 Prev Bits: [0x000001c3be8b0000, 0x000001c3c2788000)
 Next Bits: [0x000001c3ba9d0000, 0x000001c3be8a8000)

Polling page: 0x000001c3a4ba0000

Metaspace:

Usage:
  Non-class:     50.52 MB used.
      Class:      6.77 MB used.
       Both:     57.29 MB used.

Virtual space:
  Non-class space:       56.00 MB reserved,      50.62 MB ( 90%) committed,  7 nodes.
      Class space:        1.00 GB reserved,       6.94 MB ( <1%) committed,  1 nodes.
             Both:        1.05 GB reserved,      57.56 MB (  5%) committed. 

Chunk freelists:
   Non-Class:  1.19 MB
       Class:  1.11 MB
        Both:  2.30 MB

MaxMetaspaceSize: unlimited
CompressedClassSpaceSize: 1.00 GB
Initial GC threshold: 21.00 MB
Current GC threshold: 82.94 MB
CDS: off
MetaspaceReclaimPolicy: balanced
 - commit_granule_bytes: 65536.
 - commit_granule_words: 8192.
 - virtual_space_node_default_size: 1048576.
 - enlarge_chunks_in_place: 1.
 - new_chunks_are_fully_committed: 0.
 - uncommit_free_chunks: 1.
 - use_allocation_guard: 0.
 - handle_deallocations: 1.


Internal statistics:

num_allocs_failed_limit: 9.
num_arena_births: 286.
num_arena_deaths: 0.
num_vsnodes_births: 8.
num_vsnodes_deaths: 0.
num_space_committed: 919.
num_space_uncommitted: 0.
num_chunks_returned_to_freelist: 9.
num_chunks_taken_from_freelist: 2092.
num_chunk_merges: 9.
num_chunk_splits: 1636.
num_chunks_enlarged: 1399.
num_purges: 0.
num_inconsistent_stats: 0.

CodeHeap 'non-profiled nmethods': size=120000Kb used=2812Kb max_used=3156Kb free=117187Kb
 bounds [0x000001c3b19d0000, 0x000001c3b1cf0000, 0x000001c3b8f00000]
CodeHeap 'profiled nmethods': size=120000Kb used=11687Kb max_used=12528Kb free=108312Kb
 bounds [0x000001c3a9f00000, 0x000001c3aab50000, 0x000001c3b1430000]
CodeHeap 'non-nmethods': size=5760Kb used=1303Kb max_used=1387Kb free=4457Kb
 bounds [0x000001c3b1430000, 0x000001c3b16a0000, 0x000001c3b19d0000]
 total_blobs=6181 nmethods=5572 adapters=521
 compilation: enabled
              stopped_count=0, restarted_count=0
 full_count=0

Compilation events (20 events):
Event: 2.930 Thread 0x000001c3c5c9b510 nmethod 6473 0x000001c3aa298890 code [0x000001c3aa298aa0, 0x000001c3aa298fe8]
Event: 2.930 Thread 0x000001c3c5c9b510 6474       3       org.jetbrains.kotlin.types.DisjointKeysUnionTypeSubstitution::create (9 bytes)
Event: 2.930 Thread 0x000001c3c5c9b510 nmethod 6474 0x000001c3aa294610 code [0x000001c3aa2947a0, 0x000001c3aa2948c8]
Event: 2.930 Thread 0x000001c3c5c9b510 6475       3       org.jetbrains.kotlin.types.DisjointKeysUnionTypeSubstitution$Companion::create (44 bytes)
Event: 2.930 Thread 0x000001c3c5c9b510 nmethod 6475 0x000001c3aa297010 code [0x000001c3aa297300, 0x000001c3aa298278]
Event: 2.931 Thread 0x000001c3c5c9b510 6476       3       org.jetbrains.kotlin.descriptors.impl.AbstractClassDescriptor::<init> (80 bytes)
Event: 2.931 Thread 0x000001c3c5c9b510 nmethod 6476 0x000001c3a9f5b690 code [0x000001c3a9f5b8e0, 0x000001c3a9f5c408]
Event: 2.931 Thread 0x000001c3c5c9b510 6477       3       org.jetbrains.kotlin.types.AbstractClassTypeConstructor::<init> (14 bytes)
Event: 2.931 Thread 0x000001c3c5c9b510 nmethod 6477 0x000001c3aa7ab290 code [0x000001c3aa7ab440, 0x000001c3aa7ab5f8]
Event: 2.931 Thread 0x000001c3c5c9b510 6478       1       org.jetbrains.kotlin.load.java.structure.impl.classFiles.BinaryJavaMethodBase::getTypeParameters (5 bytes)
Event: 2.931 Thread 0x000001c3c5c9b510 nmethod 6478 0x000001c3b1b5a410 code [0x000001c3b1b5a5a0, 0x000001c3b1b5a678]
Event: 2.931 Thread 0x000001c3c5c9b510 6482       1       org.jetbrains.kotlin.load.java.structure.impl.classFiles.BinaryJavaField::getAnnotations (5 bytes)
Event: 2.931 Thread 0x000001c3c5c9b510 nmethod 6482 0x000001c3b1b59e90 code [0x000001c3b1b5a020, 0x000001c3b1b5a0f8]
Event: 2.931 Thread 0x000001c3c5c9b510 6479       1       javaslang.collection.HashArrayMappedTrieModule$IndexedNode::isEmpty (2 bytes)
Event: 2.931 Thread 0x000001c3c5c9b510 nmethod 6479 0x000001c3b1c3fb90 code [0x000001c3b1c3fd20, 0x000001c3b1c3fdf8]
Event: 2.931 Thread 0x000001c3c5c9b510 6483       2       org.jetbrains.kotlin.types.FlexibleType::getArguments (8 bytes)
Event: 2.931 Thread 0x000001c3c5c9b510 nmethod 6483 0x000001c3aa56fd10 code [0x000001c3aa56fec0, 0x000001c3aa570018]
Event: 2.932 Thread 0x000001c3c5c9b510 6484       1       org.jetbrains.kotlin.load.java.lazy.descriptors.LazyJavaScope$MethodSignatureData::getReceiverType (5 bytes)
Event: 2.933 Thread 0x000001c3c5c9b510 nmethod 6484 0x000001c3b1c3f890 code [0x000001c3b1c3fa20, 0x000001c3b1c3faf8]
Event: 2.933 Thread 0x000001c3c5c9b510 6485       2       org.jetbrains.kotlin.load.java.typeEnhancement.JavaTypeEnhancement::enhanceInflexible (1030 bytes)

GC Heap History (20 events):
Event: 0.834 GC heap before
{Heap before GC invocations=4 (full 0):
 garbage-first heap   total 55296K, used 37876K [0x0000000704a00000, 0x0000000800000000)
  region size 2048K, 16 young (32768K), 4 survivors (8192K)
 Metaspace       used 28592K, committed 28800K, reserved 1081344K
  class space    used 3147K, committed 3264K, reserved 1048576K
}
Event: 0.838 GC heap after
{Heap after GC invocations=5 (full 0):
 garbage-first heap   total 55296K, used 17163K [0x0000000704a00000, 0x0000000800000000)
  region size 2048K, 5 young (10240K), 5 survivors (10240K)
 Metaspace       used 28592K, committed 28800K, reserved 1081344K
  class space    used 3147K, committed 3264K, reserved 1048576K
}
Event: 0.854 GC heap before
{Heap before GC invocations=5 (full 0):
 garbage-first heap   total 55296K, used 19211K [0x0000000704a00000, 0x0000000800000000)
  region size 2048K, 6 young (12288K), 5 survivors (10240K)
 Metaspace       used 29164K, committed 29376K, reserved 1081344K
  class space    used 3248K, committed 3328K, reserved 1048576K
}
Event: 0.858 GC heap after
{Heap after GC invocations=6 (full 0):
 garbage-first heap   total 55296K, used 18527K [0x0000000704a00000, 0x0000000800000000)
  region size 2048K, 1 young (2048K), 1 survivors (2048K)
 Metaspace       used 29164K, committed 29376K, reserved 1081344K
  class space    used 3248K, committed 3328K, reserved 1048576K
}
Event: 1.046 GC heap before
{Heap before GC invocations=6 (full 0):
 garbage-first heap   total 55296K, used 36959K [0x0000000704a00000, 0x0000000800000000)
  region size 2048K, 11 young (22528K), 1 survivors (2048K)
 Metaspace       used 32668K, committed 32960K, reserved 1081344K
  class space    used 3975K, committed 4096K, reserved 1048576K
}
Event: 1.051 GC heap after
{Heap after GC invocations=7 (full 0):
 garbage-first heap   total 55296K, used 21040K [0x0000000704a00000, 0x0000000800000000)
  region size 2048K, 2 young (4096K), 2 survivors (4096K)
 Metaspace       used 32668K, committed 32960K, reserved 1081344K
  class space    used 3975K, committed 4096K, reserved 1048576K
}
Event: 1.207 GC heap before
{Heap before GC invocations=7 (full 0):
 garbage-first heap   total 55296K, used 41520K [0x0000000704a00000, 0x0000000800000000)
  region size 2048K, 11 young (22528K), 2 survivors (4096K)
 Metaspace       used 35304K, committed 35584K, reserved 1081344K
  class space    used 4492K, committed 4608K, reserved 1048576K
}
Event: 1.214 GC heap after
{Heap after GC invocations=8 (full 0):
 garbage-first heap   total 157696K, used 26826K [0x0000000704a00000, 0x0000000800000000)
  region size 2048K, 2 young (4096K), 2 survivors (4096K)
 Metaspace       used 35304K, committed 35584K, reserved 1081344K
  class space    used 4492K, committed 4608K, reserved 1048576K
}
Event: 1.228 GC heap before
{Heap before GC invocations=8 (full 0):
 garbage-first heap   total 157696K, used 26826K [0x0000000704a00000, 0x0000000800000000)
  region size 2048K, 3 young (6144K), 2 survivors (4096K)
 Metaspace       used 35795K, committed 35968K, reserved 1081344K
  class space    used 4542K, committed 4608K, reserved 1048576K
}
Event: 1.230 GC heap after
{Heap after GC invocations=9 (full 0):
 garbage-first heap   total 157696K, used 26914K [0x0000000704a00000, 0x0000000800000000)
  region size 2048K, 2 young (4096K), 2 survivors (4096K)
 Metaspace       used 35795K, committed 35968K, reserved 1081344K
  class space    used 4542K, committed 4608K, reserved 1048576K
}
Event: 1.762 GC heap before
{Heap before GC invocations=10 (full 0):
 garbage-first heap   total 102400K, used 84258K [0x0000000704a00000, 0x0000000800000000)
  region size 2048K, 30 young (61440K), 2 survivors (4096K)
 Metaspace       used 47019K, committed 47232K, reserved 1097728K
  class space    used 5712K, committed 5824K, reserved 1048576K
}
Event: 1.772 GC heap after
{Heap after GC invocations=11 (full 0):
 garbage-first heap   total 102400K, used 31157K [0x0000000704a00000, 0x0000000800000000)
  region size 2048K, 4 young (8192K), 4 survivors (8192K)
 Metaspace       used 47019K, committed 47232K, reserved 1097728K
  class space    used 5712K, committed 5824K, reserved 1048576K
}
Event: 1.798 GC heap before
{Heap before GC invocations=11 (full 0):
 garbage-first heap   total 102400K, used 31157K [0x0000000704a00000, 0x0000000800000000)
  region size 2048K, 5 young (10240K), 4 survivors (8192K)
 Metaspace       used 47653K, committed 47936K, reserved 1097728K
  class space    used 5824K, committed 5952K, reserved 1048576K
}
Event: 1.804 GC heap after
{Heap after GC invocations=12 (full 0):
 garbage-first heap   total 102400K, used 32598K [0x0000000704a00000, 0x0000000800000000)
  region size 2048K, 1 young (2048K), 1 survivors (2048K)
 Metaspace       used 47653K, committed 47936K, reserved 1097728K
  class space    used 5824K, committed 5952K, reserved 1048576K
}
Event: 2.030 GC heap before
{Heap before GC invocations=12 (full 0):
 garbage-first heap   total 102400K, used 73558K [0x0000000704a00000, 0x0000000800000000)
  region size 2048K, 20 young (40960K), 1 survivors (2048K)
 Metaspace       used 50644K, committed 50880K, reserved 1097728K
  class space    used 6151K, committed 6272K, reserved 1048576K
}
Event: 2.035 GC heap after
{Heap after GC invocations=13 (full 0):
 garbage-first heap   total 102400K, used 36394K [0x0000000704a00000, 0x0000000800000000)
  region size 2048K, 2 young (4096K), 2 survivors (4096K)
 Metaspace       used 50644K, committed 50880K, reserved 1097728K
  class space    used 6151K, committed 6272K, reserved 1048576K
}
Event: 2.452 GC heap before
{Heap before GC invocations=14 (full 0):
 garbage-first heap   total 102400K, used 75306K [0x0000000704a00000, 0x0000000800000000)
  region size 2048K, 21 young (43008K), 2 survivors (4096K)
 Metaspace       used 55186K, committed 55552K, reserved 1097728K
  class space    used 6618K, committed 6784K, reserved 1048576K
}
Event: 2.465 GC heap after
{Heap after GC invocations=15 (full 0):
 garbage-first heap   total 102400K, used 42947K [0x0000000704a00000, 0x0000000800000000)
  region size 2048K, 3 young (6144K), 3 survivors (6144K)
 Metaspace       used 55186K, committed 55552K, reserved 1097728K
  class space    used 6618K, committed 6784K, reserved 1048576K
}
Event: 2.895 GC heap before
{Heap before GC invocations=15 (full 0):
 garbage-first heap   total 102400K, used 77763K [0x0000000704a00000, 0x0000000800000000)
  region size 2048K, 20 young (40960K), 3 survivors (6144K)
 Metaspace       used 58330K, committed 58624K, reserved 1105920K
  class space    used 6905K, committed 7040K, reserved 1048576K
}
Event: 2.909 GC heap after
{Heap after GC invocations=16 (full 0):
 garbage-first heap   total 186368K, used 50922K [0x0000000704a00000, 0x0000000800000000)
  region size 2048K, 3 young (6144K), 3 survivors (6144K)
 Metaspace       used 58330K, committed 58624K, reserved 1105920K
  class space    used 6905K, committed 7040K, reserved 1048576K
}

Dll operation events (2 events):
Event: 0.004 Loaded shared library C:\Program Files\Android\Android Studio\jbr\bin\java.dll
Event: 0.530 Loaded shared library C:\Program Files\Android\Android Studio\jbr\bin\verify.dll

Deoptimization events (20 events):
Event: 2.778 Thread 0x000001c3a6a36b00 DEOPT PACKING pc=0x000001c3b19fa918 sp=0x00000021300fac50
Event: 2.778 Thread 0x000001c3a6a36b00 DEOPT UNPACKING pc=0x000001c3b148a1a3 sp=0x00000021300fab80 mode 2
Event: 2.794 Thread 0x000001c3a6a36b00 DEOPT PACKING pc=0x000001c3aa3a91e4 sp=0x00000021300fa840
Event: 2.794 Thread 0x000001c3a6a36b00 DEOPT UNPACKING pc=0x000001c3b148ace3 sp=0x00000021300f9cd0 mode 0
Event: 2.795 Thread 0x000001c3a6a36b00 Uncommon trap: trap_request=0xffffff45 fr.pc=0x000001c3b1ca0cc8 relative=0x0000000000005408
Event: 2.795 Thread 0x000001c3a6a36b00 Uncommon trap: reason=unstable_if action=reinterpret pc=0x000001c3b1ca0cc8 method=org.jetbrains.kotlin.com.intellij.psi.impl.source.tree.JavaASTFactory.createLeaf(Lorg/jetbrains/kotlin/com/intellij/psi/tree/IElementType;Ljava/lang/CharSequence;)Lorg/jetbr
Event: 2.795 Thread 0x000001c3a6a36b00 DEOPT PACKING pc=0x000001c3b1ca0cc8 sp=0x00000021300fa990
Event: 2.795 Thread 0x000001c3a6a36b00 DEOPT UNPACKING pc=0x000001c3b148a1a3 sp=0x00000021300fa8e0 mode 2
Event: 2.797 Thread 0x000001c3a6a36b00 Uncommon trap: trap_request=0xffffffc6 fr.pc=0x000001c3b19fa918 relative=0x0000000000000238
Event: 2.797 Thread 0x000001c3a6a36b00 Uncommon trap: reason=bimorphic_or_optimized_type_check action=maybe_recompile pc=0x000001c3b19fa918 method=org.jetbrains.kotlin.com.intellij.psi.impl.source.tree.CompositeElement.walkCachingLength()I @ 17 c2
Event: 2.797 Thread 0x000001c3a6a36b00 DEOPT PACKING pc=0x000001c3b19fa918 sp=0x00000021300fac50
Event: 2.797 Thread 0x000001c3a6a36b00 DEOPT UNPACKING pc=0x000001c3b148a1a3 sp=0x00000021300fab80 mode 2
Event: 2.813 Thread 0x000001c3a6a36b00 DEOPT PACKING pc=0x000001c3aa3a15da sp=0x00000021300fa920
Event: 2.813 Thread 0x000001c3a6a36b00 DEOPT UNPACKING pc=0x000001c3b148ace3 sp=0x00000021300f9e10 mode 0
Event: 2.821 Thread 0x000001c3a6a36b00 DEOPT PACKING pc=0x000001c3aa3a91e4 sp=0x00000021300fa840
Event: 2.821 Thread 0x000001c3a6a36b00 DEOPT UNPACKING pc=0x000001c3b148ace3 sp=0x00000021300f9cd0 mode 0
Event: 2.822 Thread 0x000001c3a6a36b00 DEOPT PACKING pc=0x000001c3aa3a15da sp=0x00000021300fa920
Event: 2.822 Thread 0x000001c3a6a36b00 DEOPT UNPACKING pc=0x000001c3b148ace3 sp=0x00000021300f9e10 mode 0
Event: 2.912 Thread 0x000001c3a6a36b00 DEOPT PACKING pc=0x000001c3aa6914d1 sp=0x00000021300fb230
Event: 2.912 Thread 0x000001c3a6a36b00 DEOPT UNPACKING pc=0x000001c3b148ace3 sp=0x00000021300fa7b0 mode 0

Classes unloaded (0 events):
No events

Classes redefined (0 events):
No events

Internal exceptions (20 events):
Event: 0.874 Thread 0x000001c3a6a36b00 Exception <a 'java/lang/NoSuchMethodError'{0x00000007145f4cd0}: 'void java.lang.invoke.DirectMethodHandle$Holder.invokeVirtual(java.lang.Object, java.lang.Object)'> (0x00000007145f4cd0) 
thrown [s\src\hotspot\share\interpreter\linkResolver.cpp, line 771]
Event: 0.879 Thread 0x000001c3a6a36b00 Exception <a 'java/lang/NoSuchMethodError'{0x0000000713a8bfb8}: 'int java.lang.invoke.DirectMethodHandle$Holder.invokeVirtual(java.lang.Object, java.lang.Object)'> (0x0000000713a8bfb8) 
thrown [s\src\hotspot\share\interpreter\linkResolver.cpp, line 771]
Event: 0.887 Thread 0x000001c3a6a36b00 Exception <a 'java/lang/NoSuchMethodError'{0x0000000713b32ef8}: 'java.lang.Object java.lang.invoke.Invokers$Holder.invokeExact_MT(java.lang.Object, java.lang.Object, java.lang.Object, java.lang.Object, java.lang.Object, java.lang.Object)'> (0x0000000713b32ef8) 
thrown [s\src\hotspot\share\interpreter\linkResolver.cpp, line 771]
Event: 1.297 Thread 0x000001c3a6a36b00 Exception <a 'java/lang/NoSuchMethodError'{0x000000070a016570}: 'java.lang.Object java.lang.invoke.DirectMethodHandle$Holder.invokeVirtual(java.lang.Object, java.lang.Object, java.lang.Object)'> (0x000000070a016570) 
thrown [s\src\hotspot\share\interpreter\linkResolver.cpp, line 771]
Event: 1.603 Thread 0x000001c3a6a36b00 Exception <a 'java/lang/NoSuchMethodError'{0x0000000707af3b00}: 'java.lang.Object java.lang.invoke.DirectMethodHandle$Holder.newInvokeSpecial(java.lang.Object, java.lang.Object, int)'> (0x0000000707af3b00) 
thrown [s\src\hotspot\share\interpreter\linkResolver.cpp, line 771]
Event: 1.623 Thread 0x000001c3a6a36b00 Exception <a 'java/lang/NoSuchMethodError'{0x0000000707852ba0}: 'java.lang.Object java.lang.invoke.DirectMethodHandle$Holder.invokeInterface(java.lang.Object, java.lang.Object)'> (0x0000000707852ba0) 
thrown [s\src\hotspot\share\interpreter\linkResolver.cpp, line 771]
Event: 1.749 Thread 0x000001c3a6a36b00 Exception <a 'java/lang/NoSuchMethodError'{0x0000000707304c78}: 'java.lang.Object java.lang.invoke.DirectMethodHandle$Holder.newInvokeSpecial(java.lang.Object, java.lang.Object, java.lang.Object, int)'> (0x0000000707304c78) 
thrown [s\src\hotspot\share\interpreter\linkResolver.cpp, line 771]
Event: 1.749 Thread 0x000001c3a6a36b00 Exception <a 'java/lang/NoSuchMethodError'{0x0000000707309300}: 'java.lang.Object java.lang.invoke.DirectMethodHandle$Holder.invokeSpecial(java.lang.Object, java.lang.Object, java.lang.Object, java.lang.Object, int)'> (0x0000000707309300) 
thrown [s\src\hotspot\share\interpreter\linkResolver.cpp, line 771]
Event: 1.749 Thread 0x000001c3a6a36b00 Exception <a 'java/lang/NoSuchMethodError'{0x000000070730d170}: 'java.lang.Object java.lang.invoke.Invokers$Holder.linkToTargetMethod(java.lang.Object, java.lang.Object, int, java.lang.Object)'> (0x000000070730d170) 
thrown [s\src\hotspot\share\interpreter\linkResolver.cpp, line 771]
Event: 2.288 Thread 0x000001c3a6a36b00 Implicit null exception at 0x000001c3b1c3f23d to 0x000001c3b1c3f780
Event: 2.288 Thread 0x000001c3a6a36b00 Implicit null exception at 0x000001c3b1c3aa8f to 0x000001c3b1c3aac0
Event: 2.414 Thread 0x000001c3a6a36b00 Implicit null exception at 0x000001c3b1a95e0b to 0x000001c3b1a9604c
Event: 2.414 Thread 0x000001c3a6a36b00 Implicit null exception at 0x000001c3b1a1a30f to 0x000001c3b1a1a568
Event: 2.415 Thread 0x000001c3a6a36b00 Implicit null exception at 0x000001c3b1a2618f to 0x000001c3b1a26209
Event: 2.593 Thread 0x000001c3a6a36b00 Exception <a 'java/lang/NoSuchMethodError'{0x000000070a01ce08}: 'java.lang.Object java.lang.invoke.DirectMethodHandle$Holder.newInvokeSpecial(java.lang.Object, java.lang.Object, java.lang.Object, java.lang.Object, java.lang.Object, java.lang.Object)'> (0x000000070a01ce08) 
thrown [s\src\hotspot\share\interpreter\linkResolver.cpp, line 771]
Event: 2.616 Thread 0x000001c3a6a36b00 Implicit null exception at 0x000001c3b1c0d6d0 to 0x000001c3b1c0dbe4
Event: 2.619 Thread 0x000001c3a6a36b00 Implicit null exception at 0x000001c3b1b598cc to 0x000001c3b1b599b4
Event: 2.629 Thread 0x000001c3a6a36b00 Exception <a 'java/lang/NoSuchMethodError'{0x0000000709f623b0}: 'java.lang.Object java.lang.invoke.DirectMethodHandle$Holder.newInvokeSpecial(java.lang.Object, java.lang.Object, java.lang.Object, java.lang.Object, java.lang.Object, java.lang.Object, java.lang.Object, java.lang.Object)'> (0x0000000709f623b0) 
thrown [s\src\hotspot\share\interpreter\linkResolver.cpp, line 771]
Event: 2.629 Thread 0x000001c3a6a36b00 Exception <a 'java/lang/NoSuchMethodError'{0x0000000709f679c8}: 'java.lang.Object java.lang.invoke.DirectMethodHandle$Holder.invokeSpecial(java.lang.Object, java.lang.Object, java.lang.Object, java.lang.Object, java.lang.Object, java.lang.Object, java.lang.Object, java.lang.Object, java.lang.Object)'> (0x0000000709f679c8) 
thrown [s\src\hotspot\share\interpreter\linkResolver.cpp, line 771]
Event: 2.629 Thread 0x000001c3a6a36b00 Exception <a 'java/lang/NoSuchMethodError'{0x0000000709f6c8f8}: 'java.lang.Object java.lang.invoke.Invokers$Holder.linkToTargetMethod(java.lang.Object, java.lang.Object, java.lang.Object, java.lang.Object, java.lang.Object, java.lang.Object, java.lang.Object, java.lang.Object)'> (0x0000000709f6c8f8) 
thrown [s\src\hotspot\share\interpreter\linkResolver.cpp, line 771]

VM Operations (20 events):
Event: 2.517 Executing VM operation: HandshakeAllThreads
Event: 2.517 Executing VM operation: HandshakeAllThreads done
Event: 2.601 Executing VM operation: HandshakeAllThreads
Event: 2.601 Executing VM operation: HandshakeAllThreads done
Event: 2.626 Executing VM operation: HandshakeAllThreads
Event: 2.626 Executing VM operation: HandshakeAllThreads done
Event: 2.635 Executing VM operation: ICBufferFull
Event: 2.635 Executing VM operation: ICBufferFull done
Event: 2.668 Executing VM operation: HandshakeAllThreads
Event: 2.668 Executing VM operation: HandshakeAllThreads done
Event: 2.699 Executing VM operation: HandshakeAllThreads
Event: 2.699 Executing VM operation: HandshakeAllThreads done
Event: 2.714 Executing VM operation: HandshakeAllThreads
Event: 2.714 Executing VM operation: HandshakeAllThreads done
Event: 2.726 Executing VM operation: ICBufferFull
Event: 2.726 Executing VM operation: ICBufferFull done
Event: 2.862 Executing VM operation: ICBufferFull
Event: 2.862 Executing VM operation: ICBufferFull done
Event: 2.895 Executing VM operation: G1CollectForAllocation
Event: 2.909 Executing VM operation: G1CollectForAllocation done

Events (20 events):
Event: 2.719 Thread 0x000001c3c5cb20b0 flushing nmethod 0x000001c3aa81bb10
Event: 2.719 Thread 0x000001c3c5cb20b0 flushing nmethod 0x000001c3aa832690
Event: 2.719 Thread 0x000001c3c5cb20b0 flushing nmethod 0x000001c3aa918890
Event: 2.720 Thread 0x000001c3c5cb20b0 flushing nmethod 0x000001c3aa967c90
Event: 2.720 Thread 0x000001c3c5cb20b0 flushing nmethod 0x000001c3aa96f510
Event: 2.720 Thread 0x000001c3c5cb20b0 flushing nmethod 0x000001c3aa97f610
Event: 2.720 Thread 0x000001c3c5cb20b0 flushing nmethod 0x000001c3aa990c10
Event: 2.720 Thread 0x000001c3c5cb20b0 flushing nmethod 0x000001c3aa990f90
Event: 2.720 Thread 0x000001c3c5cb20b0 flushing nmethod 0x000001c3aa992f10
Event: 2.720 Thread 0x000001c3c5cb20b0 flushing nmethod 0x000001c3aa9a3990
Event: 2.720 Thread 0x000001c3c5cb20b0 flushing nmethod 0x000001c3aa9b2d10
Event: 2.720 Thread 0x000001c3c5cb20b0 flushing nmethod 0x000001c3aa9bfc90
Event: 2.720 Thread 0x000001c3c5cb20b0 flushing nmethod 0x000001c3aa9cea10
Event: 2.720 Thread 0x000001c3c5cb20b0 flushing nmethod 0x000001c3aa9f4090
Event: 2.720 Thread 0x000001c3c5cb20b0 flushing nmethod 0x000001c3aaa17e10
Event: 2.720 Thread 0x000001c3c5cb20b0 flushing nmethod 0x000001c3aaa1b490
Event: 2.720 Thread 0x000001c3c5cb20b0 flushing nmethod 0x000001c3aaa2ca90
Event: 2.720 Thread 0x000001c3c5cb20b0 flushing nmethod 0x000001c3aaa30910
Event: 2.720 Thread 0x000001c3c5cb20b0 flushing nmethod 0x000001c3aaa3ef10
Event: 2.720 Thread 0x000001c3c5cb20b0 flushing nmethod 0x000001c3aaa40010


Dynamic libraries:
0x00007ff73d8d0000 - 0x00007ff73d8da000 	C:\Program Files\Android\Android Studio\jbr\bin\java.exe
0x00007ffeb1bd0000 - 0x00007ffeb1de4000 	C:\WINDOWS\SYSTEM32\ntdll.dll
0x00007ffeb0500000 - 0x00007ffeb05c4000 	C:\WINDOWS\System32\KERNEL32.DLL
0x00007ffeaf410000 - 0x00007ffeaf7b4000 	C:\WINDOWS\System32\KERNELBASE.dll
0x00007ffeaf2c0000 - 0x00007ffeaf3d1000 	C:\WINDOWS\System32\ucrtbase.dll
0x00007ffea6e10000 - 0x00007ffea6e27000 	C:\Program Files\Android\Android Studio\jbr\bin\jli.dll
0x00007ffea6e70000 - 0x00007ffea6e8b000 	C:\Program Files\Android\Android Studio\jbr\bin\VCRUNTIME140.dll
0x00007ffeb09d0000 - 0x00007ffeb0b7e000 	C:\WINDOWS\System32\USER32.dll
0x00007ffe900e0000 - 0x00007ffe90373000 	C:\WINDOWS\WinSxS\amd64_microsoft.windows.common-controls_6595b64144ccf1df_6.0.22621.2215_none_270d72677387dfc3\COMCTL32.dll
0x00007ffeaf3e0000 - 0x00007ffeaf406000 	C:\WINDOWS\System32\win32u.dll
0x00007ffeb0850000 - 0x00007ffeb08f7000 	C:\WINDOWS\System32\msvcrt.dll
0x00007ffeb1b60000 - 0x00007ffeb1b89000 	C:\WINDOWS\System32\GDI32.dll
0x00007ffeaf840000 - 0x00007ffeaf958000 	C:\WINDOWS\System32\gdi32full.dll
0x00007ffeaef80000 - 0x00007ffeaf01a000 	C:\WINDOWS\System32\msvcp_win.dll
0x00007ffeb04c0000 - 0x00007ffeb04f1000 	C:\WINDOWS\System32\IMM32.DLL
0x00007ffea6e00000 - 0x00007ffea6e0c000 	C:\Program Files\Android\Android Studio\jbr\bin\vcruntime140_1.dll
0x00007ffe923d0000 - 0x00007ffe9245d000 	C:\Program Files\Android\Android Studio\jbr\bin\msvcp140.dll
0x00007ffe2c530000 - 0x00007ffe2d19d000 	C:\Program Files\Android\Android Studio\jbr\bin\server\jvm.dll
0x00007ffeb0360000 - 0x00007ffeb0410000 	C:\WINDOWS\System32\ADVAPI32.dll
0x00007ffeaf960000 - 0x00007ffeafa06000 	C:\WINDOWS\System32\sechost.dll
0x00007ffeafb20000 - 0x00007ffeafc37000 	C:\WINDOWS\System32\RPCRT4.dll
0x00007ffea2fc0000 - 0x00007ffea2fc9000 	C:\WINDOWS\SYSTEM32\WSOCK32.dll
0x00007ffe9a110000 - 0x00007ffe9a144000 	C:\WINDOWS\SYSTEM32\WINMM.dll
0x00007ffea4360000 - 0x00007ffea436a000 	C:\WINDOWS\SYSTEM32\VERSION.dll
0x00007ffeb0dc0000 - 0x00007ffeb0e31000 	C:\WINDOWS\System32\WS2_32.dll
0x00007ffeae070000 - 0x00007ffeae088000 	C:\WINDOWS\SYSTEM32\kernel.appcore.dll
0x00007ffea2fb0000 - 0x00007ffea2fba000 	C:\Program Files\Android\Android Studio\jbr\bin\jimage.dll
0x00007ffeac940000 - 0x00007ffeacb6e000 	C:\WINDOWS\SYSTEM32\DBGHELP.DLL
0x00007ffeb1670000 - 0x00007ffeb19fa000 	C:\WINDOWS\System32\combase.dll
0x00007ffeb0280000 - 0x00007ffeb0357000 	C:\WINDOWS\System32\OLEAUT32.dll
0x00007ffe96b70000 - 0x00007ffe96ba2000 	C:\WINDOWS\SYSTEM32\dbgcore.DLL
0x00007ffeaf7c0000 - 0x00007ffeaf83a000 	C:\WINDOWS\System32\bcryptPrimitives.dll
0x00007ffe9d910000 - 0x00007ffe9d935000 	C:\Program Files\Android\Android Studio\jbr\bin\java.dll
0x00007ffe99970000 - 0x00007ffe99988000 	C:\Program Files\Android\Android Studio\jbr\bin\zip.dll
0x00007ffeb0e40000 - 0x00007ffeb1663000 	C:\WINDOWS\System32\SHELL32.dll
0x00007ffeacf10000 - 0x00007ffead7fa000 	C:\WINDOWS\SYSTEM32\windows.storage.dll
0x00007ffeacdd0000 - 0x00007ffeacf0e000 	C:\WINDOWS\SYSTEM32\wintypes.dll
0x00007ffeb1a60000 - 0x00007ffeb1b53000 	C:\WINDOWS\System32\SHCORE.dll
0x00007ffeafa10000 - 0x00007ffeafa6e000 	C:\WINDOWS\System32\shlwapi.dll
0x00007ffeaeeb0000 - 0x00007ffeaeed6000 	C:\WINDOWS\SYSTEM32\profapi.dll
0x00007ffe99950000 - 0x00007ffe99969000 	C:\Program Files\Android\Android Studio\jbr\bin\net.dll
0x00007ffea6bb0000 - 0x00007ffea6ce7000 	C:\WINDOWS\SYSTEM32\WINHTTP.dll
0x00007ffeae540000 - 0x00007ffeae5a9000 	C:\WINDOWS\system32\mswsock.dll
0x00007ffe99930000 - 0x00007ffe99946000 	C:\Program Files\Android\Android Studio\jbr\bin\nio.dll
0x00007ffe9cb70000 - 0x00007ffe9cb80000 	C:\Program Files\Android\Android Studio\jbr\bin\verify.dll

dbghelp: loaded successfully - version: 4.0.5 - missing functions: none
symbol engine: initialized successfully - sym options: 0x614 - pdb path: .;C:\Program Files\Android\Android Studio\jbr\bin;C:\WINDOWS\SYSTEM32;C:\WINDOWS\WinSxS\amd64_microsoft.windows.common-controls_6595b64144ccf1df_6.0.22621.2215_none_270d72677387dfc3;C:\Program Files\Android\Android Studio\jbr\bin\server

VM Arguments:
java_command: org.jetbrains.kotlin.cli.jvm.K2JVMCompiler @D:\KLDA\testMovie\app\build\20231011_16826125141970434370.compiler.options
java_class_path (initial): C:\Users\admin\.gradle\caches\modules-2\files-2.1\org.jetbrains.kotlin\kotlin-compiler-embeddable\1.7.20\8db18559a581dd2c36ddfd5046af145650f5b126\kotlin-compiler-embeddable-1.7.20.jar;C:\Users\admin\.gradle\caches\modules-2\files-2.1\org.jetbrains.kotlin\kotlin-reflect\1.7.20\12b2501e33bb6373e8e347c86d85481863629381\kotlin-reflect-1.7.20.jar;C:\Users\admin\.gradle\caches\modules-2\files-2.1\org.jetbrains.kotlin\kotlin-stdlib\1.7.20\726594ea9ba2beb2ee113647fefa9a10f9fabe52\kotlin-stdlib-1.7.20.jar;C:\Users\admin\.gradle\caches\modules-2\files-2.1\org.jetbrains.kotlin\kotlin-script-runtime\1.7.20\bcd1cc6f865e632550357fcc59f5ffd532615a8\kotlin-script-runtime-1.7.20.jar;C:\Users\admin\.gradle\caches\modules-2\files-2.1\org.jetbrains.kotlin\kotlin-daemon-embeddable\1.7.20\1e24355adad8d529d75d5b19eab55484057431ba\kotlin-daemon-embeddable-1.7.20.jar;C:\Users\admin\.gradle\caches\modules-2\files-2.1\org.jetbrains.intellij.deps\trove4j\1.0.20200330\3afb14d5f9ceb459d724e907a21145e8ff394f02\trove4j-1.0.20200330.jar;C:\Users\admin\.gradle\caches\modules-2\files-2.1\net.java.dev.jna\jna\5.6.0\330f2244e9030119ab3030fc3fededc86713d9cc\jna-5.6.0.jar;C:\Users\admin\.gradle\caches\modules-2\files-2.1\org.jetbrains.kotlin\kotlin-stdlib-common\1.7.20\e15351bdaf9fa06f009be5da7a202e4184f00ae3\kotlin-stdlib-common-1.7.20.jar;C:\Users\admin\.gradle\caches\modules-2\files-2.1\org.jetbrains\annotations\13.0\919f0dfe192fb4e063e7dacadee7f8bb9a2672a9\annotations-13.0.jar
Launcher Type: SUN_STANDARD

[Global flags]
     intx CICompilerCount                          = 4                                         {product} {ergonomic}
     uint ConcGCThreads                            = 2                                         {product} {ergonomic}
     uint G1ConcRefinementThreads                  = 8                                         {product} {ergonomic}
   size_t G1HeapRegionSize                         = 2097152                                   {product} {ergonomic}
    uintx GCDrainStackTargetSize                   = 64                                        {product} {ergonomic}
   size_t InitialHeapSize                          = 264241152                                 {product} {ergonomic}
   size_t MarkStackSize                            = 4194304                                   {product} {ergonomic}
   size_t MaxHeapSize                              = 4217372672                                {product} {ergonomic}
   size_t MaxNewSize                               = 2529165312                                {product} {ergonomic}
   size_t MinHeapDeltaBytes                        = 2097152                                   {product} {ergonomic}
   size_t MinHeapSize                              = 8388608                                   {product} {ergonomic}
    uintx NonNMethodCodeHeapSize                   = 5839372                                {pd product} {ergonomic}
    uintx NonProfiledCodeHeapSize                  = 122909434                              {pd product} {ergonomic}
    uintx ProfiledCodeHeapSize                     = 122909434                              {pd product} {ergonomic}
    uintx ReservedCodeCacheSize                    = 251658240                              {pd product} {ergonomic}
     bool SegmentedCodeCache                       = true                                      {product} {ergonomic}
   size_t SoftMaxHeapSize                          = 4217372672                             {manageable} {ergonomic}
     bool UseCompressedClassPointers               = true                           {product lp64_product} {ergonomic}
     bool UseCompressedOops                        = true                           {product lp64_product} {ergonomic}
     bool UseG1GC                                  = true                                      {product} {ergonomic}
     bool UseLargePagesIndividualAllocation        = false                                  {pd product} {ergonomic}

Logging:
Log output configuration:
 #0: stdout all=warning uptime,level,tags
 #1: stderr all=off uptime,level,tags

Environment Variables:
PATH=C:\Program Files\Common Files\Oracle\Java\javapath;C:\Program Files (x86)\Common Files\Oracle\Java\javapath;C:\WINDOWS\system32;C:\WINDOWS;C:\WINDOWS\System32\Wbem;C:\WINDOWS\System32\WindowsPowerShell\v1.0\;C:\WINDOWS\System32\OpenSSH\;C:\Program Files\Git\cmd;C:\ProgramData\chocolatey\bin;C:\Users\admin\AppData\Roaming\nvm;C:\Program Files\nodejs;C:\Program Files\Cloudflare\Cloudflare WARP\;C:\Users\admin\AppData\Local\Programs\Python\Python311\Scripts\;C:\Users\admin\AppData\Local\Programs\Python\Python311\;C:\Users\admin\AppData\Local\Microsoft\WindowsApps;D:\Microsoft VS Code\bin;C:\Users\admin\AppData\Roaming\nvm;C:\Program Files\nodejs
USERNAME=admin
OS=Windows_NT
PROCESSOR_IDENTIFIER=Intel64 Family 6 Model 140 Stepping 2, GenuineIntel
TMP=C:\Users\admin\AppData\Local\Temp
TEMP=C:\Users\admin\AppData\Local\Temp



---------------  S Y S T E M  ---------------

OS:
 Windows 11 , 64 bit Build 22621 (10.0.22621.2215)
OS uptime: 0 days 4:56 hours

CPU: total 8 (initial active 8) (4 cores per cpu, 2 threads per core) family 6 model 140 stepping 2 microcode 0x16, cx8, cmov, fxsr, ht, mmx, 3dnowpref, sse, sse2, sse3, ssse3, sse4.1, sse4.2, popcnt, lzcnt, tsc, tscinvbit, avx, avx2, aes, erms, clmul, bmi1, bmi2, adx, avx512f, avx512dq, avx512cd, avx512bw, avx512vl, sha, fma, vzeroupper, avx512_vpopcntdq, avx512_vpclmulqdq, avx512_vaes, avx512_vnni, clflush, clflushopt, clwb, avx512_vbmi2, avx512_vbmi

Memory: 4k page, system-wide physical 16086M (502M free)
TotalPageFile size 37588M (AvailPageFile size 6M)
current process WorkingSet (physical memory assigned to process): 280M, peak: 283M
current process commit charge ("private bytes"): 402M, peak: 405M

vm_info: OpenJDK 64-Bit Server VM (17.0.6+0-b2043.56-9586694) for windows-amd64 JRE (17.0.6+0-b2043.56-9586694), built on Feb  9 2023 20:06:20 by "androidbuild" with MS VC++ 16.10 / 16.11 (VS2019)

END.
